[0.728s] DEBUG:colcon:Command line arguments: ['/usr/bin/colcon', 'build']
[0.729s] DEBUG:colcon:Parsed command line arguments: Namespace(log_base=None, log_level=None, verb_name='build', build_base='build', install_base='install', merge_install=False, symlink_install=False, test_result_base=None, continue_on_error=False, executor='parallel', parallel_workers=8, event_handlers=None, ignore_user_meta=False, metas=['./colcon.meta'], base_paths=['.'], packages_ignore=None, packages_ignore_regex=None, paths=None, packages_up_to=None, packages_up_to_regex=None, packages_above=None, packages_above_and_dependencies=None, packages_above_depth=None, packages_select_by_dep=None, packages_skip_by_dep=None, packages_skip_up_to=None, packages_select_build_failed=False, packages_skip_build_finished=False, packages_select_test_failures=False, packages_skip_test_passed=False, packages_select=None, packages_skip=None, packages_select_regex=None, packages_skip_regex=None, packages_start=None, packages_end=None, allow_overriding=[], cmake_args=None, cmake_target=None, cmake_target_skip_unavailable=False, cmake_clean_cache=False, cmake_clean_first=False, cmake_force_configure=False, ament_cmake_args=None, catkin_cmake_args=None, catkin_skip_building_tests=False, verb_parser=<colcon_defaults.argument_parser.defaults.DefaultArgumentsDecorator object at 0xffff90c9bd00>, verb_extension=<colcon_core.verb.build.BuildVerb object at 0xffff90c9b7f0>, main=<bound method BuildVerb.main of <colcon_core.verb.build.BuildVerb object at 0xffff90c9b7f0>>)
[2.017s] Level 1:colcon.colcon_core.package_discovery:discover_packages(colcon_meta) check parameters
[2.018s] Level 1:colcon.colcon_core.package_discovery:discover_packages(recursive) check parameters
[2.018s] Level 1:colcon.colcon_core.package_discovery:discover_packages(ignore) check parameters
[2.019s] Level 1:colcon.colcon_core.package_discovery:discover_packages(path) check parameters
[2.019s] Level 1:colcon.colcon_core.package_discovery:discover_packages(colcon_meta) discover
[2.019s] Level 1:colcon.colcon_core.package_discovery:discover_packages(recursive) discover
[2.019s] INFO:colcon.colcon_core.package_discovery:Crawling recursively for packages in '/home/sunrise/jianye_dev/rplidar_ws'
[2.020s] Level 1:colcon.colcon_core.package_identification:_identify(.) by extensions ['ignore', 'ignore_ament_install']
[2.020s] Level 1:colcon.colcon_core.package_identification:_identify(.) by extension 'ignore'
[2.021s] Level 1:colcon.colcon_core.package_identification:_identify(.) by extension 'ignore_ament_install'
[2.021s] Level 1:colcon.colcon_core.package_identification:_identify(.) by extensions ['colcon_pkg']
[2.021s] Level 1:colcon.colcon_core.package_identification:_identify(.) by extension 'colcon_pkg'
[2.021s] Level 1:colcon.colcon_core.package_identification:_identify(.) by extensions ['colcon_meta']
[2.022s] Level 1:colcon.colcon_core.package_identification:_identify(.) by extension 'colcon_meta'
[2.022s] Level 1:colcon.colcon_core.package_identification:_identify(.) by extensions ['ros']
[2.022s] Level 1:colcon.colcon_core.package_identification:_identify(.) by extension 'ros'
[2.101s] Level 1:colcon.colcon_core.package_identification:_identify(.) by extensions ['cmake', 'python']
[2.101s] Level 1:colcon.colcon_core.package_identification:_identify(.) by extension 'cmake'
[2.102s] Level 1:colcon.colcon_core.package_identification:_identify(.) by extension 'python'
[2.102s] Level 1:colcon.colcon_core.package_identification:_identify(.) by extensions ['python_setup_py']
[2.102s] Level 1:colcon.colcon_core.package_identification:_identify(.) by extension 'python_setup_py'
[2.103s] Level 1:colcon.colcon_core.package_identification:_identify(build) by extensions ['ignore', 'ignore_ament_install']
[2.103s] Level 1:colcon.colcon_core.package_identification:_identify(build) by extension 'ignore'
[2.104s] Level 1:colcon.colcon_core.package_identification:_identify(build) ignored
[2.104s] Level 1:colcon.colcon_core.package_identification:_identify(install) by extensions ['ignore', 'ignore_ament_install']
[2.105s] Level 1:colcon.colcon_core.package_identification:_identify(install) by extension 'ignore'
[2.105s] Level 1:colcon.colcon_core.package_identification:_identify(install) ignored
[2.105s] Level 1:colcon.colcon_core.package_identification:_identify(log) by extensions ['ignore', 'ignore_ament_install']
[2.106s] Level 1:colcon.colcon_core.package_identification:_identify(log) by extension 'ignore'
[2.106s] Level 1:colcon.colcon_core.package_identification:_identify(log) ignored
[2.107s] Level 1:colcon.colcon_core.package_identification:_identify(rplidar_ros-dev-ros2) by extensions ['ignore', 'ignore_ament_install']
[2.107s] Level 1:colcon.colcon_core.package_identification:_identify(rplidar_ros-dev-ros2) by extension 'ignore'
[2.107s] Level 1:colcon.colcon_core.package_identification:_identify(rplidar_ros-dev-ros2) by extension 'ignore_ament_install'
[2.108s] Level 1:colcon.colcon_core.package_identification:_identify(rplidar_ros-dev-ros2) by extensions ['colcon_pkg']
[2.108s] Level 1:colcon.colcon_core.package_identification:_identify(rplidar_ros-dev-ros2) by extension 'colcon_pkg'
[2.108s] Level 1:colcon.colcon_core.package_identification:_identify(rplidar_ros-dev-ros2) by extensions ['colcon_meta']
[2.108s] Level 1:colcon.colcon_core.package_identification:_identify(rplidar_ros-dev-ros2) by extension 'colcon_meta'
[2.109s] Level 1:colcon.colcon_core.package_identification:_identify(rplidar_ros-dev-ros2) by extensions ['ros']
[2.109s] Level 1:colcon.colcon_core.package_identification:_identify(rplidar_ros-dev-ros2) by extension 'ros'
[2.125s] DEBUG:colcon.colcon_core.package_identification:Package 'rplidar_ros-dev-ros2' with type 'ros.ament_cmake' and name 'rplidar_ros'
[2.126s] Level 1:colcon.colcon_core.package_discovery:discover_packages(recursive) using defaults
[2.126s] Level 1:colcon.colcon_core.package_discovery:discover_packages(ignore) discover
[2.126s] Level 1:colcon.colcon_core.package_discovery:discover_packages(ignore) using defaults
[2.126s] Level 1:colcon.colcon_core.package_discovery:discover_packages(path) discover
[2.127s] Level 1:colcon.colcon_core.package_discovery:discover_packages(path) using defaults
[2.252s] Level 1:colcon.colcon_core.package_discovery:discover_packages(prefix_path) check parameters
[2.253s] Level 1:colcon.colcon_core.package_discovery:discover_packages(prefix_path) discover
[2.272s] DEBUG:colcon.colcon_installed_package_information.package_discovery:Found 11 installed packages in /userdata/dev_ws/install
[2.276s] DEBUG:colcon.colcon_installed_package_information.package_discovery:Found 1 installed packages in /home/sunrise/jianye_dev/rplidar_ws/install
[2.279s] DEBUG:colcon.colcon_installed_package_information.package_discovery:Found 49 installed packages in /opt/tros/humble
[2.289s] DEBUG:colcon.colcon_installed_package_information.package_discovery:Found 218 installed packages in /opt/ros/humble
[2.300s] Level 1:colcon.colcon_core.package_discovery:discover_packages(prefix_path) using defaults
[2.649s] Level 5:colcon.colcon_core.verb:set package 'rplidar_ros' build argument 'cmake_args' from command line to 'None'
[2.650s] Level 5:colcon.colcon_core.verb:set package 'rplidar_ros' build argument 'cmake_target' from command line to 'None'
[2.650s] Level 5:colcon.colcon_core.verb:set package 'rplidar_ros' build argument 'cmake_target_skip_unavailable' from command line to 'False'
[2.650s] Level 5:colcon.colcon_core.verb:set package 'rplidar_ros' build argument 'cmake_clean_cache' from command line to 'False'
[2.650s] Level 5:colcon.colcon_core.verb:set package 'rplidar_ros' build argument 'cmake_clean_first' from command line to 'False'
[2.651s] Level 5:colcon.colcon_core.verb:set package 'rplidar_ros' build argument 'cmake_force_configure' from command line to 'False'
[2.651s] Level 5:colcon.colcon_core.verb:set package 'rplidar_ros' build argument 'ament_cmake_args' from command line to 'None'
[2.651s] Level 5:colcon.colcon_core.verb:set package 'rplidar_ros' build argument 'catkin_cmake_args' from command line to 'None'
[2.651s] Level 5:colcon.colcon_core.verb:set package 'rplidar_ros' build argument 'catkin_skip_building_tests' from command line to 'False'
[2.652s] DEBUG:colcon.colcon_core.verb:Building package 'rplidar_ros' with the following arguments: {'ament_cmake_args': None, 'build_base': '/home/sunrise/jianye_dev/rplidar_ws/build/rplidar_ros', 'catkin_cmake_args': None, 'catkin_skip_building_tests': False, 'cmake_args': None, 'cmake_clean_cache': False, 'cmake_clean_first': False, 'cmake_force_configure': False, 'cmake_target': None, 'cmake_target_skip_unavailable': False, 'install_base': '/home/sunrise/jianye_dev/rplidar_ws/install/rplidar_ros', 'merge_install': False, 'path': '/home/sunrise/jianye_dev/rplidar_ws/rplidar_ros-dev-ros2', 'symlink_install': False, 'test_result_base': None}
[2.652s] INFO:colcon.colcon_core.executor:Executing jobs using 'parallel' executor
[2.658s] DEBUG:colcon.colcon_parallel_executor.executor.parallel:run_until_complete
[2.659s] INFO:colcon.colcon_ros.task.ament_cmake.build:Building ROS package in '/home/sunrise/jianye_dev/rplidar_ws/rplidar_ros-dev-ros2' with build type 'ament_cmake'
[2.659s] INFO:colcon.colcon_cmake.task.cmake.build:Building CMake package in '/home/sunrise/jianye_dev/rplidar_ws/rplidar_ros-dev-ros2'
[2.676s] INFO:colcon.colcon_core.plugin_system:Skipping extension 'colcon_core.shell.bat': Not used on non-Windows systems
[2.677s] INFO:colcon.colcon_core.shell:Skip shell extension 'powershell' for command environment: Not usable outside of PowerShell
[2.678s] DEBUG:colcon.colcon_core.shell:Skip shell extension 'dsv' for command environment
[2.723s] DEBUG:colcon.colcon_core.event_handler.log_command:Invoking command in '/home/sunrise/jianye_dev/rplidar_ws/build/rplidar_ros': CMAKE_PREFIX_PATH=${CMAKE_PREFIX_PATH}:/userdata/dev_ws/install/vlm:/userdata/dev_ws/install/qr_code_detection:/userdata/dev_ws/install/origincar_capimage:/opt/tros/humble:/opt/ros/humble /usr/bin/cmake /home/sunrise/jianye_dev/rplidar_ws/rplidar_ros-dev-ros2 -DCMAKE_INSTALL_PREFIX=/home/sunrise/jianye_dev/rplidar_ws/install/rplidar_ros
[6.399s] DEBUG:colcon.colcon_core.event_handler.log_command:Invoked command in '/home/sunrise/jianye_dev/rplidar_ws/build/rplidar_ros' returned '0': CMAKE_PREFIX_PATH=${CMAKE_PREFIX_PATH}:/userdata/dev_ws/install/vlm:/userdata/dev_ws/install/qr_code_detection:/userdata/dev_ws/install/origincar_capimage:/opt/tros/humble:/opt/ros/humble /usr/bin/cmake /home/sunrise/jianye_dev/rplidar_ws/rplidar_ros-dev-ros2 -DCMAKE_INSTALL_PREFIX=/home/sunrise/jianye_dev/rplidar_ws/install/rplidar_ros
[6.409s] DEBUG:colcon.colcon_core.event_handler.log_command:Invoking command in '/home/sunrise/jianye_dev/rplidar_ws/build/rplidar_ros': CMAKE_PREFIX_PATH=${CMAKE_PREFIX_PATH}:/userdata/dev_ws/install/vlm:/userdata/dev_ws/install/qr_code_detection:/userdata/dev_ws/install/origincar_capimage:/opt/tros/humble:/opt/ros/humble /usr/bin/cmake --build /home/sunrise/jianye_dev/rplidar_ws/build/rplidar_ros -- -j8 -l8
[67.248s] DEBUG:colcon.colcon_core.event_handler.log_command:Invoked command in '/home/sunrise/jianye_dev/rplidar_ws/build/rplidar_ros' returned '0': CMAKE_PREFIX_PATH=${CMAKE_PREFIX_PATH}:/userdata/dev_ws/install/vlm:/userdata/dev_ws/install/qr_code_detection:/userdata/dev_ws/install/origincar_capimage:/opt/tros/humble:/opt/ros/humble /usr/bin/cmake --build /home/sunrise/jianye_dev/rplidar_ws/build/rplidar_ros -- -j8 -l8
[67.308s] DEBUG:colcon.colcon_core.event_handler.log_command:Invoking command in '/home/sunrise/jianye_dev/rplidar_ws/build/rplidar_ros': CMAKE_PREFIX_PATH=${CMAKE_PREFIX_PATH}:/userdata/dev_ws/install/vlm:/userdata/dev_ws/install/qr_code_detection:/userdata/dev_ws/install/origincar_capimage:/opt/tros/humble:/opt/ros/humble /usr/bin/cmake --install /home/sunrise/jianye_dev/rplidar_ws/build/rplidar_ros
[67.426s] Level 1:colcon.colcon_core.environment:create_environment_scripts_only(rplidar_ros)
[67.428s] DEBUG:colcon.colcon_core.event_handler.log_command:Invoked command in '/home/sunrise/jianye_dev/rplidar_ws/build/rplidar_ros' returned '0': CMAKE_PREFIX_PATH=${CMAKE_PREFIX_PATH}:/userdata/dev_ws/install/vlm:/userdata/dev_ws/install/qr_code_detection:/userdata/dev_ws/install/origincar_capimage:/opt/tros/humble:/opt/ros/humble /usr/bin/cmake --install /home/sunrise/jianye_dev/rplidar_ws/build/rplidar_ros
[67.445s] Level 1:colcon.colcon_core.environment:checking '/home/sunrise/jianye_dev/rplidar_ws/install/rplidar_ros' for CMake module files
[67.450s] Level 1:colcon.colcon_core.environment:checking '/home/sunrise/jianye_dev/rplidar_ws/install/rplidar_ros' for CMake config files
[67.453s] Level 1:colcon.colcon_core.shell:create_environment_hook('rplidar_ros', 'cmake_prefix_path')
[67.455s] INFO:colcon.colcon_core.shell:Creating environment hook '/home/sunrise/jianye_dev/rplidar_ws/install/rplidar_ros/share/rplidar_ros/hook/cmake_prefix_path.ps1'
[67.459s] INFO:colcon.colcon_core.shell:Creating environment descriptor '/home/sunrise/jianye_dev/rplidar_ws/install/rplidar_ros/share/rplidar_ros/hook/cmake_prefix_path.dsv'
[67.462s] INFO:colcon.colcon_core.shell:Creating environment hook '/home/sunrise/jianye_dev/rplidar_ws/install/rplidar_ros/share/rplidar_ros/hook/cmake_prefix_path.sh'
[67.468s] Level 1:colcon.colcon_core.environment:checking '/home/sunrise/jianye_dev/rplidar_ws/install/rplidar_ros/lib'
[67.469s] Level 1:colcon.colcon_core.environment:checking '/home/sunrise/jianye_dev/rplidar_ws/install/rplidar_ros/bin'
[67.469s] Level 1:colcon.colcon_core.environment:checking '/home/sunrise/jianye_dev/rplidar_ws/install/rplidar_ros/lib/pkgconfig/rplidar_ros.pc'
[67.471s] Level 1:colcon.colcon_core.environment:checking '/home/sunrise/jianye_dev/rplidar_ws/install/rplidar_ros/lib/python3.10/site-packages'
[67.473s] Level 1:colcon.colcon_core.environment:checking '/home/sunrise/jianye_dev/rplidar_ws/install/rplidar_ros/bin'
[67.475s] INFO:colcon.colcon_core.shell:Creating package script '/home/sunrise/jianye_dev/rplidar_ws/install/rplidar_ros/share/rplidar_ros/package.ps1'
[67.482s] INFO:colcon.colcon_core.shell:Creating package descriptor '/home/sunrise/jianye_dev/rplidar_ws/install/rplidar_ros/share/rplidar_ros/package.dsv'
[67.486s] INFO:colcon.colcon_core.shell:Creating package script '/home/sunrise/jianye_dev/rplidar_ws/install/rplidar_ros/share/rplidar_ros/package.sh'
[67.493s] INFO:colcon.colcon_core.shell:Creating package script '/home/sunrise/jianye_dev/rplidar_ws/install/rplidar_ros/share/rplidar_ros/package.bash'
[67.499s] INFO:colcon.colcon_core.shell:Creating package script '/home/sunrise/jianye_dev/rplidar_ws/install/rplidar_ros/share/rplidar_ros/package.zsh'
[67.505s] Level 1:colcon.colcon_core.environment:create_file_with_runtime_dependencies(/home/sunrise/jianye_dev/rplidar_ws/install/rplidar_ros/share/colcon-core/packages/rplidar_ros)
[67.509s] Level 1:colcon.colcon_core.environment:create_environment_scripts_only(rplidar_ros)
[67.510s] Level 1:colcon.colcon_core.environment:checking '/home/sunrise/jianye_dev/rplidar_ws/install/rplidar_ros' for CMake module files
[67.514s] Level 1:colcon.colcon_core.environment:checking '/home/sunrise/jianye_dev/rplidar_ws/install/rplidar_ros' for CMake config files
[67.516s] Level 1:colcon.colcon_core.shell:create_environment_hook('rplidar_ros', 'cmake_prefix_path')
[67.518s] INFO:colcon.colcon_core.shell:Creating environment hook '/home/sunrise/jianye_dev/rplidar_ws/install/rplidar_ros/share/rplidar_ros/hook/cmake_prefix_path.ps1'
[67.521s] INFO:colcon.colcon_core.shell:Creating environment descriptor '/home/sunrise/jianye_dev/rplidar_ws/install/rplidar_ros/share/rplidar_ros/hook/cmake_prefix_path.dsv'
[67.523s] INFO:colcon.colcon_core.shell:Creating environment hook '/home/sunrise/jianye_dev/rplidar_ws/install/rplidar_ros/share/rplidar_ros/hook/cmake_prefix_path.sh'
[67.526s] Level 1:colcon.colcon_core.environment:checking '/home/sunrise/jianye_dev/rplidar_ws/install/rplidar_ros/lib'
[67.527s] Level 1:colcon.colcon_core.environment:checking '/home/sunrise/jianye_dev/rplidar_ws/install/rplidar_ros/bin'
[67.527s] Level 1:colcon.colcon_core.environment:checking '/home/sunrise/jianye_dev/rplidar_ws/install/rplidar_ros/lib/pkgconfig/rplidar_ros.pc'
[67.529s] Level 1:colcon.colcon_core.environment:checking '/home/sunrise/jianye_dev/rplidar_ws/install/rplidar_ros/lib/python3.10/site-packages'
[67.530s] Level 1:colcon.colcon_core.environment:checking '/home/sunrise/jianye_dev/rplidar_ws/install/rplidar_ros/bin'
[67.532s] INFO:colcon.colcon_core.shell:Creating package script '/home/sunrise/jianye_dev/rplidar_ws/install/rplidar_ros/share/rplidar_ros/package.ps1'
[67.535s] INFO:colcon.colcon_core.shell:Creating package descriptor '/home/sunrise/jianye_dev/rplidar_ws/install/rplidar_ros/share/rplidar_ros/package.dsv'
[67.538s] INFO:colcon.colcon_core.shell:Creating package script '/home/sunrise/jianye_dev/rplidar_ws/install/rplidar_ros/share/rplidar_ros/package.sh'
[67.541s] INFO:colcon.colcon_core.shell:Creating package script '/home/sunrise/jianye_dev/rplidar_ws/install/rplidar_ros/share/rplidar_ros/package.bash'
[67.543s] INFO:colcon.colcon_core.shell:Creating package script '/home/sunrise/jianye_dev/rplidar_ws/install/rplidar_ros/share/rplidar_ros/package.zsh'
[67.546s] Level 1:colcon.colcon_core.environment:create_file_with_runtime_dependencies(/home/sunrise/jianye_dev/rplidar_ws/install/rplidar_ros/share/colcon-core/packages/rplidar_ros)
[67.547s] DEBUG:colcon.colcon_parallel_executor.executor.parallel:closing loop
[67.548s] DEBUG:colcon.colcon_parallel_executor.executor.parallel:loop closed
[67.550s] DEBUG:colcon.colcon_parallel_executor.executor.parallel:run_until_complete finished with '0'
[67.552s] DEBUG:colcon.colcon_core.event_reactor:joining thread
[67.591s] INFO:colcon.colcon_core.plugin_system:Skipping extension 'colcon_notification.desktop_notification.notify_send': Could not find 'notify-send'
[67.592s] INFO:colcon.colcon_core.plugin_system:Skipping extension 'colcon_notification.desktop_notification.terminal_notifier': Not used on non-Darwin systems
[67.592s] INFO:colcon.colcon_core.plugin_system:Skipping extension 'colcon_notification.desktop_notification.win32': Not used on non-Windows systems
[67.593s] INFO:colcon.colcon_notification.desktop_notification:Sending desktop notification using 'notify2'
[67.593s] DEBUG:colcon.colcon_notification.desktop_notification.notify2:Failed to initialize notify2: org.freedesktop.DBus.Error.NotSupported: Unable to autolaunch a dbus-daemon without a $DISPLAY for X11
[67.594s] DEBUG:colcon.colcon_core.event_reactor:joined thread
[67.595s] INFO:colcon.colcon_core.shell:Creating prefix script '/home/sunrise/jianye_dev/rplidar_ws/install/local_setup.ps1'
[67.602s] INFO:colcon.colcon_core.shell:Creating prefix util module '/home/sunrise/jianye_dev/rplidar_ws/install/_local_setup_util_ps1.py'
[67.613s] INFO:colcon.colcon_core.shell:Creating prefix chain script '/home/sunrise/jianye_dev/rplidar_ws/install/setup.ps1'
[67.625s] INFO:colcon.colcon_core.shell:Creating prefix script '/home/sunrise/jianye_dev/rplidar_ws/install/local_setup.sh'
[67.630s] INFO:colcon.colcon_core.shell:Creating prefix util module '/home/sunrise/jianye_dev/rplidar_ws/install/_local_setup_util_sh.py'
[67.635s] INFO:colcon.colcon_core.shell:Creating prefix chain script '/home/sunrise/jianye_dev/rplidar_ws/install/setup.sh'
[67.647s] INFO:colcon.colcon_core.shell:Creating prefix script '/home/sunrise/jianye_dev/rplidar_ws/install/local_setup.bash'
[67.652s] INFO:colcon.colcon_core.shell:Creating prefix chain script '/home/sunrise/jianye_dev/rplidar_ws/install/setup.bash'
[67.666s] INFO:colcon.colcon_core.shell:Creating prefix script '/home/sunrise/jianye_dev/rplidar_ws/install/local_setup.zsh'
[67.670s] INFO:colcon.colcon_core.shell:Creating prefix chain script '/home/sunrise/jianye_dev/rplidar_ws/install/setup.zsh'
