[4.111s] Invoking command in '/home/sunrise/jianye_dev/audio_ws/src/my_audio': PYTHONPATH=/home/sunrise/jianye_dev/audio_ws/build/my_audio/prefix_override:/usr/lib/python3/dist-packages/colcon_core/task/python/colcon_distutils_commands:/home/sunrise/jianye_dev/audio_ws/install/my_audio/lib/python3.10/site-packages:${PYTHONPATH} /usr/bin/python3 -W ignore:setup.py install is deprecated -W ignore:easy_install command is deprecated setup.py egg_info --egg-base ../../build/my_audio build --build-base /home/sunrise/jianye_dev/audio_ws/build/my_audio/build install --record /home/sunrise/jianye_dev/audio_ws/build/my_audio/install.log --single-version-externally-managed install_data
[5.669s] running egg_info
[5.674s] writing ../../build/my_audio/my_audio.egg-info/PKG-INFO
[5.675s] writing dependency_links to ../../build/my_audio/my_audio.egg-info/dependency_links.txt
[5.676s] writing entry points to ../../build/my_audio/my_audio.egg-info/entry_points.txt
[5.677s] writing requirements to ../../build/my_audio/my_audio.egg-info/requires.txt
[5.678s] writing top-level names to ../../build/my_audio/my_audio.egg-info/top_level.txt
[5.688s] reading manifest file '../../build/my_audio/my_audio.egg-info/SOURCES.txt'
[5.692s] writing manifest file '../../build/my_audio/my_audio.egg-info/SOURCES.txt'
[5.693s] running build
[5.693s] running build_py
[5.694s] copying my_audio/my_audio.py -> /home/sunrise/jianye_dev/audio_ws/build/my_audio/build/lib/my_audio
[5.695s] running install
[5.697s] running install_lib
[5.701s] copying /home/sunrise/jianye_dev/audio_ws/build/my_audio/build/lib/my_audio/my_audio.py -> /home/sunrise/jianye_dev/audio_ws/install/my_audio/lib/python3.10/site-packages/my_audio
[5.704s] byte-compiling /home/sunrise/jianye_dev/audio_ws/install/my_audio/lib/python3.10/site-packages/my_audio/my_audio.py to my_audio.cpython-310.pyc
[5.707s] running install_data
[5.708s] running install_egg_info
[5.718s] removing '/home/sunrise/jianye_dev/audio_ws/install/my_audio/lib/python3.10/site-packages/my_audio-0.0.0-py3.10.egg-info' (and everything under it)
[5.720s] Copying ../../build/my_audio/my_audio.egg-info to /home/sunrise/jianye_dev/audio_ws/install/my_audio/lib/python3.10/site-packages/my_audio-0.0.0-py3.10.egg-info
[5.724s] running install_scripts
[5.846s] Installing my_audio script to /home/sunrise/jianye_dev/audio_ws/install/my_audio/lib/my_audio
[5.848s] writing list of installed files to '/home/sunrise/jianye_dev/audio_ws/build/my_audio/install.log'
[6.083s] Invoked command in '/home/sunrise/jianye_dev/audio_ws/src/my_audio' returned '0': PYTHONPATH=/home/sunrise/jianye_dev/audio_ws/build/my_audio/prefix_override:/usr/lib/python3/dist-packages/colcon_core/task/python/colcon_distutils_commands:/home/sunrise/jianye_dev/audio_ws/install/my_audio/lib/python3.10/site-packages:${PYTHONPATH} /usr/bin/python3 -W ignore:setup.py install is deprecated -W ignore:easy_install command is deprecated setup.py egg_info --egg-base ../../build/my_audio build --build-base /home/sunrise/jianye_dev/audio_ws/build/my_audio/build install --record /home/sunrise/jianye_dev/audio_ws/build/my_audio/install.log --single-version-externally-managed install_data
