[0.055s] Invoking command in '/home/sunrise/jianye_dev/mono2d_ws/build/body_follow': CMAKE_PREFIX_PATH=${CMAKE_PREFIX_PATH}:/userdata/dev_ws/install/vlm:/userdata/dev_ws/install/qr_code_detection:/userdata/dev_ws/install/origincar_capimage:/opt/tros/humble:/opt/ros/humble /usr/bin/cmake --build /home/sunrise/jianye_dev/mono2d_ws/build/body_follow -- -j8 -l8
[0.170s] -- Found ament_cmake: 1.3.11 (/opt/ros/humble/share/ament_cmake/cmake)
[1.004s] -- Found rclcpp: 16.0.12 (/opt/ros/humble/share/rclcpp/cmake)
[1.146s] -- Found rosidl_generator_c: 3.1.6 (/opt/ros/humble/share/rosidl_generator_c/cmake)
[1.161s] -- Found rosidl_adapter: 3.1.6 (/opt/ros/humble/share/rosidl_adapter/cmake)
[1.193s] -- Found rosidl_generator_cpp: 3.1.6 (/opt/ros/humble/share/rosidl_generator_cpp/cmake)
[1.252s] -- Using all available rosidl_typesupport_c: rosidl_typesupport_fastrtps_c;rosidl_typesupport_introspection_c
[1.327s] -- Using all available rosidl_typesupport_cpp: rosidl_typesupport_fastrtps_cpp;rosidl_typesupport_introspection_cpp
[1.513s] -- Found rmw_implementation_cmake: 6.1.2 (/opt/ros/humble/share/rmw_implementation_cmake/cmake)
[1.522s] -- Found rmw_fastrtps_cpp: 6.2.7 (/opt/ros/humble/share/rmw_fastrtps_cpp/cmake)
[1.998s] -- Using RMW implementation 'rmw_fastrtps_cpp' as default
[2.283s] -- Found ai_msgs: 2.0.1 (/opt/tros/humble/share/ai_msgs/cmake)
[2.576s] -- Found ament_lint_auto: 0.12.12 (/opt/ros/humble/share/ament_lint_auto/cmake)
[3.038s] -- Added test 'cppcheck' to perform static code analysis on C / C++ code
[3.038s] -- Configured cppcheck include dirs: 
[3.039s] -- Configured cppcheck exclude dirs and/or files: 
[3.041s] -- Added test 'lint_cmake' to check CMake code style
[3.045s] -- Added test 'uncrustify' to check C / C++ code style
[3.046s] -- Configured uncrustify additional arguments: 
[3.047s] -- Added test 'xmllint' to check XML markup files
[3.051s] -- Configuring done
[3.104s] -- Generating done
[3.128s] -- Build files have been written to: /home/sunrise/jianye_dev/mono2d_ws/build/body_follow
[3.258s] [35m[1mConsolidate compiler generated dependencies of target body_follow[0m
[3.351s] [ 50%] [32mBuilding CXX object CMakeFiles/body_follow.dir/src/body_follow.cpp.o[0m
[17.680s] [01m[K/home/sunrise/jianye_dev/mono2d_ws/src/body_follow/src/body_follow.cpp:[m[K In member function ‘[01m[Kvoid BodyRoiSubscriber::topic_callback(ai_msgs::msg::PerceptionTargets_<std::allocator<void> >::SharedPtr)[m[K’:
[17.681s] [01m[K/home/sunrise/jianye_dev/mono2d_ws/src/body_follow/src/body_follow.cpp:43:13:[m[K [01;31m[Kerror: [m[K‘[01m[Kfound[m[K’ was not declared in this scope; did you mean ‘[01m[Kround[m[K’?
[17.681s]    43 |             [01;31m[Kfound[m[K = true;
[17.682s]       |             [01;31m[K^~~~~[m[K
[17.683s]       |             [32m[Kround[m[K
[17.683s] [01m[K/home/sunrise/jianye_dev/mono2d_ws/src/body_follow/src/body_follow.cpp:51:13:[m[K [01;35m[Kwarning: [m[Kunused variable ‘[01m[Kx2[m[K’ [[01;35m[K]8;;https://gcc.gnu.org/onlinedocs/gcc/Warning-Options.html#index-Wunused-variable-Wunused-variable]8;;[m[K]
[17.683s]    51 |         int [01;35m[Kx2[m[K = x1 + largest_roi.width;
[17.684s]       |             [01;35m[K^~[m[K
[17.684s] [01m[K/home/sunrise/jianye_dev/mono2d_ws/src/body_follow/src/body_follow.cpp:52:13:[m[K [01;35m[Kwarning: [m[Kunused variable ‘[01m[Ky2[m[K’ [[01;35m[K]8;;https://gcc.gnu.org/onlinedocs/gcc/Warning-Options.html#index-Wunused-variable-Wunused-variable]8;;[m[K]
[17.685s]    52 |         int [01;35m[Ky2[m[K = y1 + largest_roi.height;
[17.685s]       |             [01;35m[K^~[m[K
[17.712s] [01m[K/home/sunrise/jianye_dev/mono2d_ws/src/body_follow/src/body_follow.cpp:65:13:[m[K [01;31m[Kerror: [m[K‘[01m[Kfound[m[K’ was not declared in this scope; did you mean ‘[01m[Kround[m[K’?
[17.712s]    65 |         if ([01;31m[Kfound[m[K) {
[17.713s]       |             [01;31m[K^~~~~[m[K
[17.713s]       |             [32m[Kround[m[K
[32.540s] gmake[2]: *** [CMakeFiles/body_follow.dir/build.make:76: CMakeFiles/body_follow.dir/src/body_follow.cpp.o] Error 1
[32.543s] gmake[1]: *** [CMakeFiles/Makefile2:137: CMakeFiles/body_follow.dir/all] Error 2
[32.545s] gmake: *** [Makefile:146: all] Error 2
[32.567s] Invoked command in '/home/sunrise/jianye_dev/mono2d_ws/build/body_follow' returned '2': CMAKE_PREFIX_PATH=${CMAKE_PREFIX_PATH}:/userdata/dev_ws/install/vlm:/userdata/dev_ws/install/qr_code_detection:/userdata/dev_ws/install/origincar_capimage:/opt/tros/humble:/opt/ros/humble /usr/bin/cmake --build /home/sunrise/jianye_dev/mono2d_ws/build/body_follow -- -j8 -l8
