[0.655s] DEBUG:colcon:Command line arguments: ['/usr/bin/colcon', 'build']
[0.655s] DEBUG:colcon:Parsed command line arguments: Namespace(log_base=None, log_level=None, verb_name='build', build_base='build', install_base='install', merge_install=False, symlink_install=False, test_result_base=None, continue_on_error=False, executor='parallel', parallel_workers=8, event_handlers=None, ignore_user_meta=False, metas=['./colcon.meta'], base_paths=['.'], packages_ignore=None, packages_ignore_regex=None, paths=None, packages_up_to=None, packages_up_to_regex=None, packages_above=None, packages_above_and_dependencies=None, packages_above_depth=None, packages_select_by_dep=None, packages_skip_by_dep=None, packages_skip_up_to=None, packages_select_build_failed=False, packages_skip_build_finished=False, packages_select_test_failures=False, packages_skip_test_passed=False, packages_select=None, packages_skip=None, packages_select_regex=None, packages_skip_regex=None, packages_start=None, packages_end=None, allow_overriding=[], cmake_args=None, cmake_target=None, cmake_target_skip_unavailable=False, cmake_clean_cache=False, cmake_clean_first=False, cmake_force_configure=False, ament_cmake_args=None, catkin_cmake_args=None, catkin_skip_building_tests=False, verb_parser=<colcon_defaults.argument_parser.defaults.DefaultArgumentsDecorator object at 0xffff9e5d8e80>, verb_extension=<colcon_core.verb.build.BuildVerb object at 0xffff9e77ec20>, main=<bound method BuildVerb.main of <colcon_core.verb.build.BuildVerb object at 0xffff9e77ec20>>)
[1.779s] Level 1:colcon.colcon_core.package_discovery:discover_packages(colcon_meta) check parameters
[1.780s] Level 1:colcon.colcon_core.package_discovery:discover_packages(recursive) check parameters
[1.780s] Level 1:colcon.colcon_core.package_discovery:discover_packages(ignore) check parameters
[1.780s] Level 1:colcon.colcon_core.package_discovery:discover_packages(path) check parameters
[1.780s] Level 1:colcon.colcon_core.package_discovery:discover_packages(colcon_meta) discover
[1.781s] Level 1:colcon.colcon_core.package_discovery:discover_packages(recursive) discover
[1.781s] INFO:colcon.colcon_core.package_discovery:Crawling recursively for packages in '/home/sunrise/jianye_dev/motor_ws'
[1.781s] Level 1:colcon.colcon_core.package_identification:_identify(.) by extensions ['ignore', 'ignore_ament_install']
[1.782s] Level 1:colcon.colcon_core.package_identification:_identify(.) by extension 'ignore'
[1.782s] Level 1:colcon.colcon_core.package_identification:_identify(.) by extension 'ignore_ament_install'
[1.783s] Level 1:colcon.colcon_core.package_identification:_identify(.) by extensions ['colcon_pkg']
[1.783s] Level 1:colcon.colcon_core.package_identification:_identify(.) by extension 'colcon_pkg'
[1.783s] Level 1:colcon.colcon_core.package_identification:_identify(.) by extensions ['colcon_meta']
[1.783s] Level 1:colcon.colcon_core.package_identification:_identify(.) by extension 'colcon_meta'
[1.783s] Level 1:colcon.colcon_core.package_identification:_identify(.) by extensions ['ros']
[1.784s] Level 1:colcon.colcon_core.package_identification:_identify(.) by extension 'ros'
[1.855s] Level 1:colcon.colcon_core.package_identification:_identify(.) by extensions ['cmake', 'python']
[1.856s] Level 1:colcon.colcon_core.package_identification:_identify(.) by extension 'cmake'
[1.856s] Level 1:colcon.colcon_core.package_identification:_identify(.) by extension 'python'
[1.856s] Level 1:colcon.colcon_core.package_identification:_identify(.) by extensions ['python_setup_py']
[1.857s] Level 1:colcon.colcon_core.package_identification:_identify(.) by extension 'python_setup_py'
[1.857s] Level 1:colcon.colcon_core.package_identification:_identify(build) by extensions ['ignore', 'ignore_ament_install']
[1.858s] Level 1:colcon.colcon_core.package_identification:_identify(build) by extension 'ignore'
[1.858s] Level 1:colcon.colcon_core.package_identification:_identify(build) ignored
[1.859s] Level 1:colcon.colcon_core.package_identification:_identify(install) by extensions ['ignore', 'ignore_ament_install']
[1.859s] Level 1:colcon.colcon_core.package_identification:_identify(install) by extension 'ignore'
[1.859s] Level 1:colcon.colcon_core.package_identification:_identify(install) ignored
[1.860s] Level 1:colcon.colcon_core.package_identification:_identify(log) by extensions ['ignore', 'ignore_ament_install']
[1.860s] Level 1:colcon.colcon_core.package_identification:_identify(log) by extension 'ignore'
[1.861s] Level 1:colcon.colcon_core.package_identification:_identify(log) ignored
[1.861s] Level 1:colcon.colcon_core.package_identification:_identify(src) by extensions ['ignore', 'ignore_ament_install']
[1.862s] Level 1:colcon.colcon_core.package_identification:_identify(src) by extension 'ignore'
[1.862s] Level 1:colcon.colcon_core.package_identification:_identify(src) by extension 'ignore_ament_install'
[1.862s] Level 1:colcon.colcon_core.package_identification:_identify(src) by extensions ['colcon_pkg']
[1.862s] Level 1:colcon.colcon_core.package_identification:_identify(src) by extension 'colcon_pkg'
[1.863s] Level 1:colcon.colcon_core.package_identification:_identify(src) by extensions ['colcon_meta']
[1.863s] Level 1:colcon.colcon_core.package_identification:_identify(src) by extension 'colcon_meta'
[1.863s] Level 1:colcon.colcon_core.package_identification:_identify(src) by extensions ['ros']
[1.863s] Level 1:colcon.colcon_core.package_identification:_identify(src) by extension 'ros'
[1.864s] Level 1:colcon.colcon_core.package_identification:_identify(src) by extensions ['cmake', 'python']
[1.864s] Level 1:colcon.colcon_core.package_identification:_identify(src) by extension 'cmake'
[1.864s] Level 1:colcon.colcon_core.package_identification:_identify(src) by extension 'python'
[1.865s] Level 1:colcon.colcon_core.package_identification:_identify(src) by extensions ['python_setup_py']
[1.865s] Level 1:colcon.colcon_core.package_identification:_identify(src) by extension 'python_setup_py'
[1.865s] Level 1:colcon.colcon_core.package_identification:_identify(src/servo_control) by extensions ['ignore', 'ignore_ament_install']
[1.866s] Level 1:colcon.colcon_core.package_identification:_identify(src/servo_control) by extension 'ignore'
[1.866s] Level 1:colcon.colcon_core.package_identification:_identify(src/servo_control) by extension 'ignore_ament_install'
[1.867s] Level 1:colcon.colcon_core.package_identification:_identify(src/servo_control) by extensions ['colcon_pkg']
[1.867s] Level 1:colcon.colcon_core.package_identification:_identify(src/servo_control) by extension 'colcon_pkg'
[1.867s] Level 1:colcon.colcon_core.package_identification:_identify(src/servo_control) by extensions ['colcon_meta']
[1.867s] Level 1:colcon.colcon_core.package_identification:_identify(src/servo_control) by extension 'colcon_meta'
[1.867s] Level 1:colcon.colcon_core.package_identification:_identify(src/servo_control) by extensions ['ros']
[1.868s] Level 1:colcon.colcon_core.package_identification:_identify(src/servo_control) by extension 'ros'
[1.882s] DEBUG:colcon.colcon_core.package_identification:Package 'src/servo_control' with type 'ros.ament_python' and name 'servo_control'
[1.882s] Level 1:colcon.colcon_core.package_discovery:discover_packages(recursive) using defaults
[1.883s] Level 1:colcon.colcon_core.package_discovery:discover_packages(ignore) discover
[1.883s] Level 1:colcon.colcon_core.package_discovery:discover_packages(ignore) using defaults
[1.883s] Level 1:colcon.colcon_core.package_discovery:discover_packages(path) discover
[1.883s] Level 1:colcon.colcon_core.package_discovery:discover_packages(path) using defaults
[1.999s] Level 1:colcon.colcon_core.package_discovery:discover_packages(prefix_path) check parameters
[1.999s] Level 1:colcon.colcon_core.package_discovery:discover_packages(prefix_path) discover
[2.011s] DEBUG:colcon.colcon_installed_package_information.package_discovery:Found 1 installed packages in /home/sunrise/jianye_dev/motor_ws/install
[2.013s] DEBUG:colcon.colcon_installed_package_information.package_discovery:Found 1 installed packages in /home/sunrise/jianye_dev/rplidar_ws/install
[2.018s] DEBUG:colcon.colcon_installed_package_information.package_discovery:Found 11 installed packages in /userdata/dev_ws/install
[2.021s] DEBUG:colcon.colcon_installed_package_information.package_discovery:Found 49 installed packages in /opt/tros/humble
[2.030s] DEBUG:colcon.colcon_installed_package_information.package_discovery:Found 219 installed packages in /opt/ros/humble
[2.125s] Level 1:colcon.colcon_core.package_discovery:discover_packages(prefix_path) using defaults
[2.363s] Level 5:colcon.colcon_core.verb:set package 'servo_control' build argument 'cmake_args' from command line to 'None'
[2.364s] Level 5:colcon.colcon_core.verb:set package 'servo_control' build argument 'cmake_target' from command line to 'None'
[2.364s] Level 5:colcon.colcon_core.verb:set package 'servo_control' build argument 'cmake_target_skip_unavailable' from command line to 'False'
[2.364s] Level 5:colcon.colcon_core.verb:set package 'servo_control' build argument 'cmake_clean_cache' from command line to 'False'
[2.364s] Level 5:colcon.colcon_core.verb:set package 'servo_control' build argument 'cmake_clean_first' from command line to 'False'
[2.364s] Level 5:colcon.colcon_core.verb:set package 'servo_control' build argument 'cmake_force_configure' from command line to 'False'
[2.364s] Level 5:colcon.colcon_core.verb:set package 'servo_control' build argument 'ament_cmake_args' from command line to 'None'
[2.365s] Level 5:colcon.colcon_core.verb:set package 'servo_control' build argument 'catkin_cmake_args' from command line to 'None'
[2.365s] Level 5:colcon.colcon_core.verb:set package 'servo_control' build argument 'catkin_skip_building_tests' from command line to 'False'
[2.365s] DEBUG:colcon.colcon_core.verb:Building package 'servo_control' with the following arguments: {'ament_cmake_args': None, 'build_base': '/home/sunrise/jianye_dev/motor_ws/build/servo_control', 'catkin_cmake_args': None, 'catkin_skip_building_tests': False, 'cmake_args': None, 'cmake_clean_cache': False, 'cmake_clean_first': False, 'cmake_force_configure': False, 'cmake_target': None, 'cmake_target_skip_unavailable': False, 'install_base': '/home/sunrise/jianye_dev/motor_ws/install/servo_control', 'merge_install': False, 'path': '/home/sunrise/jianye_dev/motor_ws/src/servo_control', 'symlink_install': False, 'test_result_base': None}
[2.366s] INFO:colcon.colcon_core.executor:Executing jobs using 'parallel' executor
[2.371s] DEBUG:colcon.colcon_parallel_executor.executor.parallel:run_until_complete
[2.372s] INFO:colcon.colcon_ros.task.ament_python.build:Building ROS package in '/home/sunrise/jianye_dev/motor_ws/src/servo_control' with build type 'ament_python'
[2.373s] Level 1:colcon.colcon_core.shell:create_environment_hook('servo_control', 'ament_prefix_path')
[2.384s] INFO:colcon.colcon_core.plugin_system:Skipping extension 'colcon_core.shell.bat': Not used on non-Windows systems
[2.386s] INFO:colcon.colcon_core.shell:Creating environment hook '/home/sunrise/jianye_dev/motor_ws/install/servo_control/share/servo_control/hook/ament_prefix_path.ps1'
[2.389s] INFO:colcon.colcon_core.shell:Creating environment descriptor '/home/sunrise/jianye_dev/motor_ws/install/servo_control/share/servo_control/hook/ament_prefix_path.dsv'
[2.393s] INFO:colcon.colcon_core.shell:Creating environment hook '/home/sunrise/jianye_dev/motor_ws/install/servo_control/share/servo_control/hook/ament_prefix_path.sh'
[2.397s] INFO:colcon.colcon_core.shell:Skip shell extension 'powershell' for command environment: Not usable outside of PowerShell
[2.398s] DEBUG:colcon.colcon_core.shell:Skip shell extension 'dsv' for command environment
[4.197s] INFO:colcon.colcon_core.task.python.build:Building Python package in '/home/sunrise/jianye_dev/motor_ws/src/servo_control'
[4.199s] INFO:colcon.colcon_core.shell:Skip shell extension 'powershell' for command environment: Not usable outside of PowerShell
[4.199s] DEBUG:colcon.colcon_core.shell:Skip shell extension 'dsv' for command environment
[6.616s] DEBUG:colcon.colcon_core.event_handler.log_command:Invoking command in '/home/sunrise/jianye_dev/motor_ws/src/servo_control': PYTHONPATH=/home/sunrise/jianye_dev/motor_ws/build/servo_control/prefix_override:/usr/lib/python3/dist-packages/colcon_core/task/python/colcon_distutils_commands:/home/sunrise/jianye_dev/motor_ws/install/servo_control/lib/python3.10/site-packages:${PYTHONPATH} /usr/bin/python3 -W ignore:setup.py install is deprecated -W ignore:easy_install command is deprecated setup.py egg_info --egg-base ../../build/servo_control build --build-base /home/sunrise/jianye_dev/motor_ws/build/servo_control/build install --record /home/sunrise/jianye_dev/motor_ws/build/servo_control/install.log --single-version-externally-managed install_data
[8.623s] DEBUG:colcon.colcon_core.event_handler.log_command:Invoked command in '/home/sunrise/jianye_dev/motor_ws/src/servo_control' returned '0': PYTHONPATH=/home/sunrise/jianye_dev/motor_ws/build/servo_control/prefix_override:/usr/lib/python3/dist-packages/colcon_core/task/python/colcon_distutils_commands:/home/sunrise/jianye_dev/motor_ws/install/servo_control/lib/python3.10/site-packages:${PYTHONPATH} /usr/bin/python3 -W ignore:setup.py install is deprecated -W ignore:easy_install command is deprecated setup.py egg_info --egg-base ../../build/servo_control build --build-base /home/sunrise/jianye_dev/motor_ws/build/servo_control/build install --record /home/sunrise/jianye_dev/motor_ws/build/servo_control/install.log --single-version-externally-managed install_data
[8.639s] Level 1:colcon.colcon_core.environment:checking '/home/sunrise/jianye_dev/motor_ws/install/servo_control' for CMake module files
[8.646s] Level 1:colcon.colcon_core.environment:checking '/home/sunrise/jianye_dev/motor_ws/install/servo_control' for CMake config files
[8.653s] Level 1:colcon.colcon_core.environment:checking '/home/sunrise/jianye_dev/motor_ws/install/servo_control/lib'
[8.655s] Level 1:colcon.colcon_core.environment:checking '/home/sunrise/jianye_dev/motor_ws/install/servo_control/bin'
[8.655s] Level 1:colcon.colcon_core.environment:checking '/home/sunrise/jianye_dev/motor_ws/install/servo_control/lib/pkgconfig/servo_control.pc'
[8.658s] Level 1:colcon.colcon_core.environment:checking '/home/sunrise/jianye_dev/motor_ws/install/servo_control/lib/python3.10/site-packages'
[8.659s] Level 1:colcon.colcon_core.shell:create_environment_hook('servo_control', 'pythonpath')
[8.661s] INFO:colcon.colcon_core.shell:Creating environment hook '/home/sunrise/jianye_dev/motor_ws/install/servo_control/share/servo_control/hook/pythonpath.ps1'
[8.664s] INFO:colcon.colcon_core.shell:Creating environment descriptor '/home/sunrise/jianye_dev/motor_ws/install/servo_control/share/servo_control/hook/pythonpath.dsv'
[8.667s] INFO:colcon.colcon_core.shell:Creating environment hook '/home/sunrise/jianye_dev/motor_ws/install/servo_control/share/servo_control/hook/pythonpath.sh'
[8.671s] Level 1:colcon.colcon_core.environment:checking '/home/sunrise/jianye_dev/motor_ws/install/servo_control/bin'
[8.671s] Level 1:colcon.colcon_core.environment:create_environment_scripts_only(servo_control)
[8.674s] INFO:colcon.colcon_core.shell:Creating package script '/home/sunrise/jianye_dev/motor_ws/install/servo_control/share/servo_control/package.ps1'
[8.680s] INFO:colcon.colcon_core.shell:Creating package descriptor '/home/sunrise/jianye_dev/motor_ws/install/servo_control/share/servo_control/package.dsv'
[8.684s] INFO:colcon.colcon_core.shell:Creating package script '/home/sunrise/jianye_dev/motor_ws/install/servo_control/share/servo_control/package.sh'
[8.690s] INFO:colcon.colcon_core.shell:Creating package script '/home/sunrise/jianye_dev/motor_ws/install/servo_control/share/servo_control/package.bash'
[8.696s] INFO:colcon.colcon_core.shell:Creating package script '/home/sunrise/jianye_dev/motor_ws/install/servo_control/share/servo_control/package.zsh'
[8.702s] Level 1:colcon.colcon_core.environment:create_file_with_runtime_dependencies(/home/sunrise/jianye_dev/motor_ws/install/servo_control/share/colcon-core/packages/servo_control)
[8.703s] DEBUG:colcon.colcon_parallel_executor.executor.parallel:closing loop
[8.705s] DEBUG:colcon.colcon_parallel_executor.executor.parallel:loop closed
[8.705s] DEBUG:colcon.colcon_parallel_executor.executor.parallel:run_until_complete finished with '0'
[8.705s] DEBUG:colcon.colcon_core.event_reactor:joining thread
[8.742s] INFO:colcon.colcon_core.plugin_system:Skipping extension 'colcon_notification.desktop_notification.notify_send': Could not find 'notify-send'
[8.743s] INFO:colcon.colcon_core.plugin_system:Skipping extension 'colcon_notification.desktop_notification.terminal_notifier': Not used on non-Darwin systems
[8.743s] INFO:colcon.colcon_core.plugin_system:Skipping extension 'colcon_notification.desktop_notification.win32': Not used on non-Windows systems
[8.744s] INFO:colcon.colcon_notification.desktop_notification:Sending desktop notification using 'notify2'
[8.771s] DEBUG:colcon.colcon_core.event_reactor:joined thread
[8.773s] INFO:colcon.colcon_core.shell:Creating prefix script '/home/sunrise/jianye_dev/motor_ws/install/local_setup.ps1'
[8.780s] INFO:colcon.colcon_core.shell:Creating prefix util module '/home/sunrise/jianye_dev/motor_ws/install/_local_setup_util_ps1.py'
[8.791s] INFO:colcon.colcon_core.shell:Creating prefix chain script '/home/sunrise/jianye_dev/motor_ws/install/setup.ps1'
[8.804s] INFO:colcon.colcon_core.shell:Creating prefix script '/home/sunrise/jianye_dev/motor_ws/install/local_setup.sh'
[8.810s] INFO:colcon.colcon_core.shell:Creating prefix util module '/home/sunrise/jianye_dev/motor_ws/install/_local_setup_util_sh.py'
[8.815s] INFO:colcon.colcon_core.shell:Creating prefix chain script '/home/sunrise/jianye_dev/motor_ws/install/setup.sh'
[8.829s] INFO:colcon.colcon_core.shell:Creating prefix script '/home/sunrise/jianye_dev/motor_ws/install/local_setup.bash'
[8.833s] INFO:colcon.colcon_core.shell:Creating prefix chain script '/home/sunrise/jianye_dev/motor_ws/install/setup.bash'
[8.844s] INFO:colcon.colcon_core.shell:Creating prefix script '/home/sunrise/jianye_dev/motor_ws/install/local_setup.zsh'
[8.848s] INFO:colcon.colcon_core.shell:Creating prefix chain script '/home/sunrise/jianye_dev/motor_ws/install/setup.zsh'
