[0.764s] DEBUG:colcon:Command line arguments: ['/usr/bin/colcon', 'build']
[0.765s] DEBUG:colcon:Parsed command line arguments: Namespace(log_base=None, log_level=None, verb_name='build', build_base='build', install_base='install', merge_install=False, symlink_install=False, test_result_base=None, continue_on_error=False, executor='parallel', parallel_workers=8, event_handlers=None, ignore_user_meta=False, metas=['./colcon.meta'], base_paths=['.'], packages_ignore=None, packages_ignore_regex=None, paths=None, packages_up_to=None, packages_up_to_regex=None, packages_above=None, packages_above_and_dependencies=None, packages_above_depth=None, packages_select_by_dep=None, packages_skip_by_dep=None, packages_skip_up_to=None, packages_select_build_failed=False, packages_skip_build_finished=False, packages_select_test_failures=False, packages_skip_test_passed=False, packages_select=None, packages_skip=None, packages_select_regex=None, packages_skip_regex=None, packages_start=None, packages_end=None, allow_overriding=[], cmake_args=None, cmake_target=None, cmake_target_skip_unavailable=False, cmake_clean_cache=False, cmake_clean_first=False, cmake_force_configure=False, ament_cmake_args=None, catkin_cmake_args=None, catkin_skip_building_tests=False, verb_parser=<colcon_defaults.argument_parser.defaults.DefaultArgumentsDecorator object at 0xffff814e1210>, verb_extension=<colcon_core.verb.build.BuildVerb object at 0xffff8167efb0>, main=<bound method BuildVerb.main of <colcon_core.verb.build.BuildVerb object at 0xffff8167efb0>>)
[1.980s] Level 1:colcon.colcon_core.package_discovery:discover_packages(colcon_meta) check parameters
[1.981s] Level 1:colcon.colcon_core.package_discovery:discover_packages(recursive) check parameters
[1.981s] Level 1:colcon.colcon_core.package_discovery:discover_packages(ignore) check parameters
[1.981s] Level 1:colcon.colcon_core.package_discovery:discover_packages(path) check parameters
[1.982s] Level 1:colcon.colcon_core.package_discovery:discover_packages(colcon_meta) discover
[1.982s] Level 1:colcon.colcon_core.package_discovery:discover_packages(recursive) discover
[1.982s] INFO:colcon.colcon_core.package_discovery:Crawling recursively for packages in '/home/sunrise/jianye_dev/audio_ws'
[1.983s] Level 1:colcon.colcon_core.package_identification:_identify(.) by extensions ['ignore', 'ignore_ament_install']
[1.984s] Level 1:colcon.colcon_core.package_identification:_identify(.) by extension 'ignore'
[1.984s] Level 1:colcon.colcon_core.package_identification:_identify(.) by extension 'ignore_ament_install'
[1.984s] Level 1:colcon.colcon_core.package_identification:_identify(.) by extensions ['colcon_pkg']
[1.985s] Level 1:colcon.colcon_core.package_identification:_identify(.) by extension 'colcon_pkg'
[1.985s] Level 1:colcon.colcon_core.package_identification:_identify(.) by extensions ['colcon_meta']
[1.985s] Level 1:colcon.colcon_core.package_identification:_identify(.) by extension 'colcon_meta'
[1.985s] Level 1:colcon.colcon_core.package_identification:_identify(.) by extensions ['ros']
[1.986s] Level 1:colcon.colcon_core.package_identification:_identify(.) by extension 'ros'
[2.071s] Level 1:colcon.colcon_core.package_identification:_identify(.) by extensions ['cmake', 'python']
[2.071s] Level 1:colcon.colcon_core.package_identification:_identify(.) by extension 'cmake'
[2.072s] Level 1:colcon.colcon_core.package_identification:_identify(.) by extension 'python'
[2.072s] Level 1:colcon.colcon_core.package_identification:_identify(.) by extensions ['python_setup_py']
[2.073s] Level 1:colcon.colcon_core.package_identification:_identify(.) by extension 'python_setup_py'
[2.073s] Level 1:colcon.colcon_core.package_identification:_identify(build) by extensions ['ignore', 'ignore_ament_install']
[2.074s] Level 1:colcon.colcon_core.package_identification:_identify(build) by extension 'ignore'
[2.074s] Level 1:colcon.colcon_core.package_identification:_identify(build) ignored
[2.075s] Level 1:colcon.colcon_core.package_identification:_identify(config) by extensions ['ignore', 'ignore_ament_install']
[2.075s] Level 1:colcon.colcon_core.package_identification:_identify(config) by extension 'ignore'
[2.076s] Level 1:colcon.colcon_core.package_identification:_identify(config) by extension 'ignore_ament_install'
[2.076s] Level 1:colcon.colcon_core.package_identification:_identify(config) by extensions ['colcon_pkg']
[2.076s] Level 1:colcon.colcon_core.package_identification:_identify(config) by extension 'colcon_pkg'
[2.077s] Level 1:colcon.colcon_core.package_identification:_identify(config) by extensions ['colcon_meta']
[2.077s] Level 1:colcon.colcon_core.package_identification:_identify(config) by extension 'colcon_meta'
[2.077s] Level 1:colcon.colcon_core.package_identification:_identify(config) by extensions ['ros']
[2.077s] Level 1:colcon.colcon_core.package_identification:_identify(config) by extension 'ros'
[2.078s] Level 1:colcon.colcon_core.package_identification:_identify(config) by extensions ['cmake', 'python']
[2.078s] Level 1:colcon.colcon_core.package_identification:_identify(config) by extension 'cmake'
[2.079s] Level 1:colcon.colcon_core.package_identification:_identify(config) by extension 'python'
[2.079s] Level 1:colcon.colcon_core.package_identification:_identify(config) by extensions ['python_setup_py']
[2.079s] Level 1:colcon.colcon_core.package_identification:_identify(config) by extension 'python_setup_py'
[2.080s] Level 1:colcon.colcon_core.package_identification:_identify(install) by extensions ['ignore', 'ignore_ament_install']
[2.080s] Level 1:colcon.colcon_core.package_identification:_identify(install) by extension 'ignore'
[2.081s] Level 1:colcon.colcon_core.package_identification:_identify(install) ignored
[2.081s] Level 1:colcon.colcon_core.package_identification:_identify(log) by extensions ['ignore', 'ignore_ament_install']
[2.082s] Level 1:colcon.colcon_core.package_identification:_identify(log) by extension 'ignore'
[2.082s] Level 1:colcon.colcon_core.package_identification:_identify(log) ignored
[2.082s] Level 1:colcon.colcon_core.package_identification:_identify(src) by extensions ['ignore', 'ignore_ament_install']
[2.083s] Level 1:colcon.colcon_core.package_identification:_identify(src) by extension 'ignore'
[2.083s] Level 1:colcon.colcon_core.package_identification:_identify(src) by extension 'ignore_ament_install'
[2.083s] Level 1:colcon.colcon_core.package_identification:_identify(src) by extensions ['colcon_pkg']
[2.084s] Level 1:colcon.colcon_core.package_identification:_identify(src) by extension 'colcon_pkg'
[2.084s] Level 1:colcon.colcon_core.package_identification:_identify(src) by extensions ['colcon_meta']
[2.084s] Level 1:colcon.colcon_core.package_identification:_identify(src) by extension 'colcon_meta'
[2.084s] Level 1:colcon.colcon_core.package_identification:_identify(src) by extensions ['ros']
[2.085s] Level 1:colcon.colcon_core.package_identification:_identify(src) by extension 'ros'
[2.085s] Level 1:colcon.colcon_core.package_identification:_identify(src) by extensions ['cmake', 'python']
[2.085s] Level 1:colcon.colcon_core.package_identification:_identify(src) by extension 'cmake'
[2.086s] Level 1:colcon.colcon_core.package_identification:_identify(src) by extension 'python'
[2.086s] Level 1:colcon.colcon_core.package_identification:_identify(src) by extensions ['python_setup_py']
[2.086s] Level 1:colcon.colcon_core.package_identification:_identify(src) by extension 'python_setup_py'
[2.087s] Level 1:colcon.colcon_core.package_identification:_identify(src/my_audio) by extensions ['ignore', 'ignore_ament_install']
[2.087s] Level 1:colcon.colcon_core.package_identification:_identify(src/my_audio) by extension 'ignore'
[2.087s] Level 1:colcon.colcon_core.package_identification:_identify(src/my_audio) by extension 'ignore_ament_install'
[2.088s] Level 1:colcon.colcon_core.package_identification:_identify(src/my_audio) by extensions ['colcon_pkg']
[2.088s] Level 1:colcon.colcon_core.package_identification:_identify(src/my_audio) by extension 'colcon_pkg'
[2.088s] Level 1:colcon.colcon_core.package_identification:_identify(src/my_audio) by extensions ['colcon_meta']
[2.089s] Level 1:colcon.colcon_core.package_identification:_identify(src/my_audio) by extension 'colcon_meta'
[2.089s] Level 1:colcon.colcon_core.package_identification:_identify(src/my_audio) by extensions ['ros']
[2.089s] Level 1:colcon.colcon_core.package_identification:_identify(src/my_audio) by extension 'ros'
[2.108s] DEBUG:colcon.colcon_core.package_identification:Package 'src/my_audio' with type 'ros.ament_python' and name 'my_audio'
[2.108s] Level 1:colcon.colcon_core.package_discovery:discover_packages(recursive) using defaults
[2.109s] Level 1:colcon.colcon_core.package_discovery:discover_packages(ignore) discover
[2.109s] Level 1:colcon.colcon_core.package_discovery:discover_packages(ignore) using defaults
[2.109s] Level 1:colcon.colcon_core.package_discovery:discover_packages(path) discover
[2.110s] Level 1:colcon.colcon_core.package_discovery:discover_packages(path) using defaults
[2.250s] Level 1:colcon.colcon_core.package_discovery:discover_packages(prefix_path) check parameters
[2.250s] Level 1:colcon.colcon_core.package_discovery:discover_packages(prefix_path) discover
[2.267s] DEBUG:colcon.colcon_installed_package_information.package_discovery:Found 1 installed packages in /home/sunrise/jianye_dev/rplidar_ws/install
[2.272s] DEBUG:colcon.colcon_installed_package_information.package_discovery:Found 12 installed packages in /userdata/dev_ws/install
[2.276s] DEBUG:colcon.colcon_installed_package_information.package_discovery:Found 58 installed packages in /opt/tros/humble
[2.363s] DEBUG:colcon.colcon_installed_package_information.package_discovery:Found 261 installed packages in /opt/ros/humble
[2.375s] Level 1:colcon.colcon_core.package_discovery:discover_packages(prefix_path) using defaults
[2.675s] Level 5:colcon.colcon_core.verb:set package 'my_audio' build argument 'cmake_args' from command line to 'None'
[2.676s] Level 5:colcon.colcon_core.verb:set package 'my_audio' build argument 'cmake_target' from command line to 'None'
[2.676s] Level 5:colcon.colcon_core.verb:set package 'my_audio' build argument 'cmake_target_skip_unavailable' from command line to 'False'
[2.676s] Level 5:colcon.colcon_core.verb:set package 'my_audio' build argument 'cmake_clean_cache' from command line to 'False'
[2.676s] Level 5:colcon.colcon_core.verb:set package 'my_audio' build argument 'cmake_clean_first' from command line to 'False'
[2.677s] Level 5:colcon.colcon_core.verb:set package 'my_audio' build argument 'cmake_force_configure' from command line to 'False'
[2.677s] Level 5:colcon.colcon_core.verb:set package 'my_audio' build argument 'ament_cmake_args' from command line to 'None'
[2.677s] Level 5:colcon.colcon_core.verb:set package 'my_audio' build argument 'catkin_cmake_args' from command line to 'None'
[2.677s] Level 5:colcon.colcon_core.verb:set package 'my_audio' build argument 'catkin_skip_building_tests' from command line to 'False'
[2.678s] DEBUG:colcon.colcon_core.verb:Building package 'my_audio' with the following arguments: {'ament_cmake_args': None, 'build_base': '/home/sunrise/jianye_dev/audio_ws/build/my_audio', 'catkin_cmake_args': None, 'catkin_skip_building_tests': False, 'cmake_args': None, 'cmake_clean_cache': False, 'cmake_clean_first': False, 'cmake_force_configure': False, 'cmake_target': None, 'cmake_target_skip_unavailable': False, 'install_base': '/home/sunrise/jianye_dev/audio_ws/install/my_audio', 'merge_install': False, 'path': '/home/sunrise/jianye_dev/audio_ws/src/my_audio', 'symlink_install': False, 'test_result_base': None}
[2.678s] INFO:colcon.colcon_core.executor:Executing jobs using 'parallel' executor
[2.683s] DEBUG:colcon.colcon_parallel_executor.executor.parallel:run_until_complete
[2.685s] INFO:colcon.colcon_ros.task.ament_python.build:Building ROS package in '/home/sunrise/jianye_dev/audio_ws/src/my_audio' with build type 'ament_python'
[2.686s] Level 1:colcon.colcon_core.shell:create_environment_hook('my_audio', 'ament_prefix_path')
[2.704s] INFO:colcon.colcon_core.plugin_system:Skipping extension 'colcon_core.shell.bat': Not used on non-Windows systems
[2.705s] INFO:colcon.colcon_core.shell:Creating environment hook '/home/sunrise/jianye_dev/audio_ws/install/my_audio/share/my_audio/hook/ament_prefix_path.ps1'
[2.710s] INFO:colcon.colcon_core.shell:Creating environment descriptor '/home/sunrise/jianye_dev/audio_ws/install/my_audio/share/my_audio/hook/ament_prefix_path.dsv'
[2.714s] INFO:colcon.colcon_core.shell:Creating environment hook '/home/sunrise/jianye_dev/audio_ws/install/my_audio/share/my_audio/hook/ament_prefix_path.sh'
[2.720s] INFO:colcon.colcon_core.shell:Skip shell extension 'powershell' for command environment: Not usable outside of PowerShell
[2.720s] DEBUG:colcon.colcon_core.shell:Skip shell extension 'dsv' for command environment
[4.522s] INFO:colcon.colcon_core.task.python.build:Building Python package in '/home/sunrise/jianye_dev/audio_ws/src/my_audio'
[4.528s] INFO:colcon.colcon_core.shell:Skip shell extension 'powershell' for command environment: Not usable outside of PowerShell
[4.529s] DEBUG:colcon.colcon_core.shell:Skip shell extension 'dsv' for command environment
[7.071s] DEBUG:colcon.colcon_core.event_handler.log_command:Invoking command in '/home/sunrise/jianye_dev/audio_ws/src/my_audio': PYTHONPATH=/home/sunrise/jianye_dev/audio_ws/build/my_audio/prefix_override:/usr/lib/python3/dist-packages/colcon_core/task/python/colcon_distutils_commands:/home/sunrise/jianye_dev/audio_ws/install/my_audio/lib/python3.10/site-packages:${PYTHONPATH} /usr/bin/python3 -W ignore:setup.py install is deprecated -W ignore:easy_install command is deprecated setup.py egg_info --egg-base ../../build/my_audio build --build-base /home/sunrise/jianye_dev/audio_ws/build/my_audio/build install --record /home/sunrise/jianye_dev/audio_ws/build/my_audio/install.log --single-version-externally-managed install_data
[9.178s] DEBUG:colcon.colcon_core.event_handler.log_command:Invoked command in '/home/sunrise/jianye_dev/audio_ws/src/my_audio' returned '0': PYTHONPATH=/home/sunrise/jianye_dev/audio_ws/build/my_audio/prefix_override:/usr/lib/python3/dist-packages/colcon_core/task/python/colcon_distutils_commands:/home/sunrise/jianye_dev/audio_ws/install/my_audio/lib/python3.10/site-packages:${PYTHONPATH} /usr/bin/python3 -W ignore:setup.py install is deprecated -W ignore:easy_install command is deprecated setup.py egg_info --egg-base ../../build/my_audio build --build-base /home/sunrise/jianye_dev/audio_ws/build/my_audio/build install --record /home/sunrise/jianye_dev/audio_ws/build/my_audio/install.log --single-version-externally-managed install_data
[9.212s] Level 1:colcon.colcon_core.environment:checking '/home/sunrise/jianye_dev/audio_ws/install/my_audio' for CMake module files
[9.216s] Level 1:colcon.colcon_core.environment:checking '/home/sunrise/jianye_dev/audio_ws/install/my_audio' for CMake config files
[9.220s] Level 1:colcon.colcon_core.environment:checking '/home/sunrise/jianye_dev/audio_ws/install/my_audio/lib'
[9.221s] Level 1:colcon.colcon_core.environment:checking '/home/sunrise/jianye_dev/audio_ws/install/my_audio/bin'
[9.221s] Level 1:colcon.colcon_core.environment:checking '/home/sunrise/jianye_dev/audio_ws/install/my_audio/lib/pkgconfig/my_audio.pc'
[9.222s] Level 1:colcon.colcon_core.environment:checking '/home/sunrise/jianye_dev/audio_ws/install/my_audio/lib/python3.10/site-packages'
[9.223s] Level 1:colcon.colcon_core.shell:create_environment_hook('my_audio', 'pythonpath')
[9.224s] INFO:colcon.colcon_core.shell:Creating environment hook '/home/sunrise/jianye_dev/audio_ws/install/my_audio/share/my_audio/hook/pythonpath.ps1'
[9.227s] INFO:colcon.colcon_core.shell:Creating environment descriptor '/home/sunrise/jianye_dev/audio_ws/install/my_audio/share/my_audio/hook/pythonpath.dsv'
[9.229s] INFO:colcon.colcon_core.shell:Creating environment hook '/home/sunrise/jianye_dev/audio_ws/install/my_audio/share/my_audio/hook/pythonpath.sh'
[9.233s] Level 1:colcon.colcon_core.environment:checking '/home/sunrise/jianye_dev/audio_ws/install/my_audio/bin'
[9.234s] Level 1:colcon.colcon_core.environment:create_environment_scripts_only(my_audio)
[9.237s] INFO:colcon.colcon_core.shell:Creating package script '/home/sunrise/jianye_dev/audio_ws/install/my_audio/share/my_audio/package.ps1'
[9.244s] INFO:colcon.colcon_core.shell:Creating package descriptor '/home/sunrise/jianye_dev/audio_ws/install/my_audio/share/my_audio/package.dsv'
[9.250s] INFO:colcon.colcon_core.shell:Creating package script '/home/sunrise/jianye_dev/audio_ws/install/my_audio/share/my_audio/package.sh'
[9.257s] INFO:colcon.colcon_core.shell:Creating package script '/home/sunrise/jianye_dev/audio_ws/install/my_audio/share/my_audio/package.bash'
[9.263s] INFO:colcon.colcon_core.shell:Creating package script '/home/sunrise/jianye_dev/audio_ws/install/my_audio/share/my_audio/package.zsh'
[9.269s] Level 1:colcon.colcon_core.environment:create_file_with_runtime_dependencies(/home/sunrise/jianye_dev/audio_ws/install/my_audio/share/colcon-core/packages/my_audio)
[9.271s] DEBUG:colcon.colcon_parallel_executor.executor.parallel:closing loop
[9.272s] DEBUG:colcon.colcon_parallel_executor.executor.parallel:loop closed
[9.273s] DEBUG:colcon.colcon_parallel_executor.executor.parallel:run_until_complete finished with '0'
[9.273s] DEBUG:colcon.colcon_core.event_reactor:joining thread
[9.321s] INFO:colcon.colcon_core.plugin_system:Skipping extension 'colcon_notification.desktop_notification.notify_send': Could not find 'notify-send'
[9.322s] INFO:colcon.colcon_core.plugin_system:Skipping extension 'colcon_notification.desktop_notification.terminal_notifier': Not used on non-Darwin systems
[9.322s] INFO:colcon.colcon_core.plugin_system:Skipping extension 'colcon_notification.desktop_notification.win32': Not used on non-Windows systems
[9.323s] INFO:colcon.colcon_notification.desktop_notification:Sending desktop notification using 'notify2'
[9.348s] DEBUG:colcon.colcon_core.event_reactor:joined thread
[9.350s] INFO:colcon.colcon_core.shell:Creating prefix script '/home/sunrise/jianye_dev/audio_ws/install/local_setup.ps1'
[9.363s] INFO:colcon.colcon_core.shell:Creating prefix util module '/home/sunrise/jianye_dev/audio_ws/install/_local_setup_util_ps1.py'
[9.375s] INFO:colcon.colcon_core.shell:Creating prefix chain script '/home/sunrise/jianye_dev/audio_ws/install/setup.ps1'
[9.388s] INFO:colcon.colcon_core.shell:Creating prefix script '/home/sunrise/jianye_dev/audio_ws/install/local_setup.sh'
[9.393s] INFO:colcon.colcon_core.shell:Creating prefix util module '/home/sunrise/jianye_dev/audio_ws/install/_local_setup_util_sh.py'
[9.397s] INFO:colcon.colcon_core.shell:Creating prefix chain script '/home/sunrise/jianye_dev/audio_ws/install/setup.sh'
[9.410s] INFO:colcon.colcon_core.shell:Creating prefix script '/home/sunrise/jianye_dev/audio_ws/install/local_setup.bash'
[9.414s] INFO:colcon.colcon_core.shell:Creating prefix chain script '/home/sunrise/jianye_dev/audio_ws/install/setup.bash'
[9.425s] INFO:colcon.colcon_core.shell:Creating prefix script '/home/sunrise/jianye_dev/audio_ws/install/local_setup.zsh'
[9.430s] INFO:colcon.colcon_core.shell:Creating prefix chain script '/home/sunrise/jianye_dev/audio_ws/install/setup.zsh'
