[0.728s] DEBUG:colcon:Command line arguments: ['/usr/bin/colcon', 'build']
[0.728s] DEBUG:colcon:Parsed command line arguments: Namespace(log_base=None, log_level=None, verb_name='build', build_base='build', install_base='install', merge_install=False, symlink_install=False, test_result_base=None, continue_on_error=False, executor='parallel', parallel_workers=8, event_handlers=None, ignore_user_meta=False, metas=['./colcon.meta'], base_paths=['.'], packages_ignore=None, packages_ignore_regex=None, paths=None, packages_up_to=None, packages_up_to_regex=None, packages_above=None, packages_above_and_dependencies=None, packages_above_depth=None, packages_select_by_dep=None, packages_skip_by_dep=None, packages_skip_up_to=None, packages_select_build_failed=False, packages_skip_build_finished=False, packages_select_test_failures=False, packages_skip_test_passed=False, packages_select=None, packages_skip=None, packages_select_regex=None, packages_skip_regex=None, packages_start=None, packages_end=None, allow_overriding=[], cmake_args=None, cmake_target=None, cmake_target_skip_unavailable=False, cmake_clean_cache=False, cmake_clean_first=False, cmake_force_configure=False, ament_cmake_args=None, catkin_cmake_args=None, catkin_skip_building_tests=False, verb_parser=<colcon_defaults.argument_parser.defaults.DefaultArgumentsDecorator object at 0xffff903511e0>, verb_extension=<colcon_core.verb.build.BuildVerb object at 0xffff904eef80>, main=<bound method BuildVerb.main of <colcon_core.verb.build.BuildVerb object at 0xffff904eef80>>)
[2.054s] Level 1:colcon.colcon_core.package_discovery:discover_packages(colcon_meta) check parameters
[2.054s] Level 1:colcon.colcon_core.package_discovery:discover_packages(recursive) check parameters
[2.054s] Level 1:colcon.colcon_core.package_discovery:discover_packages(ignore) check parameters
[2.055s] Level 1:colcon.colcon_core.package_discovery:discover_packages(path) check parameters
[2.055s] Level 1:colcon.colcon_core.package_discovery:discover_packages(colcon_meta) discover
[2.055s] Level 1:colcon.colcon_core.package_discovery:discover_packages(recursive) discover
[2.055s] INFO:colcon.colcon_core.package_discovery:Crawling recursively for packages in '/home/sunrise/jianye_dev/servo_ws'
[2.056s] Level 1:colcon.colcon_core.package_identification:_identify(.) by extensions ['ignore', 'ignore_ament_install']
[2.056s] Level 1:colcon.colcon_core.package_identification:_identify(.) by extension 'ignore'
[2.057s] Level 1:colcon.colcon_core.package_identification:_identify(.) by extension 'ignore_ament_install'
[2.057s] Level 1:colcon.colcon_core.package_identification:_identify(.) by extensions ['colcon_pkg']
[2.057s] Level 1:colcon.colcon_core.package_identification:_identify(.) by extension 'colcon_pkg'
[2.058s] Level 1:colcon.colcon_core.package_identification:_identify(.) by extensions ['colcon_meta']
[2.058s] Level 1:colcon.colcon_core.package_identification:_identify(.) by extension 'colcon_meta'
[2.058s] Level 1:colcon.colcon_core.package_identification:_identify(.) by extensions ['ros']
[2.058s] Level 1:colcon.colcon_core.package_identification:_identify(.) by extension 'ros'
[2.135s] Level 1:colcon.colcon_core.package_identification:_identify(.) by extensions ['cmake', 'python']
[2.135s] Level 1:colcon.colcon_core.package_identification:_identify(.) by extension 'cmake'
[2.136s] Level 1:colcon.colcon_core.package_identification:_identify(.) by extension 'python'
[2.136s] Level 1:colcon.colcon_core.package_identification:_identify(.) by extensions ['python_setup_py']
[2.136s] Level 1:colcon.colcon_core.package_identification:_identify(.) by extension 'python_setup_py'
[2.137s] Level 1:colcon.colcon_core.package_identification:_identify(build) by extensions ['ignore', 'ignore_ament_install']
[2.137s] Level 1:colcon.colcon_core.package_identification:_identify(build) by extension 'ignore'
[2.138s] Level 1:colcon.colcon_core.package_identification:_identify(build) ignored
[2.138s] Level 1:colcon.colcon_core.package_identification:_identify(install) by extensions ['ignore', 'ignore_ament_install']
[2.139s] Level 1:colcon.colcon_core.package_identification:_identify(install) by extension 'ignore'
[2.139s] Level 1:colcon.colcon_core.package_identification:_identify(install) ignored
[2.140s] Level 1:colcon.colcon_core.package_identification:_identify(log) by extensions ['ignore', 'ignore_ament_install']
[2.140s] Level 1:colcon.colcon_core.package_identification:_identify(log) by extension 'ignore'
[2.140s] Level 1:colcon.colcon_core.package_identification:_identify(log) ignored
[2.141s] Level 1:colcon.colcon_core.package_identification:_identify(src) by extensions ['ignore', 'ignore_ament_install']
[2.141s] Level 1:colcon.colcon_core.package_identification:_identify(src) by extension 'ignore'
[2.141s] Level 1:colcon.colcon_core.package_identification:_identify(src) by extension 'ignore_ament_install'
[2.142s] Level 1:colcon.colcon_core.package_identification:_identify(src) by extensions ['colcon_pkg']
[2.142s] Level 1:colcon.colcon_core.package_identification:_identify(src) by extension 'colcon_pkg'
[2.142s] Level 1:colcon.colcon_core.package_identification:_identify(src) by extensions ['colcon_meta']
[2.142s] Level 1:colcon.colcon_core.package_identification:_identify(src) by extension 'colcon_meta'
[2.143s] Level 1:colcon.colcon_core.package_identification:_identify(src) by extensions ['ros']
[2.143s] Level 1:colcon.colcon_core.package_identification:_identify(src) by extension 'ros'
[2.143s] Level 1:colcon.colcon_core.package_identification:_identify(src) by extensions ['cmake', 'python']
[2.144s] Level 1:colcon.colcon_core.package_identification:_identify(src) by extension 'cmake'
[2.144s] Level 1:colcon.colcon_core.package_identification:_identify(src) by extension 'python'
[2.144s] Level 1:colcon.colcon_core.package_identification:_identify(src) by extensions ['python_setup_py']
[2.144s] Level 1:colcon.colcon_core.package_identification:_identify(src) by extension 'python_setup_py'
[2.145s] Level 1:colcon.colcon_core.package_identification:_identify(src/servo_control) by extensions ['ignore', 'ignore_ament_install']
[2.145s] Level 1:colcon.colcon_core.package_identification:_identify(src/servo_control) by extension 'ignore'
[2.146s] Level 1:colcon.colcon_core.package_identification:_identify(src/servo_control) by extension 'ignore_ament_install'
[2.146s] Level 1:colcon.colcon_core.package_identification:_identify(src/servo_control) by extensions ['colcon_pkg']
[2.146s] Level 1:colcon.colcon_core.package_identification:_identify(src/servo_control) by extension 'colcon_pkg'
[2.146s] Level 1:colcon.colcon_core.package_identification:_identify(src/servo_control) by extensions ['colcon_meta']
[2.147s] Level 1:colcon.colcon_core.package_identification:_identify(src/servo_control) by extension 'colcon_meta'
[2.147s] Level 1:colcon.colcon_core.package_identification:_identify(src/servo_control) by extensions ['ros']
[2.147s] Level 1:colcon.colcon_core.package_identification:_identify(src/servo_control) by extension 'ros'
[2.164s] DEBUG:colcon.colcon_core.package_identification:Package 'src/servo_control' with type 'ros.ament_python' and name 'servo_control'
[2.164s] Level 1:colcon.colcon_core.package_discovery:discover_packages(recursive) using defaults
[2.165s] Level 1:colcon.colcon_core.package_discovery:discover_packages(ignore) discover
[2.165s] Level 1:colcon.colcon_core.package_discovery:discover_packages(ignore) using defaults
[2.165s] Level 1:colcon.colcon_core.package_discovery:discover_packages(path) discover
[2.165s] Level 1:colcon.colcon_core.package_discovery:discover_packages(path) using defaults
[2.302s] Level 1:colcon.colcon_core.package_discovery:discover_packages(prefix_path) check parameters
[2.303s] Level 1:colcon.colcon_core.package_discovery:discover_packages(prefix_path) discover
[2.319s] DEBUG:colcon.colcon_installed_package_information.package_discovery:Found 1 installed packages in /home/sunrise/jianye_dev/rplidar_ws/install
[2.323s] DEBUG:colcon.colcon_installed_package_information.package_discovery:Found 12 installed packages in /userdata/dev_ws/install
[2.327s] DEBUG:colcon.colcon_installed_package_information.package_discovery:Found 58 installed packages in /opt/tros/humble
[2.412s] DEBUG:colcon.colcon_installed_package_information.package_discovery:Found 261 installed packages in /opt/ros/humble
[2.423s] Level 1:colcon.colcon_core.package_discovery:discover_packages(prefix_path) using defaults
[2.717s] Level 5:colcon.colcon_core.verb:set package 'servo_control' build argument 'cmake_args' from command line to 'None'
[2.718s] Level 5:colcon.colcon_core.verb:set package 'servo_control' build argument 'cmake_target' from command line to 'None'
[2.718s] Level 5:colcon.colcon_core.verb:set package 'servo_control' build argument 'cmake_target_skip_unavailable' from command line to 'False'
[2.718s] Level 5:colcon.colcon_core.verb:set package 'servo_control' build argument 'cmake_clean_cache' from command line to 'False'
[2.718s] Level 5:colcon.colcon_core.verb:set package 'servo_control' build argument 'cmake_clean_first' from command line to 'False'
[2.719s] Level 5:colcon.colcon_core.verb:set package 'servo_control' build argument 'cmake_force_configure' from command line to 'False'
[2.719s] Level 5:colcon.colcon_core.verb:set package 'servo_control' build argument 'ament_cmake_args' from command line to 'None'
[2.719s] Level 5:colcon.colcon_core.verb:set package 'servo_control' build argument 'catkin_cmake_args' from command line to 'None'
[2.719s] Level 5:colcon.colcon_core.verb:set package 'servo_control' build argument 'catkin_skip_building_tests' from command line to 'False'
[2.719s] DEBUG:colcon.colcon_core.verb:Building package 'servo_control' with the following arguments: {'ament_cmake_args': None, 'build_base': '/home/sunrise/jianye_dev/servo_ws/build/servo_control', 'catkin_cmake_args': None, 'catkin_skip_building_tests': False, 'cmake_args': None, 'cmake_clean_cache': False, 'cmake_clean_first': False, 'cmake_force_configure': False, 'cmake_target': None, 'cmake_target_skip_unavailable': False, 'install_base': '/home/sunrise/jianye_dev/servo_ws/install/servo_control', 'merge_install': False, 'path': '/home/sunrise/jianye_dev/servo_ws/src/servo_control', 'symlink_install': False, 'test_result_base': None}
[2.720s] INFO:colcon.colcon_core.executor:Executing jobs using 'parallel' executor
[2.725s] DEBUG:colcon.colcon_parallel_executor.executor.parallel:run_until_complete
[2.727s] INFO:colcon.colcon_ros.task.ament_python.build:Building ROS package in '/home/sunrise/jianye_dev/servo_ws/src/servo_control' with build type 'ament_python'
[2.727s] Level 1:colcon.colcon_core.shell:create_environment_hook('servo_control', 'ament_prefix_path')
[2.745s] INFO:colcon.colcon_core.plugin_system:Skipping extension 'colcon_core.shell.bat': Not used on non-Windows systems
[2.747s] INFO:colcon.colcon_core.shell:Creating environment hook '/home/sunrise/jianye_dev/servo_ws/install/servo_control/share/servo_control/hook/ament_prefix_path.ps1'
[2.751s] INFO:colcon.colcon_core.shell:Creating environment descriptor '/home/sunrise/jianye_dev/servo_ws/install/servo_control/share/servo_control/hook/ament_prefix_path.dsv'
[2.755s] INFO:colcon.colcon_core.shell:Creating environment hook '/home/sunrise/jianye_dev/servo_ws/install/servo_control/share/servo_control/hook/ament_prefix_path.sh'
[2.760s] INFO:colcon.colcon_core.shell:Skip shell extension 'powershell' for command environment: Not usable outside of PowerShell
[2.761s] DEBUG:colcon.colcon_core.shell:Skip shell extension 'dsv' for command environment
[4.479s] INFO:colcon.colcon_core.task.python.build:Building Python package in '/home/sunrise/jianye_dev/servo_ws/src/servo_control'
[4.481s] INFO:colcon.colcon_core.shell:Skip shell extension 'powershell' for command environment: Not usable outside of PowerShell
[4.481s] DEBUG:colcon.colcon_core.shell:Skip shell extension 'dsv' for command environment
[6.951s] DEBUG:colcon.colcon_core.event_handler.log_command:Invoking command in '/home/sunrise/jianye_dev/servo_ws/src/servo_control': PYTHONPATH=/home/sunrise/jianye_dev/servo_ws/build/servo_control/prefix_override:/usr/lib/python3/dist-packages/colcon_core/task/python/colcon_distutils_commands:/home/sunrise/jianye_dev/servo_ws/install/servo_control/lib/python3.10/site-packages:${PYTHONPATH} /usr/bin/python3 -W ignore:setup.py install is deprecated -W ignore:easy_install command is deprecated setup.py egg_info --egg-base ../../build/servo_control build --build-base /home/sunrise/jianye_dev/servo_ws/build/servo_control/build install --record /home/sunrise/jianye_dev/servo_ws/build/servo_control/install.log --single-version-externally-managed install_data
[8.922s] DEBUG:colcon.colcon_core.event_handler.log_command:Invoked command in '/home/sunrise/jianye_dev/servo_ws/src/servo_control' returned '0': PYTHONPATH=/home/sunrise/jianye_dev/servo_ws/build/servo_control/prefix_override:/usr/lib/python3/dist-packages/colcon_core/task/python/colcon_distutils_commands:/home/sunrise/jianye_dev/servo_ws/install/servo_control/lib/python3.10/site-packages:${PYTHONPATH} /usr/bin/python3 -W ignore:setup.py install is deprecated -W ignore:easy_install command is deprecated setup.py egg_info --egg-base ../../build/servo_control build --build-base /home/sunrise/jianye_dev/servo_ws/build/servo_control/build install --record /home/sunrise/jianye_dev/servo_ws/build/servo_control/install.log --single-version-externally-managed install_data
[8.948s] Level 1:colcon.colcon_core.environment:checking '/home/sunrise/jianye_dev/servo_ws/install/servo_control' for CMake module files
[8.954s] Level 1:colcon.colcon_core.environment:checking '/home/sunrise/jianye_dev/servo_ws/install/servo_control' for CMake config files
[8.960s] Level 1:colcon.colcon_core.environment:checking '/home/sunrise/jianye_dev/servo_ws/install/servo_control/lib'
[8.962s] Level 1:colcon.colcon_core.environment:checking '/home/sunrise/jianye_dev/servo_ws/install/servo_control/bin'
[8.963s] Level 1:colcon.colcon_core.environment:checking '/home/sunrise/jianye_dev/servo_ws/install/servo_control/lib/pkgconfig/servo_control.pc'
[8.966s] Level 1:colcon.colcon_core.environment:checking '/home/sunrise/jianye_dev/servo_ws/install/servo_control/lib/python3.10/site-packages'
[8.966s] Level 1:colcon.colcon_core.shell:create_environment_hook('servo_control', 'pythonpath')
[8.968s] INFO:colcon.colcon_core.shell:Creating environment hook '/home/sunrise/jianye_dev/servo_ws/install/servo_control/share/servo_control/hook/pythonpath.ps1'
[8.970s] INFO:colcon.colcon_core.shell:Creating environment descriptor '/home/sunrise/jianye_dev/servo_ws/install/servo_control/share/servo_control/hook/pythonpath.dsv'
[8.972s] INFO:colcon.colcon_core.shell:Creating environment hook '/home/sunrise/jianye_dev/servo_ws/install/servo_control/share/servo_control/hook/pythonpath.sh'
[8.976s] Level 1:colcon.colcon_core.environment:checking '/home/sunrise/jianye_dev/servo_ws/install/servo_control/bin'
[8.977s] Level 1:colcon.colcon_core.environment:create_environment_scripts_only(servo_control)
[8.979s] INFO:colcon.colcon_core.shell:Creating package script '/home/sunrise/jianye_dev/servo_ws/install/servo_control/share/servo_control/package.ps1'
[8.987s] INFO:colcon.colcon_core.shell:Creating package descriptor '/home/sunrise/jianye_dev/servo_ws/install/servo_control/share/servo_control/package.dsv'
[8.992s] INFO:colcon.colcon_core.shell:Creating package script '/home/sunrise/jianye_dev/servo_ws/install/servo_control/share/servo_control/package.sh'
[8.998s] INFO:colcon.colcon_core.shell:Creating package script '/home/sunrise/jianye_dev/servo_ws/install/servo_control/share/servo_control/package.bash'
[9.005s] INFO:colcon.colcon_core.shell:Creating package script '/home/sunrise/jianye_dev/servo_ws/install/servo_control/share/servo_control/package.zsh'
[9.011s] Level 1:colcon.colcon_core.environment:create_file_with_runtime_dependencies(/home/sunrise/jianye_dev/servo_ws/install/servo_control/share/colcon-core/packages/servo_control)
[9.013s] DEBUG:colcon.colcon_parallel_executor.executor.parallel:closing loop
[9.015s] DEBUG:colcon.colcon_parallel_executor.executor.parallel:loop closed
[9.015s] DEBUG:colcon.colcon_parallel_executor.executor.parallel:run_until_complete finished with '0'
[9.016s] DEBUG:colcon.colcon_core.event_reactor:joining thread
[9.057s] INFO:colcon.colcon_core.plugin_system:Skipping extension 'colcon_notification.desktop_notification.notify_send': Could not find 'notify-send'
[9.058s] INFO:colcon.colcon_core.plugin_system:Skipping extension 'colcon_notification.desktop_notification.terminal_notifier': Not used on non-Darwin systems
[9.058s] INFO:colcon.colcon_core.plugin_system:Skipping extension 'colcon_notification.desktop_notification.win32': Not used on non-Windows systems
[9.059s] INFO:colcon.colcon_notification.desktop_notification:Sending desktop notification using 'notify2'
[9.408s] DEBUG:colcon.colcon_core.event_reactor:joined thread
[9.410s] INFO:colcon.colcon_core.shell:Creating prefix script '/home/sunrise/jianye_dev/servo_ws/install/local_setup.ps1'
[9.418s] INFO:colcon.colcon_core.shell:Creating prefix util module '/home/sunrise/jianye_dev/servo_ws/install/_local_setup_util_ps1.py'
[9.430s] INFO:colcon.colcon_core.shell:Creating prefix chain script '/home/sunrise/jianye_dev/servo_ws/install/setup.ps1'
[9.441s] INFO:colcon.colcon_core.shell:Creating prefix script '/home/sunrise/jianye_dev/servo_ws/install/local_setup.sh'
[9.446s] INFO:colcon.colcon_core.shell:Creating prefix util module '/home/sunrise/jianye_dev/servo_ws/install/_local_setup_util_sh.py'
[9.451s] INFO:colcon.colcon_core.shell:Creating prefix chain script '/home/sunrise/jianye_dev/servo_ws/install/setup.sh'
[9.463s] INFO:colcon.colcon_core.shell:Creating prefix script '/home/sunrise/jianye_dev/servo_ws/install/local_setup.bash'
[9.467s] INFO:colcon.colcon_core.shell:Creating prefix chain script '/home/sunrise/jianye_dev/servo_ws/install/setup.bash'
[9.478s] INFO:colcon.colcon_core.shell:Creating prefix script '/home/sunrise/jianye_dev/servo_ws/install/local_setup.zsh'
[9.482s] INFO:colcon.colcon_core.shell:Creating prefix chain script '/home/sunrise/jianye_dev/servo_ws/install/setup.zsh'
