[0.680s] DEBUG:colcon:Command line arguments: ['/usr/bin/colcon', 'build']
[0.681s] DEBUG:colcon:Parsed command line arguments: Namespace(log_base=None, log_level=None, verb_name='build', build_base='build', install_base='install', merge_install=False, symlink_install=False, test_result_base=None, continue_on_error=False, executor='parallel', parallel_workers=8, event_handlers=None, ignore_user_meta=False, metas=['./colcon.meta'], base_paths=['.'], packages_ignore=None, packages_ignore_regex=None, paths=None, packages_up_to=None, packages_up_to_regex=None, packages_above=None, packages_above_and_dependencies=None, packages_above_depth=None, packages_select_by_dep=None, packages_skip_by_dep=None, packages_skip_up_to=None, packages_select_build_failed=False, packages_skip_build_finished=False, packages_select_test_failures=False, packages_skip_test_passed=False, packages_select=None, packages_skip=None, packages_select_regex=None, packages_skip_regex=None, packages_start=None, packages_end=None, allow_overriding=[], cmake_args=None, cmake_target=None, cmake_target_skip_unavailable=False, cmake_clean_cache=False, cmake_clean_first=False, cmake_force_configure=False, ament_cmake_args=None, catkin_cmake_args=None, catkin_skip_building_tests=False, verb_parser=<colcon_defaults.argument_parser.defaults.DefaultArgumentsDecorator object at 0xffffb5dfcd30>, verb_extension=<colcon_core.verb.build.BuildVerb object at 0xffffb5f9ead0>, main=<bound method BuildVerb.main of <colcon_core.verb.build.BuildVerb object at 0xffffb5f9ead0>>)
[1.833s] Level 1:colcon.colcon_core.package_discovery:discover_packages(colcon_meta) check parameters
[1.833s] Level 1:colcon.colcon_core.package_discovery:discover_packages(recursive) check parameters
[1.834s] Level 1:colcon.colcon_core.package_discovery:discover_packages(ignore) check parameters
[1.834s] Level 1:colcon.colcon_core.package_discovery:discover_packages(path) check parameters
[1.834s] Level 1:colcon.colcon_core.package_discovery:discover_packages(colcon_meta) discover
[1.834s] Level 1:colcon.colcon_core.package_discovery:discover_packages(recursive) discover
[1.835s] INFO:colcon.colcon_core.package_discovery:Crawling recursively for packages in '/home/sunrise/jianye_dev/mono2d_ws'
[1.835s] Level 1:colcon.colcon_core.package_identification:_identify(.) by extensions ['ignore', 'ignore_ament_install']
[1.836s] Level 1:colcon.colcon_core.package_identification:_identify(.) by extension 'ignore'
[1.836s] Level 1:colcon.colcon_core.package_identification:_identify(.) by extension 'ignore_ament_install'
[1.836s] Level 1:colcon.colcon_core.package_identification:_identify(.) by extensions ['colcon_pkg']
[1.837s] Level 1:colcon.colcon_core.package_identification:_identify(.) by extension 'colcon_pkg'
[1.837s] Level 1:colcon.colcon_core.package_identification:_identify(.) by extensions ['colcon_meta']
[1.837s] Level 1:colcon.colcon_core.package_identification:_identify(.) by extension 'colcon_meta'
[1.837s] Level 1:colcon.colcon_core.package_identification:_identify(.) by extensions ['ros']
[1.838s] Level 1:colcon.colcon_core.package_identification:_identify(.) by extension 'ros'
[1.914s] Level 1:colcon.colcon_core.package_identification:_identify(.) by extensions ['cmake', 'python']
[1.915s] Level 1:colcon.colcon_core.package_identification:_identify(.) by extension 'cmake'
[1.915s] Level 1:colcon.colcon_core.package_identification:_identify(.) by extension 'python'
[1.915s] Level 1:colcon.colcon_core.package_identification:_identify(.) by extensions ['python_setup_py']
[1.916s] Level 1:colcon.colcon_core.package_identification:_identify(.) by extension 'python_setup_py'
[1.917s] Level 1:colcon.colcon_core.package_identification:_identify(build) by extensions ['ignore', 'ignore_ament_install']
[1.917s] Level 1:colcon.colcon_core.package_identification:_identify(build) by extension 'ignore'
[1.917s] Level 1:colcon.colcon_core.package_identification:_identify(build) ignored
[1.918s] Level 1:colcon.colcon_core.package_identification:_identify(config) by extensions ['ignore', 'ignore_ament_install']
[1.919s] Level 1:colcon.colcon_core.package_identification:_identify(config) by extension 'ignore'
[1.919s] Level 1:colcon.colcon_core.package_identification:_identify(config) by extension 'ignore_ament_install'
[1.919s] Level 1:colcon.colcon_core.package_identification:_identify(config) by extensions ['colcon_pkg']
[1.920s] Level 1:colcon.colcon_core.package_identification:_identify(config) by extension 'colcon_pkg'
[1.920s] Level 1:colcon.colcon_core.package_identification:_identify(config) by extensions ['colcon_meta']
[1.920s] Level 1:colcon.colcon_core.package_identification:_identify(config) by extension 'colcon_meta'
[1.920s] Level 1:colcon.colcon_core.package_identification:_identify(config) by extensions ['ros']
[1.921s] Level 1:colcon.colcon_core.package_identification:_identify(config) by extension 'ros'
[1.921s] Level 1:colcon.colcon_core.package_identification:_identify(config) by extensions ['cmake', 'python']
[1.921s] Level 1:colcon.colcon_core.package_identification:_identify(config) by extension 'cmake'
[1.922s] Level 1:colcon.colcon_core.package_identification:_identify(config) by extension 'python'
[1.922s] Level 1:colcon.colcon_core.package_identification:_identify(config) by extensions ['python_setup_py']
[1.922s] Level 1:colcon.colcon_core.package_identification:_identify(config) by extension 'python_setup_py'
[1.923s] Level 1:colcon.colcon_core.package_identification:_identify(install) by extensions ['ignore', 'ignore_ament_install']
[1.923s] Level 1:colcon.colcon_core.package_identification:_identify(install) by extension 'ignore'
[1.923s] Level 1:colcon.colcon_core.package_identification:_identify(install) ignored
[1.924s] Level 1:colcon.colcon_core.package_identification:_identify(log) by extensions ['ignore', 'ignore_ament_install']
[1.925s] Level 1:colcon.colcon_core.package_identification:_identify(log) by extension 'ignore'
[1.925s] Level 1:colcon.colcon_core.package_identification:_identify(log) ignored
[1.925s] Level 1:colcon.colcon_core.package_identification:_identify(src) by extensions ['ignore', 'ignore_ament_install']
[1.926s] Level 1:colcon.colcon_core.package_identification:_identify(src) by extension 'ignore'
[1.926s] Level 1:colcon.colcon_core.package_identification:_identify(src) by extension 'ignore_ament_install'
[1.926s] Level 1:colcon.colcon_core.package_identification:_identify(src) by extensions ['colcon_pkg']
[1.927s] Level 1:colcon.colcon_core.package_identification:_identify(src) by extension 'colcon_pkg'
[1.927s] Level 1:colcon.colcon_core.package_identification:_identify(src) by extensions ['colcon_meta']
[1.927s] Level 1:colcon.colcon_core.package_identification:_identify(src) by extension 'colcon_meta'
[1.927s] Level 1:colcon.colcon_core.package_identification:_identify(src) by extensions ['ros']
[1.928s] Level 1:colcon.colcon_core.package_identification:_identify(src) by extension 'ros'
[1.928s] Level 1:colcon.colcon_core.package_identification:_identify(src) by extensions ['cmake', 'python']
[1.928s] Level 1:colcon.colcon_core.package_identification:_identify(src) by extension 'cmake'
[1.929s] Level 1:colcon.colcon_core.package_identification:_identify(src) by extension 'python'
[1.929s] Level 1:colcon.colcon_core.package_identification:_identify(src) by extensions ['python_setup_py']
[1.929s] Level 1:colcon.colcon_core.package_identification:_identify(src) by extension 'python_setup_py'
[1.930s] Level 1:colcon.colcon_core.package_identification:_identify(src/body_follow) by extensions ['ignore', 'ignore_ament_install']
[1.930s] Level 1:colcon.colcon_core.package_identification:_identify(src/body_follow) by extension 'ignore'
[1.930s] Level 1:colcon.colcon_core.package_identification:_identify(src/body_follow) by extension 'ignore_ament_install'
[1.931s] Level 1:colcon.colcon_core.package_identification:_identify(src/body_follow) by extensions ['colcon_pkg']
[1.931s] Level 1:colcon.colcon_core.package_identification:_identify(src/body_follow) by extension 'colcon_pkg'
[1.931s] Level 1:colcon.colcon_core.package_identification:_identify(src/body_follow) by extensions ['colcon_meta']
[1.931s] Level 1:colcon.colcon_core.package_identification:_identify(src/body_follow) by extension 'colcon_meta'
[1.932s] Level 1:colcon.colcon_core.package_identification:_identify(src/body_follow) by extensions ['ros']
[1.932s] Level 1:colcon.colcon_core.package_identification:_identify(src/body_follow) by extension 'ros'
[1.947s] DEBUG:colcon.colcon_core.package_identification:Package 'src/body_follow' with type 'ros.ament_cmake' and name 'body_follow'
[1.947s] Level 1:colcon.colcon_core.package_discovery:discover_packages(recursive) using defaults
[1.948s] Level 1:colcon.colcon_core.package_discovery:discover_packages(ignore) discover
[1.948s] Level 1:colcon.colcon_core.package_discovery:discover_packages(ignore) using defaults
[1.948s] Level 1:colcon.colcon_core.package_discovery:discover_packages(path) discover
[1.949s] Level 1:colcon.colcon_core.package_discovery:discover_packages(path) using defaults
[2.071s] Level 1:colcon.colcon_core.package_discovery:discover_packages(prefix_path) check parameters
[2.071s] Level 1:colcon.colcon_core.package_discovery:discover_packages(prefix_path) discover
[2.085s] DEBUG:colcon.colcon_installed_package_information.package_discovery:Found 1 installed packages in /home/sunrise/jianye_dev/mono2d_ws/install
[2.089s] DEBUG:colcon.colcon_installed_package_information.package_discovery:Found 12 installed packages in /userdata/dev_ws/install
[2.093s] DEBUG:colcon.colcon_installed_package_information.package_discovery:Found 1 installed packages in /home/sunrise/jianye_dev/rplidar_ws/install
[2.095s] DEBUG:colcon.colcon_installed_package_information.package_discovery:Found 51 installed packages in /opt/tros/humble
[2.106s] DEBUG:colcon.colcon_installed_package_information.package_discovery:Found 261 installed packages in /opt/ros/humble
[2.203s] Level 1:colcon.colcon_core.package_discovery:discover_packages(prefix_path) using defaults
[2.476s] Level 5:colcon.colcon_core.verb:set package 'body_follow' build argument 'cmake_args' from command line to 'None'
[2.477s] Level 5:colcon.colcon_core.verb:set package 'body_follow' build argument 'cmake_target' from command line to 'None'
[2.477s] Level 5:colcon.colcon_core.verb:set package 'body_follow' build argument 'cmake_target_skip_unavailable' from command line to 'False'
[2.477s] Level 5:colcon.colcon_core.verb:set package 'body_follow' build argument 'cmake_clean_cache' from command line to 'False'
[2.477s] Level 5:colcon.colcon_core.verb:set package 'body_follow' build argument 'cmake_clean_first' from command line to 'False'
[2.478s] Level 5:colcon.colcon_core.verb:set package 'body_follow' build argument 'cmake_force_configure' from command line to 'False'
[2.478s] Level 5:colcon.colcon_core.verb:set package 'body_follow' build argument 'ament_cmake_args' from command line to 'None'
[2.478s] Level 5:colcon.colcon_core.verb:set package 'body_follow' build argument 'catkin_cmake_args' from command line to 'None'
[2.478s] Level 5:colcon.colcon_core.verb:set package 'body_follow' build argument 'catkin_skip_building_tests' from command line to 'False'
[2.478s] DEBUG:colcon.colcon_core.verb:Building package 'body_follow' with the following arguments: {'ament_cmake_args': None, 'build_base': '/home/sunrise/jianye_dev/mono2d_ws/build/body_follow', 'catkin_cmake_args': None, 'catkin_skip_building_tests': False, 'cmake_args': None, 'cmake_clean_cache': False, 'cmake_clean_first': False, 'cmake_force_configure': False, 'cmake_target': None, 'cmake_target_skip_unavailable': False, 'install_base': '/home/sunrise/jianye_dev/mono2d_ws/install/body_follow', 'merge_install': False, 'path': '/home/sunrise/jianye_dev/mono2d_ws/src/body_follow', 'symlink_install': False, 'test_result_base': None}
[2.479s] INFO:colcon.colcon_core.executor:Executing jobs using 'parallel' executor
[2.484s] DEBUG:colcon.colcon_parallel_executor.executor.parallel:run_until_complete
[2.486s] INFO:colcon.colcon_ros.task.ament_cmake.build:Building ROS package in '/home/sunrise/jianye_dev/mono2d_ws/src/body_follow' with build type 'ament_cmake'
[2.487s] INFO:colcon.colcon_cmake.task.cmake.build:Building CMake package in '/home/sunrise/jianye_dev/mono2d_ws/src/body_follow'
[2.498s] INFO:colcon.colcon_core.plugin_system:Skipping extension 'colcon_core.shell.bat': Not used on non-Windows systems
[2.500s] INFO:colcon.colcon_core.shell:Skip shell extension 'powershell' for command environment: Not usable outside of PowerShell
[2.501s] DEBUG:colcon.colcon_core.shell:Skip shell extension 'dsv' for command environment
[2.552s] DEBUG:colcon.colcon_core.event_handler.log_command:Invoking command in '/home/sunrise/jianye_dev/mono2d_ws/build/body_follow': CMAKE_PREFIX_PATH=${CMAKE_PREFIX_PATH}:/userdata/dev_ws/install/vlm:/userdata/dev_ws/install/qr_code_detection:/userdata/dev_ws/install/origincar_capimage:/opt/tros/humble:/opt/ros/humble /usr/bin/cmake --build /home/sunrise/jianye_dev/mono2d_ws/build/body_follow -- -j8 -l8
[59.096s] DEBUG:colcon.colcon_core.event_handler.log_command:Invoked command in '/home/sunrise/jianye_dev/mono2d_ws/build/body_follow' returned '0': CMAKE_PREFIX_PATH=${CMAKE_PREFIX_PATH}:/userdata/dev_ws/install/vlm:/userdata/dev_ws/install/qr_code_detection:/userdata/dev_ws/install/origincar_capimage:/opt/tros/humble:/opt/ros/humble /usr/bin/cmake --build /home/sunrise/jianye_dev/mono2d_ws/build/body_follow -- -j8 -l8
[59.162s] DEBUG:colcon.colcon_core.event_handler.log_command:Invoking command in '/home/sunrise/jianye_dev/mono2d_ws/build/body_follow': CMAKE_PREFIX_PATH=${CMAKE_PREFIX_PATH}:/userdata/dev_ws/install/vlm:/userdata/dev_ws/install/qr_code_detection:/userdata/dev_ws/install/origincar_capimage:/opt/tros/humble:/opt/ros/humble /usr/bin/cmake --install /home/sunrise/jianye_dev/mono2d_ws/build/body_follow
[59.243s] Level 1:colcon.colcon_core.environment:create_environment_scripts_only(body_follow)
[59.247s] DEBUG:colcon.colcon_core.event_handler.log_command:Invoked command in '/home/sunrise/jianye_dev/mono2d_ws/build/body_follow' returned '0': CMAKE_PREFIX_PATH=${CMAKE_PREFIX_PATH}:/userdata/dev_ws/install/vlm:/userdata/dev_ws/install/qr_code_detection:/userdata/dev_ws/install/origincar_capimage:/opt/tros/humble:/opt/ros/humble /usr/bin/cmake --install /home/sunrise/jianye_dev/mono2d_ws/build/body_follow
[59.261s] Level 1:colcon.colcon_core.environment:checking '/home/sunrise/jianye_dev/mono2d_ws/install/body_follow' for CMake module files
[59.265s] Level 1:colcon.colcon_core.environment:checking '/home/sunrise/jianye_dev/mono2d_ws/install/body_follow' for CMake config files
[59.266s] Level 1:colcon.colcon_core.shell:create_environment_hook('body_follow', 'cmake_prefix_path')
[59.268s] INFO:colcon.colcon_core.shell:Creating environment hook '/home/sunrise/jianye_dev/mono2d_ws/install/body_follow/share/body_follow/hook/cmake_prefix_path.ps1'
[59.272s] INFO:colcon.colcon_core.shell:Creating environment descriptor '/home/sunrise/jianye_dev/mono2d_ws/install/body_follow/share/body_follow/hook/cmake_prefix_path.dsv'
[59.275s] INFO:colcon.colcon_core.shell:Creating environment hook '/home/sunrise/jianye_dev/mono2d_ws/install/body_follow/share/body_follow/hook/cmake_prefix_path.sh'
[59.281s] Level 1:colcon.colcon_core.environment:checking '/home/sunrise/jianye_dev/mono2d_ws/install/body_follow/lib'
[59.282s] Level 1:colcon.colcon_core.environment:checking '/home/sunrise/jianye_dev/mono2d_ws/install/body_follow/bin'
[59.283s] Level 1:colcon.colcon_core.environment:checking '/home/sunrise/jianye_dev/mono2d_ws/install/body_follow/lib/pkgconfig/body_follow.pc'
[59.284s] Level 1:colcon.colcon_core.environment:checking '/home/sunrise/jianye_dev/mono2d_ws/install/body_follow/lib/python3.10/site-packages'
[59.286s] Level 1:colcon.colcon_core.environment:checking '/home/sunrise/jianye_dev/mono2d_ws/install/body_follow/bin'
[59.288s] INFO:colcon.colcon_core.shell:Creating package script '/home/sunrise/jianye_dev/mono2d_ws/install/body_follow/share/body_follow/package.ps1'
[59.294s] INFO:colcon.colcon_core.shell:Creating package descriptor '/home/sunrise/jianye_dev/mono2d_ws/install/body_follow/share/body_follow/package.dsv'
[59.298s] INFO:colcon.colcon_core.shell:Creating package script '/home/sunrise/jianye_dev/mono2d_ws/install/body_follow/share/body_follow/package.sh'
[59.303s] INFO:colcon.colcon_core.shell:Creating package script '/home/sunrise/jianye_dev/mono2d_ws/install/body_follow/share/body_follow/package.bash'
[59.309s] INFO:colcon.colcon_core.shell:Creating package script '/home/sunrise/jianye_dev/mono2d_ws/install/body_follow/share/body_follow/package.zsh'
[59.315s] Level 1:colcon.colcon_core.environment:create_file_with_runtime_dependencies(/home/sunrise/jianye_dev/mono2d_ws/install/body_follow/share/colcon-core/packages/body_follow)
[59.319s] Level 1:colcon.colcon_core.environment:create_environment_scripts_only(body_follow)
[59.320s] Level 1:colcon.colcon_core.environment:checking '/home/sunrise/jianye_dev/mono2d_ws/install/body_follow' for CMake module files
[59.323s] Level 1:colcon.colcon_core.environment:checking '/home/sunrise/jianye_dev/mono2d_ws/install/body_follow' for CMake config files
[59.325s] Level 1:colcon.colcon_core.shell:create_environment_hook('body_follow', 'cmake_prefix_path')
[59.326s] INFO:colcon.colcon_core.shell:Creating environment hook '/home/sunrise/jianye_dev/mono2d_ws/install/body_follow/share/body_follow/hook/cmake_prefix_path.ps1'
[59.329s] INFO:colcon.colcon_core.shell:Creating environment descriptor '/home/sunrise/jianye_dev/mono2d_ws/install/body_follow/share/body_follow/hook/cmake_prefix_path.dsv'
[59.331s] INFO:colcon.colcon_core.shell:Creating environment hook '/home/sunrise/jianye_dev/mono2d_ws/install/body_follow/share/body_follow/hook/cmake_prefix_path.sh'
[59.334s] Level 1:colcon.colcon_core.environment:checking '/home/sunrise/jianye_dev/mono2d_ws/install/body_follow/lib'
[59.335s] Level 1:colcon.colcon_core.environment:checking '/home/sunrise/jianye_dev/mono2d_ws/install/body_follow/bin'
[59.335s] Level 1:colcon.colcon_core.environment:checking '/home/sunrise/jianye_dev/mono2d_ws/install/body_follow/lib/pkgconfig/body_follow.pc'
[59.337s] Level 1:colcon.colcon_core.environment:checking '/home/sunrise/jianye_dev/mono2d_ws/install/body_follow/lib/python3.10/site-packages'
[59.338s] Level 1:colcon.colcon_core.environment:checking '/home/sunrise/jianye_dev/mono2d_ws/install/body_follow/bin'
[59.340s] INFO:colcon.colcon_core.shell:Creating package script '/home/sunrise/jianye_dev/mono2d_ws/install/body_follow/share/body_follow/package.ps1'
[59.343s] INFO:colcon.colcon_core.shell:Creating package descriptor '/home/sunrise/jianye_dev/mono2d_ws/install/body_follow/share/body_follow/package.dsv'
[59.346s] INFO:colcon.colcon_core.shell:Creating package script '/home/sunrise/jianye_dev/mono2d_ws/install/body_follow/share/body_follow/package.sh'
[59.349s] INFO:colcon.colcon_core.shell:Creating package script '/home/sunrise/jianye_dev/mono2d_ws/install/body_follow/share/body_follow/package.bash'
[59.351s] INFO:colcon.colcon_core.shell:Creating package script '/home/sunrise/jianye_dev/mono2d_ws/install/body_follow/share/body_follow/package.zsh'
[59.354s] Level 1:colcon.colcon_core.environment:create_file_with_runtime_dependencies(/home/sunrise/jianye_dev/mono2d_ws/install/body_follow/share/colcon-core/packages/body_follow)
[59.355s] DEBUG:colcon.colcon_parallel_executor.executor.parallel:closing loop
[59.357s] DEBUG:colcon.colcon_parallel_executor.executor.parallel:loop closed
[59.357s] DEBUG:colcon.colcon_parallel_executor.executor.parallel:run_until_complete finished with '0'
[59.358s] DEBUG:colcon.colcon_core.event_reactor:joining thread
[59.389s] INFO:colcon.colcon_core.plugin_system:Skipping extension 'colcon_notification.desktop_notification.notify_send': Could not find 'notify-send'
[59.390s] INFO:colcon.colcon_core.plugin_system:Skipping extension 'colcon_notification.desktop_notification.terminal_notifier': Not used on non-Darwin systems
[59.390s] INFO:colcon.colcon_core.plugin_system:Skipping extension 'colcon_notification.desktop_notification.win32': Not used on non-Windows systems
[59.391s] INFO:colcon.colcon_notification.desktop_notification:Sending desktop notification using 'notify2'
[59.411s] DEBUG:colcon.colcon_core.event_reactor:joined thread
[59.413s] INFO:colcon.colcon_core.shell:Creating prefix script '/home/sunrise/jianye_dev/mono2d_ws/install/local_setup.ps1'
[59.419s] INFO:colcon.colcon_core.shell:Creating prefix util module '/home/sunrise/jianye_dev/mono2d_ws/install/_local_setup_util_ps1.py'
[59.430s] INFO:colcon.colcon_core.shell:Creating prefix chain script '/home/sunrise/jianye_dev/mono2d_ws/install/setup.ps1'
[59.441s] INFO:colcon.colcon_core.shell:Creating prefix script '/home/sunrise/jianye_dev/mono2d_ws/install/local_setup.sh'
[59.445s] INFO:colcon.colcon_core.shell:Creating prefix util module '/home/sunrise/jianye_dev/mono2d_ws/install/_local_setup_util_sh.py'
[59.448s] INFO:colcon.colcon_core.shell:Creating prefix chain script '/home/sunrise/jianye_dev/mono2d_ws/install/setup.sh'
[59.459s] INFO:colcon.colcon_core.shell:Creating prefix script '/home/sunrise/jianye_dev/mono2d_ws/install/local_setup.bash'
[59.462s] INFO:colcon.colcon_core.shell:Creating prefix chain script '/home/sunrise/jianye_dev/mono2d_ws/install/setup.bash'
[59.472s] INFO:colcon.colcon_core.shell:Creating prefix script '/home/sunrise/jianye_dev/mono2d_ws/install/local_setup.zsh'
[59.475s] INFO:colcon.colcon_core.shell:Creating prefix chain script '/home/sunrise/jianye_dev/mono2d_ws/install/setup.zsh'
