[4.399s] Invoking command in '/home/sunrise/jianye_dev/audio_ws/src/my_audio': PYTHONPATH=/home/sunrise/jianye_dev/audio_ws/build/my_audio/prefix_override:/usr/lib/python3/dist-packages/colcon_core/task/python/colcon_distutils_commands:/home/sunrise/jianye_dev/audio_ws/install/my_audio/lib/python3.10/site-packages:${PYTHONPATH} /usr/bin/python3 -W ignore:setup.py install is deprecated -W ignore:easy_install command is deprecated setup.py egg_info --egg-base ../../build/my_audio build --build-base /home/sunrise/jianye_dev/audio_ws/build/my_audio/build install --record /home/sunrise/jianye_dev/audio_ws/build/my_audio/install.log --single-version-externally-managed install_data
[6.063s] running egg_info
[6.067s] creating ../../build/my_audio/my_audio.egg-info
[6.068s] writing ../../build/my_audio/my_audio.egg-info/PKG-INFO
[6.069s] writing dependency_links to ../../build/my_audio/my_audio.egg-info/dependency_links.txt
[6.070s] writing entry points to ../../build/my_audio/my_audio.egg-info/entry_points.txt
[6.071s] writing requirements to ../../build/my_audio/my_audio.egg-info/requires.txt
[6.071s] writing top-level names to ../../build/my_audio/my_audio.egg-info/top_level.txt
[6.072s] writing manifest file '../../build/my_audio/my_audio.egg-info/SOURCES.txt'
[6.083s] reading manifest file '../../build/my_audio/my_audio.egg-info/SOURCES.txt'
[6.087s] writing manifest file '../../build/my_audio/my_audio.egg-info/SOURCES.txt'
[6.088s] running build
[6.088s] running build_py
[6.089s] creating /home/sunrise/jianye_dev/audio_ws/build/my_audio/build
[6.089s] creating /home/sunrise/jianye_dev/audio_ws/build/my_audio/build/lib
[6.090s] creating /home/sunrise/jianye_dev/audio_ws/build/my_audio/build/lib/my_audio
[6.090s] copying my_audio/my_audio.py -> /home/sunrise/jianye_dev/audio_ws/build/my_audio/build/lib/my_audio
[6.091s] copying my_audio/__init__.py -> /home/sunrise/jianye_dev/audio_ws/build/my_audio/build/lib/my_audio
[6.091s] running install
[6.093s] running install_lib
[6.097s] creating /home/sunrise/jianye_dev/audio_ws/install/my_audio/lib/python3.10/site-packages/my_audio
[6.098s] copying /home/sunrise/jianye_dev/audio_ws/build/my_audio/build/lib/my_audio/my_audio.py -> /home/sunrise/jianye_dev/audio_ws/install/my_audio/lib/python3.10/site-packages/my_audio
[6.098s] copying /home/sunrise/jianye_dev/audio_ws/build/my_audio/build/lib/my_audio/__init__.py -> /home/sunrise/jianye_dev/audio_ws/install/my_audio/lib/python3.10/site-packages/my_audio
[6.101s] byte-compiling /home/sunrise/jianye_dev/audio_ws/install/my_audio/lib/python3.10/site-packages/my_audio/my_audio.py to my_audio.cpython-310.pyc
[6.103s] byte-compiling /home/sunrise/jianye_dev/audio_ws/install/my_audio/lib/python3.10/site-packages/my_audio/__init__.py to __init__.cpython-310.pyc
[6.104s] running install_data
[6.105s] creating /home/sunrise/jianye_dev/audio_ws/install/my_audio/share/ament_index
[6.105s] creating /home/sunrise/jianye_dev/audio_ws/install/my_audio/share/ament_index/resource_index
[6.106s] creating /home/sunrise/jianye_dev/audio_ws/install/my_audio/share/ament_index/resource_index/packages
[6.106s] copying resource/my_audio -> /home/sunrise/jianye_dev/audio_ws/install/my_audio/share/ament_index/resource_index/packages
[6.107s] copying package.xml -> /home/sunrise/jianye_dev/audio_ws/install/my_audio/share/my_audio
[6.107s] running install_egg_info
[6.118s] Copying ../../build/my_audio/my_audio.egg-info to /home/sunrise/jianye_dev/audio_ws/install/my_audio/lib/python3.10/site-packages/my_audio-0.0.0-py3.10.egg-info
[6.122s] running install_scripts
[6.250s] Installing my_audio script to /home/sunrise/jianye_dev/audio_ws/install/my_audio/lib/my_audio
[6.252s] writing list of installed files to '/home/sunrise/jianye_dev/audio_ws/build/my_audio/install.log'
[6.455s] Invoked command in '/home/sunrise/jianye_dev/audio_ws/src/my_audio' returned '0': PYTHONPATH=/home/sunrise/jianye_dev/audio_ws/build/my_audio/prefix_override:/usr/lib/python3/dist-packages/colcon_core/task/python/colcon_distutils_commands:/home/sunrise/jianye_dev/audio_ws/install/my_audio/lib/python3.10/site-packages:${PYTHONPATH} /usr/bin/python3 -W ignore:setup.py install is deprecated -W ignore:easy_install command is deprecated setup.py egg_info --egg-base ../../build/my_audio build --build-base /home/sunrise/jianye_dev/audio_ws/build/my_audio/build install --record /home/sunrise/jianye_dev/audio_ws/build/my_audio/install.log --single-version-externally-managed install_data
