[0.056s] Invoking command in '/home/sunrise/jianye_dev/rplidar_ws/build/rplidar_ros': CMAKE_PREFIX_PATH=${CMAKE_PREFIX_PATH}:/userdata/dev_ws/install/vlm:/userdata/dev_ws/install/qr_code_detection:/userdata/dev_ws/install/origincar_capimage:/opt/tros/humble:/opt/ros/humble /usr/bin/cmake /home/sunrise/jianye_dev/rplidar_ws/rplidar_ros-dev-ros2 -DAMENT_CMAKE_SYMLINK_INSTALL=1 -DCMAKE_INSTALL_PREFIX=/home/sunrise/jianye_dev/rplidar_ws/install/rplidar_ros
[0.122s] -- Found ament_cmake: 1.3.10 (/opt/ros/humble/share/ament_cmake/cmake)
[0.897s] -- Override CMake install command with custom implementation using symlinks instead of copying resources
[0.959s] -- Found rclcpp: 16.0.10 (/opt/ros/humble/share/rclcpp/cmake)
[1.102s] -- Found rosidl_generator_c: 3.1.5 (/opt/ros/humble/share/rosidl_generator_c/cmake)
[1.118s] -- Found rosidl_adapter: 3.1.5 (/opt/ros/humble/share/rosidl_adapter/cmake)
[1.151s] -- Found rosidl_generator_cpp: 3.1.5 (/opt/ros/humble/share/rosidl_generator_cpp/cmake)
[1.208s] -- Using all available rosidl_typesupport_c: rosidl_typesupport_fastrtps_c;rosidl_typesupport_introspection_c
[1.282s] -- Using all available rosidl_typesupport_cpp: rosidl_typesupport_fastrtps_cpp;rosidl_typesupport_introspection_cpp
[1.467s] -- Found rmw_implementation_cmake: 6.1.2 (/opt/ros/humble/share/rmw_implementation_cmake/cmake)
[1.476s] -- Found rmw_fastrtps_cpp: 6.2.7 (/opt/ros/humble/share/rmw_fastrtps_cpp/cmake)
[1.950s] -- Using RMW implementation 'rmw_fastrtps_cpp' as default
[2.234s] -- Found sensor_msgs: 4.2.4 (/opt/ros/humble/share/sensor_msgs/cmake)
[2.401s] -- Found std_srvs: 4.2.4 (/opt/ros/humble/share/std_srvs/cmake)
[2.449s] -- Found rclpy: 3.3.14 (/opt/ros/humble/share/rclpy/cmake)
[2.937s] -- Configuring done
[3.046s] -- Generating done
[3.094s] -- Build files have been written to: /home/sunrise/jianye_dev/rplidar_ws/build/rplidar_ros
[3.146s] Invoked command in '/home/sunrise/jianye_dev/rplidar_ws/build/rplidar_ros' returned '0': CMAKE_PREFIX_PATH=${CMAKE_PREFIX_PATH}:/userdata/dev_ws/install/vlm:/userdata/dev_ws/install/qr_code_detection:/userdata/dev_ws/install/origincar_capimage:/opt/tros/humble:/opt/ros/humble /usr/bin/cmake /home/sunrise/jianye_dev/rplidar_ws/rplidar_ros-dev-ros2 -DAMENT_CMAKE_SYMLINK_INSTALL=1 -DCMAKE_INSTALL_PREFIX=/home/sunrise/jianye_dev/rplidar_ws/install/rplidar_ros
[3.162s] Invoking command in '/home/sunrise/jianye_dev/rplidar_ws/build/rplidar_ros': CMAKE_PREFIX_PATH=${CMAKE_PREFIX_PATH}:/userdata/dev_ws/install/vlm:/userdata/dev_ws/install/qr_code_detection:/userdata/dev_ws/install/origincar_capimage:/opt/tros/humble:/opt/ros/humble /usr/bin/cmake --build /home/sunrise/jianye_dev/rplidar_ws/build/rplidar_ros -- -j8 -l8
[3.355s] [35m[1mConsolidate compiler generated dependencies of target rplidar_client[0m
[3.373s] [35m[1mConsolidate compiler generated dependencies of target rplidar_composition[0m
[3.374s] [35m[1mConsolidate compiler generated dependencies of target rplidar_node[0m
[3.443s] [  5%] Built target rplidar_client
[3.558s] [100%] Built target rplidar_composition
[3.558s] [100%] Built target rplidar_node
[3.611s] Invoked command in '/home/sunrise/jianye_dev/rplidar_ws/build/rplidar_ros' returned '0': CMAKE_PREFIX_PATH=${CMAKE_PREFIX_PATH}:/userdata/dev_ws/install/vlm:/userdata/dev_ws/install/qr_code_detection:/userdata/dev_ws/install/origincar_capimage:/opt/tros/humble:/opt/ros/humble /usr/bin/cmake --build /home/sunrise/jianye_dev/rplidar_ws/build/rplidar_ros -- -j8 -l8
[3.654s] Invoking command in '/home/sunrise/jianye_dev/rplidar_ws/build/rplidar_ros': CMAKE_PREFIX_PATH=${CMAKE_PREFIX_PATH}:/userdata/dev_ws/install/vlm:/userdata/dev_ws/install/qr_code_detection:/userdata/dev_ws/install/origincar_capimage:/opt/tros/humble:/opt/ros/humble /usr/bin/cmake --install /home/sunrise/jianye_dev/rplidar_ws/build/rplidar_ros
[3.686s] -- Install configuration: ""
[3.688s] -- Execute custom install script
[3.691s] -- Up-to-date symlink: /home/sunrise/jianye_dev/rplidar_ws/install/rplidar_ros/share/rplidar_ros/launch/gmapping_launch.py
[3.691s] -- Up-to-date symlink: /home/sunrise/jianye_dev/rplidar_ws/install/rplidar_ros/share/rplidar_ros/launch/lidar.launch.py
[3.692s] -- Up-to-date symlink: /home/sunrise/jianye_dev/rplidar_ws/install/rplidar_ros/share/rplidar_ros/launch/rplidar_a1_launch.py
[3.693s] -- Up-to-date symlink: /home/sunrise/jianye_dev/rplidar_ws/install/rplidar_ros/share/rplidar_ros/launch/rplidar_a2m12_launch.py
[3.693s] -- Up-to-date symlink: /home/sunrise/jianye_dev/rplidar_ws/install/rplidar_ros/share/rplidar_ros/launch/rplidar_a2m7_launch.py
[3.694s] -- Up-to-date symlink: /home/sunrise/jianye_dev/rplidar_ws/install/rplidar_ros/share/rplidar_ros/launch/rplidar_a2m8_launch.py
[3.694s] -- Up-to-date symlink: /home/sunrise/jianye_dev/rplidar_ws/install/rplidar_ros/share/rplidar_ros/launch/rplidar_a3_launch.py
[3.695s] -- Up-to-date symlink: /home/sunrise/jianye_dev/rplidar_ws/install/rplidar_ros/share/rplidar_ros/launch/rplidar_c1_launch.py
[3.696s] -- Up-to-date symlink: /home/sunrise/jianye_dev/rplidar_ws/install/rplidar_ros/share/rplidar_ros/launch/rplidar_s1_launch.py
[3.696s] -- Up-to-date symlink: /home/sunrise/jianye_dev/rplidar_ws/install/rplidar_ros/share/rplidar_ros/launch/rplidar_s1_tcp_launch.py
[3.697s] -- Up-to-date symlink: /home/sunrise/jianye_dev/rplidar_ws/install/rplidar_ros/share/rplidar_ros/launch/rplidar_s2_launch.py
[3.697s] -- Up-to-date symlink: /home/sunrise/jianye_dev/rplidar_ws/install/rplidar_ros/share/rplidar_ros/launch/rplidar_s2e_launch.py
[3.698s] -- Up-to-date symlink: /home/sunrise/jianye_dev/rplidar_ws/install/rplidar_ros/share/rplidar_ros/launch/rplidar_s3_launch.py
[3.698s] -- Up-to-date symlink: /home/sunrise/jianye_dev/rplidar_ws/install/rplidar_ros/share/rplidar_ros/launch/rplidar_t1_launch.py
[3.699s] -- Up-to-date symlink: /home/sunrise/jianye_dev/rplidar_ws/install/rplidar_ros/share/rplidar_ros/launch/test_gmapping.launch.py
[3.700s] -- Up-to-date symlink: /home/sunrise/jianye_dev/rplidar_ws/install/rplidar_ros/share/rplidar_ros/launch/view_lidar_launch.py
[3.700s] -- Up-to-date symlink: /home/sunrise/jianye_dev/rplidar_ws/install/rplidar_ros/share/rplidar_ros/launch/view_rplidar_a1_launch.py
[3.701s] -- Up-to-date symlink: /home/sunrise/jianye_dev/rplidar_ws/install/rplidar_ros/share/rplidar_ros/launch/view_rplidar_a2m12_launch.py
[3.701s] -- Up-to-date symlink: /home/sunrise/jianye_dev/rplidar_ws/install/rplidar_ros/share/rplidar_ros/launch/view_rplidar_a2m7_launch.py
[3.702s] -- Up-to-date symlink: /home/sunrise/jianye_dev/rplidar_ws/install/rplidar_ros/share/rplidar_ros/launch/view_rplidar_a2m8_launch.py
[3.702s] -- Up-to-date symlink: /home/sunrise/jianye_dev/rplidar_ws/install/rplidar_ros/share/rplidar_ros/launch/view_rplidar_a3_launch.py
[3.703s] -- Up-to-date symlink: /home/sunrise/jianye_dev/rplidar_ws/install/rplidar_ros/share/rplidar_ros/launch/view_rplidar_c1_launch.py
[3.703s] -- Up-to-date symlink: /home/sunrise/jianye_dev/rplidar_ws/install/rplidar_ros/share/rplidar_ros/launch/view_rplidar_s1_launch.py
[3.704s] -- Up-to-date symlink: /home/sunrise/jianye_dev/rplidar_ws/install/rplidar_ros/share/rplidar_ros/launch/view_rplidar_s1_tcp_launch.py
[3.705s] -- Up-to-date symlink: /home/sunrise/jianye_dev/rplidar_ws/install/rplidar_ros/share/rplidar_ros/launch/view_rplidar_s2_launch.py
[3.705s] -- Up-to-date symlink: /home/sunrise/jianye_dev/rplidar_ws/install/rplidar_ros/share/rplidar_ros/launch/view_rplidar_s2e_launch.py
[3.706s] -- Up-to-date symlink: /home/sunrise/jianye_dev/rplidar_ws/install/rplidar_ros/share/rplidar_ros/launch/view_rplidar_s3_launch.py
[3.706s] -- Up-to-date symlink: /home/sunrise/jianye_dev/rplidar_ws/install/rplidar_ros/share/rplidar_ros/launch/view_rplidar_t1_launch.py
[3.707s] -- Up-to-date symlink: /home/sunrise/jianye_dev/rplidar_ws/install/rplidar_ros/share/rplidar_ros/rviz/rplidar_ros.rviz
[3.707s] -- Up-to-date symlink: /home/sunrise/jianye_dev/rplidar_ws/install/rplidar_ros/share/rplidar_ros/rviz/sllidar_gmapping_ros2.rviz
[3.708s] -- Up-to-date symlink: /home/sunrise/jianye_dev/rplidar_ws/install/rplidar_ros/lib/rplidar_ros/rplidar_node
[3.709s] -- Up-to-date symlink: /home/sunrise/jianye_dev/rplidar_ws/install/rplidar_ros/lib/rplidar_ros/rplidar_composition
[3.709s] -- Up-to-date symlink: /home/sunrise/jianye_dev/rplidar_ws/install/rplidar_ros/lib/rplidar_ros/rplidar_client
[3.710s] -- Up-to-date symlink: /home/sunrise/jianye_dev/rplidar_ws/install/rplidar_ros/share/ament_index/resource_index/package_run_dependencies/rplidar_ros
[3.711s] -- Up-to-date symlink: /home/sunrise/jianye_dev/rplidar_ws/install/rplidar_ros/share/ament_index/resource_index/parent_prefix_path/rplidar_ros
[3.712s] -- Up-to-date symlink: /home/sunrise/jianye_dev/rplidar_ws/install/rplidar_ros/share/rplidar_ros/environment/ament_prefix_path.sh
[3.713s] -- Up-to-date symlink: /home/sunrise/jianye_dev/rplidar_ws/install/rplidar_ros/share/rplidar_ros/environment/ament_prefix_path.dsv
[3.713s] -- Up-to-date symlink: /home/sunrise/jianye_dev/rplidar_ws/install/rplidar_ros/share/rplidar_ros/environment/path.sh
[3.714s] -- Up-to-date symlink: /home/sunrise/jianye_dev/rplidar_ws/install/rplidar_ros/share/rplidar_ros/environment/path.dsv
[3.715s] -- Up-to-date symlink: /home/sunrise/jianye_dev/rplidar_ws/install/rplidar_ros/share/rplidar_ros/local_setup.bash
[3.716s] -- Up-to-date symlink: /home/sunrise/jianye_dev/rplidar_ws/install/rplidar_ros/share/rplidar_ros/local_setup.sh
[3.717s] -- Up-to-date symlink: /home/sunrise/jianye_dev/rplidar_ws/install/rplidar_ros/share/rplidar_ros/local_setup.zsh
[3.718s] -- Up-to-date symlink: /home/sunrise/jianye_dev/rplidar_ws/install/rplidar_ros/share/rplidar_ros/local_setup.dsv
[3.718s] -- Symlinking: /home/sunrise/jianye_dev/rplidar_ws/install/rplidar_ros/share/rplidar_ros/package.dsv
[3.757s] -- Up-to-date symlink: /home/sunrise/jianye_dev/rplidar_ws/install/rplidar_ros/share/ament_index/resource_index/packages/rplidar_ros
[3.758s] -- Up-to-date symlink: /home/sunrise/jianye_dev/rplidar_ws/install/rplidar_ros/share/rplidar_ros/cmake/ament_cmake_export_dependencies-extras.cmake
[3.758s] -- Up-to-date symlink: /home/sunrise/jianye_dev/rplidar_ws/install/rplidar_ros/share/rplidar_ros/cmake/ament_cmake_export_include_directories-extras.cmake
[3.759s] -- Up-to-date symlink: /home/sunrise/jianye_dev/rplidar_ws/install/rplidar_ros/share/rplidar_ros/cmake/rplidar_rosConfig.cmake
[3.760s] -- Up-to-date symlink: /home/sunrise/jianye_dev/rplidar_ws/install/rplidar_ros/share/rplidar_ros/cmake/rplidar_rosConfig-version.cmake
[3.760s] -- Up-to-date symlink: /home/sunrise/jianye_dev/rplidar_ws/install/rplidar_ros/share/rplidar_ros/package.xml
[3.769s] Invoked command in '/home/sunrise/jianye_dev/rplidar_ws/build/rplidar_ros' returned '0': CMAKE_PREFIX_PATH=${CMAKE_PREFIX_PATH}:/userdata/dev_ws/install/vlm:/userdata/dev_ws/install/qr_code_detection:/userdata/dev_ws/install/origincar_capimage:/opt/tros/humble:/opt/ros/humble /usr/bin/cmake --install /home/sunrise/jianye_dev/rplidar_ws/build/rplidar_ros
