[0.657s] DEBUG:colcon:Command line arguments: ['/usr/bin/colcon', 'build']
[0.658s] DEBUG:colcon:Parsed command line arguments: Namespace(log_base=None, log_level=None, verb_name='build', build_base='build', install_base='install', merge_install=False, symlink_install=False, test_result_base=None, continue_on_error=False, executor='parallel', parallel_workers=8, event_handlers=None, ignore_user_meta=False, metas=['./colcon.meta'], base_paths=['.'], packages_ignore=None, packages_ignore_regex=None, paths=None, packages_up_to=None, packages_up_to_regex=None, packages_above=None, packages_above_and_dependencies=None, packages_above_depth=None, packages_select_by_dep=None, packages_skip_by_dep=None, packages_skip_up_to=None, packages_select_build_failed=False, packages_skip_build_finished=False, packages_select_test_failures=False, packages_skip_test_passed=False, packages_select=None, packages_skip=None, packages_select_regex=None, packages_skip_regex=None, packages_start=None, packages_end=None, allow_overriding=[], cmake_args=None, cmake_target=None, cmake_target_skip_unavailable=False, cmake_clean_cache=False, cmake_clean_first=False, cmake_force_configure=False, ament_cmake_args=None, catkin_cmake_args=None, catkin_skip_building_tests=False, verb_parser=<colcon_defaults.argument_parser.defaults.DefaultArgumentsDecorator object at 0xffff8b250550>, verb_extension=<colcon_core.verb.build.BuildVerb object at 0xffff8b3f6290>, main=<bound method BuildVerb.main of <colcon_core.verb.build.BuildVerb object at 0xffff8b3f6290>>)
[1.761s] Level 1:colcon.colcon_core.package_discovery:discover_packages(colcon_meta) check parameters
[1.762s] Level 1:colcon.colcon_core.package_discovery:discover_packages(recursive) check parameters
[1.762s] Level 1:colcon.colcon_core.package_discovery:discover_packages(ignore) check parameters
[1.762s] Level 1:colcon.colcon_core.package_discovery:discover_packages(path) check parameters
[1.762s] Level 1:colcon.colcon_core.package_discovery:discover_packages(colcon_meta) discover
[1.763s] Level 1:colcon.colcon_core.package_discovery:discover_packages(recursive) discover
[1.763s] INFO:colcon.colcon_core.package_discovery:Crawling recursively for packages in '/home/sunrise/jianye_dev/mono2d_ws'
[1.763s] Level 1:colcon.colcon_core.package_identification:_identify(.) by extensions ['ignore', 'ignore_ament_install']
[1.764s] Level 1:colcon.colcon_core.package_identification:_identify(.) by extension 'ignore'
[1.764s] Level 1:colcon.colcon_core.package_identification:_identify(.) by extension 'ignore_ament_install'
[1.764s] Level 1:colcon.colcon_core.package_identification:_identify(.) by extensions ['colcon_pkg']
[1.765s] Level 1:colcon.colcon_core.package_identification:_identify(.) by extension 'colcon_pkg'
[1.765s] Level 1:colcon.colcon_core.package_identification:_identify(.) by extensions ['colcon_meta']
[1.765s] Level 1:colcon.colcon_core.package_identification:_identify(.) by extension 'colcon_meta'
[1.765s] Level 1:colcon.colcon_core.package_identification:_identify(.) by extensions ['ros']
[1.766s] Level 1:colcon.colcon_core.package_identification:_identify(.) by extension 'ros'
[1.838s] Level 1:colcon.colcon_core.package_identification:_identify(.) by extensions ['cmake', 'python']
[1.838s] Level 1:colcon.colcon_core.package_identification:_identify(.) by extension 'cmake'
[1.838s] Level 1:colcon.colcon_core.package_identification:_identify(.) by extension 'python'
[1.839s] Level 1:colcon.colcon_core.package_identification:_identify(.) by extensions ['python_setup_py']
[1.839s] Level 1:colcon.colcon_core.package_identification:_identify(.) by extension 'python_setup_py'
[1.839s] Level 1:colcon.colcon_core.package_identification:_identify(build) by extensions ['ignore', 'ignore_ament_install']
[1.840s] Level 1:colcon.colcon_core.package_identification:_identify(build) by extension 'ignore'
[1.840s] Level 1:colcon.colcon_core.package_identification:_identify(build) ignored
[1.841s] Level 1:colcon.colcon_core.package_identification:_identify(config) by extensions ['ignore', 'ignore_ament_install']
[1.841s] Level 1:colcon.colcon_core.package_identification:_identify(config) by extension 'ignore'
[1.842s] Level 1:colcon.colcon_core.package_identification:_identify(config) by extension 'ignore_ament_install'
[1.842s] Level 1:colcon.colcon_core.package_identification:_identify(config) by extensions ['colcon_pkg']
[1.842s] Level 1:colcon.colcon_core.package_identification:_identify(config) by extension 'colcon_pkg'
[1.843s] Level 1:colcon.colcon_core.package_identification:_identify(config) by extensions ['colcon_meta']
[1.843s] Level 1:colcon.colcon_core.package_identification:_identify(config) by extension 'colcon_meta'
[1.843s] Level 1:colcon.colcon_core.package_identification:_identify(config) by extensions ['ros']
[1.843s] Level 1:colcon.colcon_core.package_identification:_identify(config) by extension 'ros'
[1.844s] Level 1:colcon.colcon_core.package_identification:_identify(config) by extensions ['cmake', 'python']
[1.844s] Level 1:colcon.colcon_core.package_identification:_identify(config) by extension 'cmake'
[1.844s] Level 1:colcon.colcon_core.package_identification:_identify(config) by extension 'python'
[1.845s] Level 1:colcon.colcon_core.package_identification:_identify(config) by extensions ['python_setup_py']
[1.845s] Level 1:colcon.colcon_core.package_identification:_identify(config) by extension 'python_setup_py'
[1.845s] Level 1:colcon.colcon_core.package_identification:_identify(install) by extensions ['ignore', 'ignore_ament_install']
[1.846s] Level 1:colcon.colcon_core.package_identification:_identify(install) by extension 'ignore'
[1.846s] Level 1:colcon.colcon_core.package_identification:_identify(install) ignored
[1.847s] Level 1:colcon.colcon_core.package_identification:_identify(log) by extensions ['ignore', 'ignore_ament_install']
[1.847s] Level 1:colcon.colcon_core.package_identification:_identify(log) by extension 'ignore'
[1.847s] Level 1:colcon.colcon_core.package_identification:_identify(log) ignored
[1.848s] Level 1:colcon.colcon_core.package_identification:_identify(src) by extensions ['ignore', 'ignore_ament_install']
[1.848s] Level 1:colcon.colcon_core.package_identification:_identify(src) by extension 'ignore'
[1.849s] Level 1:colcon.colcon_core.package_identification:_identify(src) by extension 'ignore_ament_install'
[1.849s] Level 1:colcon.colcon_core.package_identification:_identify(src) by extensions ['colcon_pkg']
[1.849s] Level 1:colcon.colcon_core.package_identification:_identify(src) by extension 'colcon_pkg'
[1.849s] Level 1:colcon.colcon_core.package_identification:_identify(src) by extensions ['colcon_meta']
[1.850s] Level 1:colcon.colcon_core.package_identification:_identify(src) by extension 'colcon_meta'
[1.850s] Level 1:colcon.colcon_core.package_identification:_identify(src) by extensions ['ros']
[1.850s] Level 1:colcon.colcon_core.package_identification:_identify(src) by extension 'ros'
[1.851s] Level 1:colcon.colcon_core.package_identification:_identify(src) by extensions ['cmake', 'python']
[1.851s] Level 1:colcon.colcon_core.package_identification:_identify(src) by extension 'cmake'
[1.851s] Level 1:colcon.colcon_core.package_identification:_identify(src) by extension 'python'
[1.851s] Level 1:colcon.colcon_core.package_identification:_identify(src) by extensions ['python_setup_py']
[1.852s] Level 1:colcon.colcon_core.package_identification:_identify(src) by extension 'python_setup_py'
[1.852s] Level 1:colcon.colcon_core.package_identification:_identify(src/body_follow) by extensions ['ignore', 'ignore_ament_install']
[1.853s] Level 1:colcon.colcon_core.package_identification:_identify(src/body_follow) by extension 'ignore'
[1.853s] Level 1:colcon.colcon_core.package_identification:_identify(src/body_follow) by extension 'ignore_ament_install'
[1.853s] Level 1:colcon.colcon_core.package_identification:_identify(src/body_follow) by extensions ['colcon_pkg']
[1.853s] Level 1:colcon.colcon_core.package_identification:_identify(src/body_follow) by extension 'colcon_pkg'
[1.854s] Level 1:colcon.colcon_core.package_identification:_identify(src/body_follow) by extensions ['colcon_meta']
[1.854s] Level 1:colcon.colcon_core.package_identification:_identify(src/body_follow) by extension 'colcon_meta'
[1.854s] Level 1:colcon.colcon_core.package_identification:_identify(src/body_follow) by extensions ['ros']
[1.854s] Level 1:colcon.colcon_core.package_identification:_identify(src/body_follow) by extension 'ros'
[1.869s] DEBUG:colcon.colcon_core.package_identification:Package 'src/body_follow' with type 'ros.ament_cmake' and name 'body_follow'
[1.870s] Level 1:colcon.colcon_core.package_discovery:discover_packages(recursive) using defaults
[1.870s] Level 1:colcon.colcon_core.package_discovery:discover_packages(ignore) discover
[1.870s] Level 1:colcon.colcon_core.package_discovery:discover_packages(ignore) using defaults
[1.871s] Level 1:colcon.colcon_core.package_discovery:discover_packages(path) discover
[1.871s] Level 1:colcon.colcon_core.package_discovery:discover_packages(path) using defaults
[1.985s] Level 1:colcon.colcon_core.package_discovery:discover_packages(prefix_path) check parameters
[1.986s] Level 1:colcon.colcon_core.package_discovery:discover_packages(prefix_path) discover
[1.999s] DEBUG:colcon.colcon_installed_package_information.package_discovery:Found 11 installed packages in /userdata/dev_ws/install
[2.002s] DEBUG:colcon.colcon_installed_package_information.package_discovery:Found 1 installed packages in /home/sunrise/jianye_dev/rplidar_ws/install
[2.004s] DEBUG:colcon.colcon_installed_package_information.package_discovery:Found 49 installed packages in /opt/tros/humble
[2.013s] DEBUG:colcon.colcon_installed_package_information.package_discovery:Found 219 installed packages in /opt/ros/humble
[2.029s] Level 1:colcon.colcon_core.package_discovery:discover_packages(prefix_path) using defaults
[2.350s] Level 5:colcon.colcon_core.verb:set package 'body_follow' build argument 'cmake_args' from command line to 'None'
[2.351s] Level 5:colcon.colcon_core.verb:set package 'body_follow' build argument 'cmake_target' from command line to 'None'
[2.351s] Level 5:colcon.colcon_core.verb:set package 'body_follow' build argument 'cmake_target_skip_unavailable' from command line to 'False'
[2.351s] Level 5:colcon.colcon_core.verb:set package 'body_follow' build argument 'cmake_clean_cache' from command line to 'False'
[2.351s] Level 5:colcon.colcon_core.verb:set package 'body_follow' build argument 'cmake_clean_first' from command line to 'False'
[2.352s] Level 5:colcon.colcon_core.verb:set package 'body_follow' build argument 'cmake_force_configure' from command line to 'False'
[2.352s] Level 5:colcon.colcon_core.verb:set package 'body_follow' build argument 'ament_cmake_args' from command line to 'None'
[2.352s] Level 5:colcon.colcon_core.verb:set package 'body_follow' build argument 'catkin_cmake_args' from command line to 'None'
[2.352s] Level 5:colcon.colcon_core.verb:set package 'body_follow' build argument 'catkin_skip_building_tests' from command line to 'False'
[2.353s] DEBUG:colcon.colcon_core.verb:Building package 'body_follow' with the following arguments: {'ament_cmake_args': None, 'build_base': '/home/sunrise/jianye_dev/mono2d_ws/build/body_follow', 'catkin_cmake_args': None, 'catkin_skip_building_tests': False, 'cmake_args': None, 'cmake_clean_cache': False, 'cmake_clean_first': False, 'cmake_force_configure': False, 'cmake_target': None, 'cmake_target_skip_unavailable': False, 'install_base': '/home/sunrise/jianye_dev/mono2d_ws/install/body_follow', 'merge_install': False, 'path': '/home/sunrise/jianye_dev/mono2d_ws/src/body_follow', 'symlink_install': False, 'test_result_base': None}
[2.354s] INFO:colcon.colcon_core.executor:Executing jobs using 'parallel' executor
[2.359s] DEBUG:colcon.colcon_parallel_executor.executor.parallel:run_until_complete
[2.361s] INFO:colcon.colcon_ros.task.ament_cmake.build:Building ROS package in '/home/sunrise/jianye_dev/mono2d_ws/src/body_follow' with build type 'ament_cmake'
[2.361s] INFO:colcon.colcon_cmake.task.cmake.build:Building CMake package in '/home/sunrise/jianye_dev/mono2d_ws/src/body_follow'
[2.375s] INFO:colcon.colcon_core.plugin_system:Skipping extension 'colcon_core.shell.bat': Not used on non-Windows systems
[2.377s] INFO:colcon.colcon_core.shell:Skip shell extension 'powershell' for command environment: Not usable outside of PowerShell
[2.377s] DEBUG:colcon.colcon_core.shell:Skip shell extension 'dsv' for command environment
[2.423s] DEBUG:colcon.colcon_core.event_handler.log_command:Invoking command in '/home/sunrise/jianye_dev/mono2d_ws/build/body_follow': CMAKE_PREFIX_PATH=${CMAKE_PREFIX_PATH}:/userdata/dev_ws/install/vlm:/userdata/dev_ws/install/qr_code_detection:/userdata/dev_ws/install/origincar_capimage:/opt/tros/humble:/opt/ros/humble /usr/bin/cmake --build /home/sunrise/jianye_dev/mono2d_ws/build/body_follow -- -j8 -l8
[56.431s] DEBUG:colcon.colcon_core.event_handler.log_command:Invoked command in '/home/sunrise/jianye_dev/mono2d_ws/build/body_follow' returned '0': CMAKE_PREFIX_PATH=${CMAKE_PREFIX_PATH}:/userdata/dev_ws/install/vlm:/userdata/dev_ws/install/qr_code_detection:/userdata/dev_ws/install/origincar_capimage:/opt/tros/humble:/opt/ros/humble /usr/bin/cmake --build /home/sunrise/jianye_dev/mono2d_ws/build/body_follow -- -j8 -l8
[56.488s] DEBUG:colcon.colcon_core.event_handler.log_command:Invoking command in '/home/sunrise/jianye_dev/mono2d_ws/build/body_follow': CMAKE_PREFIX_PATH=${CMAKE_PREFIX_PATH}:/userdata/dev_ws/install/vlm:/userdata/dev_ws/install/qr_code_detection:/userdata/dev_ws/install/origincar_capimage:/opt/tros/humble:/opt/ros/humble /usr/bin/cmake --install /home/sunrise/jianye_dev/mono2d_ws/build/body_follow
[56.561s] Level 1:colcon.colcon_core.environment:create_environment_scripts_only(body_follow)
[56.565s] DEBUG:colcon.colcon_core.event_handler.log_command:Invoked command in '/home/sunrise/jianye_dev/mono2d_ws/build/body_follow' returned '0': CMAKE_PREFIX_PATH=${CMAKE_PREFIX_PATH}:/userdata/dev_ws/install/vlm:/userdata/dev_ws/install/qr_code_detection:/userdata/dev_ws/install/origincar_capimage:/opt/tros/humble:/opt/ros/humble /usr/bin/cmake --install /home/sunrise/jianye_dev/mono2d_ws/build/body_follow
[56.585s] Level 1:colcon.colcon_core.environment:checking '/home/sunrise/jianye_dev/mono2d_ws/install/body_follow' for CMake module files
[56.589s] Level 1:colcon.colcon_core.environment:checking '/home/sunrise/jianye_dev/mono2d_ws/install/body_follow' for CMake config files
[56.590s] Level 1:colcon.colcon_core.shell:create_environment_hook('body_follow', 'cmake_prefix_path')
[56.592s] INFO:colcon.colcon_core.shell:Creating environment hook '/home/sunrise/jianye_dev/mono2d_ws/install/body_follow/share/body_follow/hook/cmake_prefix_path.ps1'
[56.596s] INFO:colcon.colcon_core.shell:Creating environment descriptor '/home/sunrise/jianye_dev/mono2d_ws/install/body_follow/share/body_follow/hook/cmake_prefix_path.dsv'
[56.599s] INFO:colcon.colcon_core.shell:Creating environment hook '/home/sunrise/jianye_dev/mono2d_ws/install/body_follow/share/body_follow/hook/cmake_prefix_path.sh'
[56.604s] Level 1:colcon.colcon_core.environment:checking '/home/sunrise/jianye_dev/mono2d_ws/install/body_follow/lib'
[56.605s] Level 1:colcon.colcon_core.environment:checking '/home/sunrise/jianye_dev/mono2d_ws/install/body_follow/bin'
[56.606s] Level 1:colcon.colcon_core.environment:checking '/home/sunrise/jianye_dev/mono2d_ws/install/body_follow/lib/pkgconfig/body_follow.pc'
[56.608s] Level 1:colcon.colcon_core.environment:checking '/home/sunrise/jianye_dev/mono2d_ws/install/body_follow/lib/python3.10/site-packages'
[56.609s] Level 1:colcon.colcon_core.environment:checking '/home/sunrise/jianye_dev/mono2d_ws/install/body_follow/bin'
[56.611s] INFO:colcon.colcon_core.shell:Creating package script '/home/sunrise/jianye_dev/mono2d_ws/install/body_follow/share/body_follow/package.ps1'
[56.617s] INFO:colcon.colcon_core.shell:Creating package descriptor '/home/sunrise/jianye_dev/mono2d_ws/install/body_follow/share/body_follow/package.dsv'
[56.621s] INFO:colcon.colcon_core.shell:Creating package script '/home/sunrise/jianye_dev/mono2d_ws/install/body_follow/share/body_follow/package.sh'
[56.626s] INFO:colcon.colcon_core.shell:Creating package script '/home/sunrise/jianye_dev/mono2d_ws/install/body_follow/share/body_follow/package.bash'
[56.632s] INFO:colcon.colcon_core.shell:Creating package script '/home/sunrise/jianye_dev/mono2d_ws/install/body_follow/share/body_follow/package.zsh'
[56.637s] Level 1:colcon.colcon_core.environment:create_file_with_runtime_dependencies(/home/sunrise/jianye_dev/mono2d_ws/install/body_follow/share/colcon-core/packages/body_follow)
[56.640s] Level 1:colcon.colcon_core.environment:create_environment_scripts_only(body_follow)
[56.642s] Level 1:colcon.colcon_core.environment:checking '/home/sunrise/jianye_dev/mono2d_ws/install/body_follow' for CMake module files
[56.645s] Level 1:colcon.colcon_core.environment:checking '/home/sunrise/jianye_dev/mono2d_ws/install/body_follow' for CMake config files
[56.646s] Level 1:colcon.colcon_core.shell:create_environment_hook('body_follow', 'cmake_prefix_path')
[56.647s] INFO:colcon.colcon_core.shell:Creating environment hook '/home/sunrise/jianye_dev/mono2d_ws/install/body_follow/share/body_follow/hook/cmake_prefix_path.ps1'
[56.649s] INFO:colcon.colcon_core.shell:Creating environment descriptor '/home/sunrise/jianye_dev/mono2d_ws/install/body_follow/share/body_follow/hook/cmake_prefix_path.dsv'
[56.651s] INFO:colcon.colcon_core.shell:Creating environment hook '/home/sunrise/jianye_dev/mono2d_ws/install/body_follow/share/body_follow/hook/cmake_prefix_path.sh'
[56.654s] Level 1:colcon.colcon_core.environment:checking '/home/sunrise/jianye_dev/mono2d_ws/install/body_follow/lib'
[56.655s] Level 1:colcon.colcon_core.environment:checking '/home/sunrise/jianye_dev/mono2d_ws/install/body_follow/bin'
[56.655s] Level 1:colcon.colcon_core.environment:checking '/home/sunrise/jianye_dev/mono2d_ws/install/body_follow/lib/pkgconfig/body_follow.pc'
[56.657s] Level 1:colcon.colcon_core.environment:checking '/home/sunrise/jianye_dev/mono2d_ws/install/body_follow/lib/python3.10/site-packages'
[56.658s] Level 1:colcon.colcon_core.environment:checking '/home/sunrise/jianye_dev/mono2d_ws/install/body_follow/bin'
[56.660s] INFO:colcon.colcon_core.shell:Creating package script '/home/sunrise/jianye_dev/mono2d_ws/install/body_follow/share/body_follow/package.ps1'
[56.663s] INFO:colcon.colcon_core.shell:Creating package descriptor '/home/sunrise/jianye_dev/mono2d_ws/install/body_follow/share/body_follow/package.dsv'
[56.666s] INFO:colcon.colcon_core.shell:Creating package script '/home/sunrise/jianye_dev/mono2d_ws/install/body_follow/share/body_follow/package.sh'
[56.669s] INFO:colcon.colcon_core.shell:Creating package script '/home/sunrise/jianye_dev/mono2d_ws/install/body_follow/share/body_follow/package.bash'
[56.672s] INFO:colcon.colcon_core.shell:Creating package script '/home/sunrise/jianye_dev/mono2d_ws/install/body_follow/share/body_follow/package.zsh'
[56.675s] Level 1:colcon.colcon_core.environment:create_file_with_runtime_dependencies(/home/sunrise/jianye_dev/mono2d_ws/install/body_follow/share/colcon-core/packages/body_follow)
[56.677s] DEBUG:colcon.colcon_parallel_executor.executor.parallel:closing loop
[56.679s] DEBUG:colcon.colcon_parallel_executor.executor.parallel:loop closed
[56.679s] DEBUG:colcon.colcon_parallel_executor.executor.parallel:run_until_complete finished with '0'
[56.680s] DEBUG:colcon.colcon_core.event_reactor:joining thread
[56.707s] INFO:colcon.colcon_core.plugin_system:Skipping extension 'colcon_notification.desktop_notification.notify_send': Could not find 'notify-send'
[56.707s] INFO:colcon.colcon_core.plugin_system:Skipping extension 'colcon_notification.desktop_notification.terminal_notifier': Not used on non-Darwin systems
[56.708s] INFO:colcon.colcon_core.plugin_system:Skipping extension 'colcon_notification.desktop_notification.win32': Not used on non-Windows systems
[56.708s] INFO:colcon.colcon_notification.desktop_notification:Sending desktop notification using 'notify2'
[56.708s] DEBUG:colcon.colcon_notification.desktop_notification.notify2:Failed to initialize notify2: org.freedesktop.DBus.Error.NotSupported: Unable to autolaunch a dbus-daemon without a $DISPLAY for X11
[56.709s] DEBUG:colcon.colcon_core.event_reactor:joined thread
[56.710s] INFO:colcon.colcon_core.shell:Creating prefix script '/home/sunrise/jianye_dev/mono2d_ws/install/local_setup.ps1'
[56.716s] INFO:colcon.colcon_core.shell:Creating prefix util module '/home/sunrise/jianye_dev/mono2d_ws/install/_local_setup_util_ps1.py'
[56.725s] INFO:colcon.colcon_core.shell:Creating prefix chain script '/home/sunrise/jianye_dev/mono2d_ws/install/setup.ps1'
[56.737s] INFO:colcon.colcon_core.shell:Creating prefix script '/home/sunrise/jianye_dev/mono2d_ws/install/local_setup.sh'
[56.741s] INFO:colcon.colcon_core.shell:Creating prefix util module '/home/sunrise/jianye_dev/mono2d_ws/install/_local_setup_util_sh.py'
[56.745s] INFO:colcon.colcon_core.shell:Creating prefix chain script '/home/sunrise/jianye_dev/mono2d_ws/install/setup.sh'
[56.754s] INFO:colcon.colcon_core.shell:Creating prefix script '/home/sunrise/jianye_dev/mono2d_ws/install/local_setup.bash'
[56.757s] INFO:colcon.colcon_core.shell:Creating prefix chain script '/home/sunrise/jianye_dev/mono2d_ws/install/setup.bash'
[56.766s] INFO:colcon.colcon_core.shell:Creating prefix script '/home/sunrise/jianye_dev/mono2d_ws/install/local_setup.zsh'
[56.770s] INFO:colcon.colcon_core.shell:Creating prefix chain script '/home/sunrise/jianye_dev/mono2d_ws/install/setup.zsh'
