[0.062s] Invoking command in '/home/sunrise/jianye_dev/mono2d_ws/build/body_follow': CMAKE_PREFIX_PATH=${CMAKE_PREFIX_PATH}:/userdata/dev_ws/install/vlm:/userdata/dev_ws/install/qr_code_detection:/userdata/dev_ws/install/origincar_capimage:/opt/tros/humble:/opt/ros/humble /usr/bin/cmake --build /home/sunrise/jianye_dev/mono2d_ws/build/body_follow -- -j8 -l8
[0.283s] [35m[1mConsolidate compiler generated dependencies of target body_follow[0m
[0.384s] [ 50%] [32mBuilding CXX object CMakeFiles/body_follow.dir/src/body_follow.cpp.o[0m
[14.933s] [01m[K/home/sunrise/jianye_dev/mono2d_ws/src/body_follow/src/body_follow.cpp:[m[K In member function ‘[01m[Kvoid BodyRoiSubscriber::topic_callback(ai_msgs::msg::PerceptionTargets_<std::allocator<void> >::SharedPtr)[m[K’:
[14.934s] [01m[K/home/sunrise/jianye_dev/mono2d_ws/src/body_follow/src/body_follow.cpp:63:13:[m[K [01;35m[Kwarning: [m[Kunused variable ‘[01m[Kx2[m[K’ [[01;35m[K]8;;https://gcc.gnu.org/onlinedocs/gcc/Warning-Options.html#index-Wunused-variable-Wunused-variable]8;;[m[K]
[14.934s]    63 |         int [01;35m[Kx2[m[K = x1 + largest_roi.width;
[14.935s]       |             [01;35m[K^~[m[K
[14.935s] [01m[K/home/sunrise/jianye_dev/mono2d_ws/src/body_follow/src/body_follow.cpp:64:13:[m[K [01;35m[Kwarning: [m[Kunused variable ‘[01m[Ky2[m[K’ [[01;35m[K]8;;https://gcc.gnu.org/onlinedocs/gcc/Warning-Options.html#index-Wunused-variable-Wunused-variable]8;;[m[K]
[14.936s]    64 |         int [01;35m[Ky2[m[K = y1 + largest_roi.height;
[14.936s]       |             [01;35m[K^~[m[K
[53.141s] [100%] [32m[1mLinking CXX executable body_follow[0m
[56.933s] [100%] Built target body_follow
[57.000s] Invoked command in '/home/sunrise/jianye_dev/mono2d_ws/build/body_follow' returned '0': CMAKE_PREFIX_PATH=${CMAKE_PREFIX_PATH}:/userdata/dev_ws/install/vlm:/userdata/dev_ws/install/qr_code_detection:/userdata/dev_ws/install/origincar_capimage:/opt/tros/humble:/opt/ros/humble /usr/bin/cmake --build /home/sunrise/jianye_dev/mono2d_ws/build/body_follow -- -j8 -l8
[57.058s] Invoking command in '/home/sunrise/jianye_dev/mono2d_ws/build/body_follow': CMAKE_PREFIX_PATH=${CMAKE_PREFIX_PATH}:/userdata/dev_ws/install/vlm:/userdata/dev_ws/install/qr_code_detection:/userdata/dev_ws/install/origincar_capimage:/opt/tros/humble:/opt/ros/humble /usr/bin/cmake --install /home/sunrise/jianye_dev/mono2d_ws/build/body_follow
[57.097s] -- Install configuration: ""
[57.099s] -- Installing: /home/sunrise/jianye_dev/mono2d_ws/install/body_follow/lib/body_follow/body_follow
[57.130s] -- Set runtime path of "/home/sunrise/jianye_dev/mono2d_ws/install/body_follow/lib/body_follow/body_follow" to ""
[57.130s] -- Up-to-date: /home/sunrise/jianye_dev/mono2d_ws/install/body_follow/share/ament_index/resource_index/package_run_dependencies/body_follow
[57.131s] -- Up-to-date: /home/sunrise/jianye_dev/mono2d_ws/install/body_follow/share/ament_index/resource_index/parent_prefix_path/body_follow
[57.132s] -- Up-to-date: /home/sunrise/jianye_dev/mono2d_ws/install/body_follow/share/body_follow/environment/ament_prefix_path.sh
[57.132s] -- Up-to-date: /home/sunrise/jianye_dev/mono2d_ws/install/body_follow/share/body_follow/environment/ament_prefix_path.dsv
[57.133s] -- Up-to-date: /home/sunrise/jianye_dev/mono2d_ws/install/body_follow/share/body_follow/environment/path.sh
[57.133s] -- Up-to-date: /home/sunrise/jianye_dev/mono2d_ws/install/body_follow/share/body_follow/environment/path.dsv
[57.134s] -- Up-to-date: /home/sunrise/jianye_dev/mono2d_ws/install/body_follow/share/body_follow/local_setup.bash
[57.134s] -- Up-to-date: /home/sunrise/jianye_dev/mono2d_ws/install/body_follow/share/body_follow/local_setup.sh
[57.135s] -- Up-to-date: /home/sunrise/jianye_dev/mono2d_ws/install/body_follow/share/body_follow/local_setup.zsh
[57.135s] -- Up-to-date: /home/sunrise/jianye_dev/mono2d_ws/install/body_follow/share/body_follow/local_setup.dsv
[57.136s] -- Installing: /home/sunrise/jianye_dev/mono2d_ws/install/body_follow/share/body_follow/package.dsv
[57.136s] -- Up-to-date: /home/sunrise/jianye_dev/mono2d_ws/install/body_follow/share/ament_index/resource_index/packages/body_follow
[57.137s] -- Up-to-date: /home/sunrise/jianye_dev/mono2d_ws/install/body_follow/share/body_follow/cmake/body_followConfig.cmake
[57.137s] -- Up-to-date: /home/sunrise/jianye_dev/mono2d_ws/install/body_follow/share/body_follow/cmake/body_followConfig-version.cmake
[57.138s] -- Up-to-date: /home/sunrise/jianye_dev/mono2d_ws/install/body_follow/share/body_follow/package.xml
[57.146s] Invoked command in '/home/sunrise/jianye_dev/mono2d_ws/build/body_follow' returned '0': CMAKE_PREFIX_PATH=${CMAKE_PREFIX_PATH}:/userdata/dev_ws/install/vlm:/userdata/dev_ws/install/qr_code_detection:/userdata/dev_ws/install/origincar_capimage:/opt/tros/humble:/opt/ros/humble /usr/bin/cmake --install /home/sunrise/jianye_dev/mono2d_ws/build/body_follow
