[4.179s] Invoking command in '/home/sunrise/jianye_dev/falldown_ws/src/falldown_alert': PYTHONPATH=/home/sunrise/jianye_dev/falldown_ws/build/falldown_alert/prefix_override:/usr/lib/python3/dist-packages/colcon_core/task/python/colcon_distutils_commands:/home/sunrise/jianye_dev/falldown_ws/install/falldown_alert/lib/python3.10/site-packages:${PYTHONPATH} /usr/bin/python3 -W ignore:setup.py install is deprecated -W ignore:easy_install command is deprecated setup.py egg_info --egg-base ../../build/falldown_alert build --build-base /home/sunrise/jianye_dev/falldown_ws/build/falldown_alert/build install --record /home/sunrise/jianye_dev/falldown_ws/build/falldown_alert/install.log --single-version-externally-managed install_data
[5.743s] running egg_info
[5.745s] creating ../../build/falldown_alert/falldown_alert.egg-info
[5.747s] writing ../../build/falldown_alert/falldown_alert.egg-info/PKG-INFO
[5.748s] writing dependency_links to ../../build/falldown_alert/falldown_alert.egg-info/dependency_links.txt
[5.748s] writing entry points to ../../build/falldown_alert/falldown_alert.egg-info/entry_points.txt
[5.749s] writing requirements to ../../build/falldown_alert/falldown_alert.egg-info/requires.txt
[5.750s] writing top-level names to ../../build/falldown_alert/falldown_alert.egg-info/top_level.txt
[5.750s] writing manifest file '../../build/falldown_alert/falldown_alert.egg-info/SOURCES.txt'
[5.759s] reading manifest file '../../build/falldown_alert/falldown_alert.egg-info/SOURCES.txt'
[5.764s] writing manifest file '../../build/falldown_alert/falldown_alert.egg-info/SOURCES.txt'
[5.764s] running build
[5.765s] running build_py
[5.766s] creating /home/sunrise/jianye_dev/falldown_ws/build/falldown_alert/build
[5.766s] creating /home/sunrise/jianye_dev/falldown_ws/build/falldown_alert/build/lib
[5.767s] creating /home/sunrise/jianye_dev/falldown_ws/build/falldown_alert/build/lib/falldown_alert
[5.767s] copying falldown_alert/falldown_alert.py -> /home/sunrise/jianye_dev/falldown_ws/build/falldown_alert/build/lib/falldown_alert
[5.768s] copying falldown_alert/__init__.py -> /home/sunrise/jianye_dev/falldown_ws/build/falldown_alert/build/lib/falldown_alert
[5.768s] running install
[5.770s] running install_lib
[5.774s] creating /home/sunrise/jianye_dev/falldown_ws/install/falldown_alert/lib/python3.10/site-packages/falldown_alert
[5.775s] copying /home/sunrise/jianye_dev/falldown_ws/build/falldown_alert/build/lib/falldown_alert/falldown_alert.py -> /home/sunrise/jianye_dev/falldown_ws/install/falldown_alert/lib/python3.10/site-packages/falldown_alert
[5.775s] copying /home/sunrise/jianye_dev/falldown_ws/build/falldown_alert/build/lib/falldown_alert/__init__.py -> /home/sunrise/jianye_dev/falldown_ws/install/falldown_alert/lib/python3.10/site-packages/falldown_alert
[5.778s] byte-compiling /home/sunrise/jianye_dev/falldown_ws/install/falldown_alert/lib/python3.10/site-packages/falldown_alert/falldown_alert.py to falldown_alert.cpython-310.pyc
[5.780s] byte-compiling /home/sunrise/jianye_dev/falldown_ws/install/falldown_alert/lib/python3.10/site-packages/falldown_alert/__init__.py to __init__.cpython-310.pyc
[5.781s] running install_data
[5.782s] creating /home/sunrise/jianye_dev/falldown_ws/install/falldown_alert/share/ament_index
[5.782s] creating /home/sunrise/jianye_dev/falldown_ws/install/falldown_alert/share/ament_index/resource_index
[5.783s] creating /home/sunrise/jianye_dev/falldown_ws/install/falldown_alert/share/ament_index/resource_index/packages
[5.783s] copying resource/falldown_alert -> /home/sunrise/jianye_dev/falldown_ws/install/falldown_alert/share/ament_index/resource_index/packages
[5.784s] copying package.xml -> /home/sunrise/jianye_dev/falldown_ws/install/falldown_alert/share/falldown_alert
[5.784s] running install_egg_info
[5.794s] Copying ../../build/falldown_alert/falldown_alert.egg-info to /home/sunrise/jianye_dev/falldown_ws/install/falldown_alert/lib/python3.10/site-packages/falldown_alert-0.0.0-py3.10.egg-info
[5.798s] running install_scripts
[5.920s] Installing falldown_detector script to /home/sunrise/jianye_dev/falldown_ws/install/falldown_alert/lib/falldown_alert
[5.922s] writing list of installed files to '/home/sunrise/jianye_dev/falldown_ws/build/falldown_alert/install.log'
[6.127s] Invoked command in '/home/sunrise/jianye_dev/falldown_ws/src/falldown_alert' returned '0': PYTHONPATH=/home/sunrise/jianye_dev/falldown_ws/build/falldown_alert/prefix_override:/usr/lib/python3/dist-packages/colcon_core/task/python/colcon_distutils_commands:/home/sunrise/jianye_dev/falldown_ws/install/falldown_alert/lib/python3.10/site-packages:${PYTHONPATH} /usr/bin/python3 -W ignore:setup.py install is deprecated -W ignore:easy_install command is deprecated setup.py egg_info --egg-base ../../build/falldown_alert build --build-base /home/sunrise/jianye_dev/falldown_ws/build/falldown_alert/build install --record /home/sunrise/jianye_dev/falldown_ws/build/falldown_alert/install.log --single-version-externally-managed install_data
