running egg_info
writing ../../build/falldown_alert/falldown_alert.egg-info/PKG-INFO
writing dependency_links to ../../build/falldown_alert/falldown_alert.egg-info/dependency_links.txt
writing entry points to ../../build/falldown_alert/falldown_alert.egg-info/entry_points.txt
writing requirements to ../../build/falldown_alert/falldown_alert.egg-info/requires.txt
writing top-level names to ../../build/falldown_alert/falldown_alert.egg-info/top_level.txt
reading manifest file '../../build/falldown_alert/falldown_alert.egg-info/SOURCES.txt'
writing manifest file '../../build/falldown_alert/falldown_alert.egg-info/SOURCES.txt'
running build
running build_py
copying falldown_alert/falldown_alert.py -> /home/sunrise/jianye_dev/falldown_ws/build/falldown_alert/build/lib/falldown_alert
running install
running install_lib
copying /home/sunrise/jianye_dev/falldown_ws/build/falldown_alert/build/lib/falldown_alert/falldown_alert.py -> /home/sunrise/jianye_dev/falldown_ws/install/falldown_alert/lib/python3.10/site-packages/falldown_alert
byte-compiling /home/sunrise/jianye_dev/falldown_ws/install/falldown_alert/lib/python3.10/site-packages/falldown_alert/falldown_alert.py to falldown_alert.cpython-310.pyc
running install_data
running install_egg_info
removing '/home/sunrise/jianye_dev/falldown_ws/install/falldown_alert/lib/python3.10/site-packages/falldown_alert-0.0.0-py3.10.egg-info' (and everything under it)
Copying ../../build/falldown_alert/falldown_alert.egg-info to /home/sunrise/jianye_dev/falldown_ws/install/falldown_alert/lib/python3.10/site-packages/falldown_alert-0.0.0-py3.10.egg-info
running install_scripts
Installing falldown_alert script to /home/sunrise/jianye_dev/falldown_ws/install/falldown_alert/lib/falldown_alert
writing list of installed files to '/home/sunrise/jianye_dev/falldown_ws/build/falldown_alert/install.log'
