[0.655s] DEBUG:colcon:Command line arguments: ['/usr/bin/colcon', 'build', '--symlink-install']
[0.656s] DEBUG:colcon:Parsed command line arguments: Namespace(log_base=None, log_level=None, verb_name='build', build_base='build', install_base='install', merge_install=False, symlink_install=True, test_result_base=None, continue_on_error=False, executor='parallel', parallel_workers=8, event_handlers=None, ignore_user_meta=False, metas=['./colcon.meta'], base_paths=['.'], packages_ignore=None, packages_ignore_regex=None, paths=None, packages_up_to=None, packages_up_to_regex=None, packages_above=None, packages_above_and_dependencies=None, packages_above_depth=None, packages_select_by_dep=None, packages_skip_by_dep=None, packages_skip_up_to=None, packages_select_build_failed=False, packages_skip_build_finished=False, packages_select_test_failures=False, packages_skip_test_passed=False, packages_select=None, packages_skip=None, packages_select_regex=None, packages_skip_regex=None, packages_start=None, packages_end=None, allow_overriding=[], cmake_args=None, cmake_target=None, cmake_target_skip_unavailable=False, cmake_clean_cache=False, cmake_clean_first=False, cmake_force_configure=False, ament_cmake_args=None, catkin_cmake_args=None, catkin_skip_building_tests=False, verb_parser=<colcon_defaults.argument_parser.defaults.DefaultArgumentsDecorator object at 0xffffa1067d00>, verb_extension=<colcon_core.verb.build.BuildVerb object at 0xffffa10677f0>, main=<bound method BuildVerb.main of <colcon_core.verb.build.BuildVerb object at 0xffffa10677f0>>)
[1.764s] Level 1:colcon.colcon_core.package_discovery:discover_packages(colcon_meta) check parameters
[1.764s] Level 1:colcon.colcon_core.package_discovery:discover_packages(recursive) check parameters
[1.765s] Level 1:colcon.colcon_core.package_discovery:discover_packages(ignore) check parameters
[1.765s] Level 1:colcon.colcon_core.package_discovery:discover_packages(path) check parameters
[1.765s] Level 1:colcon.colcon_core.package_discovery:discover_packages(colcon_meta) discover
[1.765s] Level 1:colcon.colcon_core.package_discovery:discover_packages(recursive) discover
[1.766s] INFO:colcon.colcon_core.package_discovery:Crawling recursively for packages in '/home/sunrise/jianye_dev/rplidar_ws'
[1.766s] Level 1:colcon.colcon_core.package_identification:_identify(.) by extensions ['ignore', 'ignore_ament_install']
[1.767s] Level 1:colcon.colcon_core.package_identification:_identify(.) by extension 'ignore'
[1.767s] Level 1:colcon.colcon_core.package_identification:_identify(.) by extension 'ignore_ament_install'
[1.768s] Level 1:colcon.colcon_core.package_identification:_identify(.) by extensions ['colcon_pkg']
[1.768s] Level 1:colcon.colcon_core.package_identification:_identify(.) by extension 'colcon_pkg'
[1.768s] Level 1:colcon.colcon_core.package_identification:_identify(.) by extensions ['colcon_meta']
[1.768s] Level 1:colcon.colcon_core.package_identification:_identify(.) by extension 'colcon_meta'
[1.769s] Level 1:colcon.colcon_core.package_identification:_identify(.) by extensions ['ros']
[1.769s] Level 1:colcon.colcon_core.package_identification:_identify(.) by extension 'ros'
[1.844s] Level 1:colcon.colcon_core.package_identification:_identify(.) by extensions ['cmake', 'python']
[1.845s] Level 1:colcon.colcon_core.package_identification:_identify(.) by extension 'cmake'
[1.845s] Level 1:colcon.colcon_core.package_identification:_identify(.) by extension 'python'
[1.846s] Level 1:colcon.colcon_core.package_identification:_identify(.) by extensions ['python_setup_py']
[1.846s] Level 1:colcon.colcon_core.package_identification:_identify(.) by extension 'python_setup_py'
[1.847s] Level 1:colcon.colcon_core.package_identification:_identify(build) by extensions ['ignore', 'ignore_ament_install']
[1.847s] Level 1:colcon.colcon_core.package_identification:_identify(build) by extension 'ignore'
[1.848s] Level 1:colcon.colcon_core.package_identification:_identify(build) ignored
[1.848s] Level 1:colcon.colcon_core.package_identification:_identify(install) by extensions ['ignore', 'ignore_ament_install']
[1.849s] Level 1:colcon.colcon_core.package_identification:_identify(install) by extension 'ignore'
[1.849s] Level 1:colcon.colcon_core.package_identification:_identify(install) ignored
[1.850s] Level 1:colcon.colcon_core.package_identification:_identify(log) by extensions ['ignore', 'ignore_ament_install']
[1.850s] Level 1:colcon.colcon_core.package_identification:_identify(log) by extension 'ignore'
[1.851s] Level 1:colcon.colcon_core.package_identification:_identify(log) ignored
[1.851s] Level 1:colcon.colcon_core.package_identification:_identify(rplidar_ros-dev-ros2) by extensions ['ignore', 'ignore_ament_install']
[1.852s] Level 1:colcon.colcon_core.package_identification:_identify(rplidar_ros-dev-ros2) by extension 'ignore'
[1.852s] Level 1:colcon.colcon_core.package_identification:_identify(rplidar_ros-dev-ros2) by extension 'ignore_ament_install'
[1.852s] Level 1:colcon.colcon_core.package_identification:_identify(rplidar_ros-dev-ros2) by extensions ['colcon_pkg']
[1.852s] Level 1:colcon.colcon_core.package_identification:_identify(rplidar_ros-dev-ros2) by extension 'colcon_pkg'
[1.853s] Level 1:colcon.colcon_core.package_identification:_identify(rplidar_ros-dev-ros2) by extensions ['colcon_meta']
[1.853s] Level 1:colcon.colcon_core.package_identification:_identify(rplidar_ros-dev-ros2) by extension 'colcon_meta'
[1.853s] Level 1:colcon.colcon_core.package_identification:_identify(rplidar_ros-dev-ros2) by extensions ['ros']
[1.853s] Level 1:colcon.colcon_core.package_identification:_identify(rplidar_ros-dev-ros2) by extension 'ros'
[1.869s] DEBUG:colcon.colcon_core.package_identification:Package 'rplidar_ros-dev-ros2' with type 'ros.ament_cmake' and name 'rplidar_ros'
[1.869s] Level 1:colcon.colcon_core.package_discovery:discover_packages(recursive) using defaults
[1.869s] Level 1:colcon.colcon_core.package_discovery:discover_packages(ignore) discover
[1.870s] Level 1:colcon.colcon_core.package_discovery:discover_packages(ignore) using defaults
[1.870s] Level 1:colcon.colcon_core.package_discovery:discover_packages(path) discover
[1.870s] Level 1:colcon.colcon_core.package_discovery:discover_packages(path) using defaults
[1.985s] Level 1:colcon.colcon_core.package_discovery:discover_packages(prefix_path) check parameters
[1.985s] Level 1:colcon.colcon_core.package_discovery:discover_packages(prefix_path) discover
[1.997s] DEBUG:colcon.colcon_installed_package_information.package_discovery:Found 1 installed packages in /home/sunrise/jianye_dev/rplidar_ws/install
[2.002s] DEBUG:colcon.colcon_installed_package_information.package_discovery:Found 11 installed packages in /userdata/dev_ws/install
[2.005s] DEBUG:colcon.colcon_installed_package_information.package_discovery:Found 49 installed packages in /opt/tros/humble
[2.015s] DEBUG:colcon.colcon_installed_package_information.package_discovery:Found 218 installed packages in /opt/ros/humble
[2.024s] Level 1:colcon.colcon_core.package_discovery:discover_packages(prefix_path) using defaults
[2.346s] Level 5:colcon.colcon_core.verb:set package 'rplidar_ros' build argument 'cmake_args' from command line to 'None'
[2.347s] Level 5:colcon.colcon_core.verb:set package 'rplidar_ros' build argument 'cmake_target' from command line to 'None'
[2.347s] Level 5:colcon.colcon_core.verb:set package 'rplidar_ros' build argument 'cmake_target_skip_unavailable' from command line to 'False'
[2.347s] Level 5:colcon.colcon_core.verb:set package 'rplidar_ros' build argument 'cmake_clean_cache' from command line to 'False'
[2.347s] Level 5:colcon.colcon_core.verb:set package 'rplidar_ros' build argument 'cmake_clean_first' from command line to 'False'
[2.347s] Level 5:colcon.colcon_core.verb:set package 'rplidar_ros' build argument 'cmake_force_configure' from command line to 'False'
[2.348s] Level 5:colcon.colcon_core.verb:set package 'rplidar_ros' build argument 'ament_cmake_args' from command line to 'None'
[2.348s] Level 5:colcon.colcon_core.verb:set package 'rplidar_ros' build argument 'catkin_cmake_args' from command line to 'None'
[2.348s] Level 5:colcon.colcon_core.verb:set package 'rplidar_ros' build argument 'catkin_skip_building_tests' from command line to 'False'
[2.348s] DEBUG:colcon.colcon_core.verb:Building package 'rplidar_ros' with the following arguments: {'ament_cmake_args': None, 'build_base': '/home/sunrise/jianye_dev/rplidar_ws/build/rplidar_ros', 'catkin_cmake_args': None, 'catkin_skip_building_tests': False, 'cmake_args': None, 'cmake_clean_cache': False, 'cmake_clean_first': False, 'cmake_force_configure': False, 'cmake_target': None, 'cmake_target_skip_unavailable': False, 'install_base': '/home/sunrise/jianye_dev/rplidar_ws/install/rplidar_ros', 'merge_install': False, 'path': '/home/sunrise/jianye_dev/rplidar_ws/rplidar_ros-dev-ros2', 'symlink_install': True, 'test_result_base': None}
[2.349s] INFO:colcon.colcon_core.executor:Executing jobs using 'parallel' executor
[2.354s] DEBUG:colcon.colcon_parallel_executor.executor.parallel:run_until_complete
[2.355s] INFO:colcon.colcon_ros.task.ament_cmake.build:Building ROS package in '/home/sunrise/jianye_dev/rplidar_ws/rplidar_ros-dev-ros2' with build type 'ament_cmake'
[2.356s] INFO:colcon.colcon_cmake.task.cmake.build:Building CMake package in '/home/sunrise/jianye_dev/rplidar_ws/rplidar_ros-dev-ros2'
[2.368s] INFO:colcon.colcon_core.plugin_system:Skipping extension 'colcon_core.shell.bat': Not used on non-Windows systems
[2.369s] INFO:colcon.colcon_core.shell:Skip shell extension 'powershell' for command environment: Not usable outside of PowerShell
[2.370s] DEBUG:colcon.colcon_core.shell:Skip shell extension 'dsv' for command environment
[2.414s] DEBUG:colcon.colcon_core.event_handler.log_command:Invoking command in '/home/sunrise/jianye_dev/rplidar_ws/build/rplidar_ros': CMAKE_PREFIX_PATH=${CMAKE_PREFIX_PATH}:/userdata/dev_ws/install/vlm:/userdata/dev_ws/install/qr_code_detection:/userdata/dev_ws/install/origincar_capimage:/opt/tros/humble:/opt/ros/humble /usr/bin/cmake /home/sunrise/jianye_dev/rplidar_ws/rplidar_ros-dev-ros2 -DAMENT_CMAKE_SYMLINK_INSTALL=1 -DCMAKE_INSTALL_PREFIX=/home/sunrise/jianye_dev/rplidar_ws/install/rplidar_ros
[5.504s] DEBUG:colcon.colcon_core.event_handler.log_command:Invoked command in '/home/sunrise/jianye_dev/rplidar_ws/build/rplidar_ros' returned '0': CMAKE_PREFIX_PATH=${CMAKE_PREFIX_PATH}:/userdata/dev_ws/install/vlm:/userdata/dev_ws/install/qr_code_detection:/userdata/dev_ws/install/origincar_capimage:/opt/tros/humble:/opt/ros/humble /usr/bin/cmake /home/sunrise/jianye_dev/rplidar_ws/rplidar_ros-dev-ros2 -DAMENT_CMAKE_SYMLINK_INSTALL=1 -DCMAKE_INSTALL_PREFIX=/home/sunrise/jianye_dev/rplidar_ws/install/rplidar_ros
[5.519s] DEBUG:colcon.colcon_core.event_handler.log_command:Invoking command in '/home/sunrise/jianye_dev/rplidar_ws/build/rplidar_ros': CMAKE_PREFIX_PATH=${CMAKE_PREFIX_PATH}:/userdata/dev_ws/install/vlm:/userdata/dev_ws/install/qr_code_detection:/userdata/dev_ws/install/origincar_capimage:/opt/tros/humble:/opt/ros/humble /usr/bin/cmake --build /home/sunrise/jianye_dev/rplidar_ws/build/rplidar_ros -- -j8 -l8
[5.969s] DEBUG:colcon.colcon_core.event_handler.log_command:Invoked command in '/home/sunrise/jianye_dev/rplidar_ws/build/rplidar_ros' returned '0': CMAKE_PREFIX_PATH=${CMAKE_PREFIX_PATH}:/userdata/dev_ws/install/vlm:/userdata/dev_ws/install/qr_code_detection:/userdata/dev_ws/install/origincar_capimage:/opt/tros/humble:/opt/ros/humble /usr/bin/cmake --build /home/sunrise/jianye_dev/rplidar_ws/build/rplidar_ros -- -j8 -l8
[6.012s] DEBUG:colcon.colcon_core.event_handler.log_command:Invoking command in '/home/sunrise/jianye_dev/rplidar_ws/build/rplidar_ros': CMAKE_PREFIX_PATH=${CMAKE_PREFIX_PATH}:/userdata/dev_ws/install/vlm:/userdata/dev_ws/install/qr_code_detection:/userdata/dev_ws/install/origincar_capimage:/opt/tros/humble:/opt/ros/humble /usr/bin/cmake --install /home/sunrise/jianye_dev/rplidar_ws/build/rplidar_ros
[6.124s] Level 1:colcon.colcon_core.environment:create_environment_scripts_only(rplidar_ros)
[6.127s] DEBUG:colcon.colcon_core.event_handler.log_command:Invoked command in '/home/sunrise/jianye_dev/rplidar_ws/build/rplidar_ros' returned '0': CMAKE_PREFIX_PATH=${CMAKE_PREFIX_PATH}:/userdata/dev_ws/install/vlm:/userdata/dev_ws/install/qr_code_detection:/userdata/dev_ws/install/origincar_capimage:/opt/tros/humble:/opt/ros/humble /usr/bin/cmake --install /home/sunrise/jianye_dev/rplidar_ws/build/rplidar_ros
[6.139s] Level 1:colcon.colcon_core.environment:checking '/home/sunrise/jianye_dev/rplidar_ws/install/rplidar_ros' for CMake module files
[6.143s] Level 1:colcon.colcon_core.environment:checking '/home/sunrise/jianye_dev/rplidar_ws/install/rplidar_ros' for CMake config files
[6.146s] Level 1:colcon.colcon_core.shell:create_environment_hook('rplidar_ros', 'cmake_prefix_path')
[6.148s] INFO:colcon.colcon_core.shell:Creating environment hook '/home/sunrise/jianye_dev/rplidar_ws/install/rplidar_ros/share/rplidar_ros/hook/cmake_prefix_path.ps1'
[6.152s] INFO:colcon.colcon_core.shell:Creating environment descriptor '/home/sunrise/jianye_dev/rplidar_ws/install/rplidar_ros/share/rplidar_ros/hook/cmake_prefix_path.dsv'
[6.155s] INFO:colcon.colcon_core.shell:Creating environment hook '/home/sunrise/jianye_dev/rplidar_ws/install/rplidar_ros/share/rplidar_ros/hook/cmake_prefix_path.sh'
[6.161s] Level 1:colcon.colcon_core.environment:checking '/home/sunrise/jianye_dev/rplidar_ws/install/rplidar_ros/lib'
[6.162s] Level 1:colcon.colcon_core.environment:checking '/home/sunrise/jianye_dev/rplidar_ws/install/rplidar_ros/bin'
[6.163s] Level 1:colcon.colcon_core.environment:checking '/home/sunrise/jianye_dev/rplidar_ws/install/rplidar_ros/lib/pkgconfig/rplidar_ros.pc'
[6.164s] Level 1:colcon.colcon_core.environment:checking '/home/sunrise/jianye_dev/rplidar_ws/install/rplidar_ros/lib/python3.10/site-packages'
[6.166s] Level 1:colcon.colcon_core.environment:checking '/home/sunrise/jianye_dev/rplidar_ws/install/rplidar_ros/bin'
[6.168s] INFO:colcon.colcon_core.shell:Creating package script '/home/sunrise/jianye_dev/rplidar_ws/install/rplidar_ros/share/rplidar_ros/package.ps1'
[6.173s] INFO:colcon.colcon_core.shell:Creating package descriptor '/home/sunrise/jianye_dev/rplidar_ws/install/rplidar_ros/share/rplidar_ros/package.dsv'
[6.177s] INFO:colcon.colcon_core.shell:Creating package script '/home/sunrise/jianye_dev/rplidar_ws/install/rplidar_ros/share/rplidar_ros/package.sh'
[6.183s] INFO:colcon.colcon_core.shell:Creating package script '/home/sunrise/jianye_dev/rplidar_ws/install/rplidar_ros/share/rplidar_ros/package.bash'
[6.188s] INFO:colcon.colcon_core.shell:Creating package script '/home/sunrise/jianye_dev/rplidar_ws/install/rplidar_ros/share/rplidar_ros/package.zsh'
[6.194s] Level 1:colcon.colcon_core.environment:create_file_with_runtime_dependencies(/home/sunrise/jianye_dev/rplidar_ws/install/rplidar_ros/share/colcon-core/packages/rplidar_ros)
[6.197s] Level 1:colcon.colcon_core.environment:create_environment_scripts_only(rplidar_ros)
[6.199s] Level 1:colcon.colcon_core.environment:checking '/home/sunrise/jianye_dev/rplidar_ws/install/rplidar_ros' for CMake module files
[6.203s] Level 1:colcon.colcon_core.environment:checking '/home/sunrise/jianye_dev/rplidar_ws/install/rplidar_ros' for CMake config files
[6.206s] Level 1:colcon.colcon_core.shell:create_environment_hook('rplidar_ros', 'cmake_prefix_path')
[6.207s] INFO:colcon.colcon_core.shell:Creating environment hook '/home/sunrise/jianye_dev/rplidar_ws/install/rplidar_ros/share/rplidar_ros/hook/cmake_prefix_path.ps1'
[6.210s] INFO:colcon.colcon_core.shell:Creating environment descriptor '/home/sunrise/jianye_dev/rplidar_ws/install/rplidar_ros/share/rplidar_ros/hook/cmake_prefix_path.dsv'
[6.212s] INFO:colcon.colcon_core.shell:Creating environment hook '/home/sunrise/jianye_dev/rplidar_ws/install/rplidar_ros/share/rplidar_ros/hook/cmake_prefix_path.sh'
[6.215s] Level 1:colcon.colcon_core.environment:checking '/home/sunrise/jianye_dev/rplidar_ws/install/rplidar_ros/lib'
[6.215s] Level 1:colcon.colcon_core.environment:checking '/home/sunrise/jianye_dev/rplidar_ws/install/rplidar_ros/bin'
[6.215s] Level 1:colcon.colcon_core.environment:checking '/home/sunrise/jianye_dev/rplidar_ws/install/rplidar_ros/lib/pkgconfig/rplidar_ros.pc'
[6.217s] Level 1:colcon.colcon_core.environment:checking '/home/sunrise/jianye_dev/rplidar_ws/install/rplidar_ros/lib/python3.10/site-packages'
[6.218s] Level 1:colcon.colcon_core.environment:checking '/home/sunrise/jianye_dev/rplidar_ws/install/rplidar_ros/bin'
[6.220s] INFO:colcon.colcon_core.shell:Creating package script '/home/sunrise/jianye_dev/rplidar_ws/install/rplidar_ros/share/rplidar_ros/package.ps1'
[6.223s] INFO:colcon.colcon_core.shell:Creating package descriptor '/home/sunrise/jianye_dev/rplidar_ws/install/rplidar_ros/share/rplidar_ros/package.dsv'
[6.226s] INFO:colcon.colcon_core.shell:Creating package script '/home/sunrise/jianye_dev/rplidar_ws/install/rplidar_ros/share/rplidar_ros/package.sh'
[6.228s] INFO:colcon.colcon_core.shell:Creating package script '/home/sunrise/jianye_dev/rplidar_ws/install/rplidar_ros/share/rplidar_ros/package.bash'
[6.231s] INFO:colcon.colcon_core.shell:Creating package script '/home/sunrise/jianye_dev/rplidar_ws/install/rplidar_ros/share/rplidar_ros/package.zsh'
[6.233s] Level 1:colcon.colcon_core.environment:create_file_with_runtime_dependencies(/home/sunrise/jianye_dev/rplidar_ws/install/rplidar_ros/share/colcon-core/packages/rplidar_ros)
[6.234s] DEBUG:colcon.colcon_parallel_executor.executor.parallel:closing loop
[6.236s] DEBUG:colcon.colcon_parallel_executor.executor.parallel:loop closed
[6.236s] DEBUG:colcon.colcon_parallel_executor.executor.parallel:run_until_complete finished with '0'
[6.237s] DEBUG:colcon.colcon_core.event_reactor:joining thread
[6.264s] INFO:colcon.colcon_core.plugin_system:Skipping extension 'colcon_notification.desktop_notification.notify_send': Could not find 'notify-send'
[6.264s] INFO:colcon.colcon_core.plugin_system:Skipping extension 'colcon_notification.desktop_notification.terminal_notifier': Not used on non-Darwin systems
[6.265s] INFO:colcon.colcon_core.plugin_system:Skipping extension 'colcon_notification.desktop_notification.win32': Not used on non-Windows systems
[6.265s] INFO:colcon.colcon_notification.desktop_notification:Sending desktop notification using 'notify2'
[6.266s] DEBUG:colcon.colcon_notification.desktop_notification.notify2:Failed to initialize notify2: org.freedesktop.DBus.Error.NotSupported: Unable to autolaunch a dbus-daemon without a $DISPLAY for X11
[6.266s] DEBUG:colcon.colcon_core.event_reactor:joined thread
[6.267s] INFO:colcon.colcon_core.shell:Creating prefix script '/home/sunrise/jianye_dev/rplidar_ws/install/local_setup.ps1'
[6.273s] INFO:colcon.colcon_core.shell:Creating prefix util module '/home/sunrise/jianye_dev/rplidar_ws/install/_local_setup_util_ps1.py'
[6.283s] INFO:colcon.colcon_core.shell:Creating prefix chain script '/home/sunrise/jianye_dev/rplidar_ws/install/setup.ps1'
[6.293s] INFO:colcon.colcon_core.shell:Creating prefix script '/home/sunrise/jianye_dev/rplidar_ws/install/local_setup.sh'
[6.296s] INFO:colcon.colcon_core.shell:Creating prefix util module '/home/sunrise/jianye_dev/rplidar_ws/install/_local_setup_util_sh.py'
[6.300s] INFO:colcon.colcon_core.shell:Creating prefix chain script '/home/sunrise/jianye_dev/rplidar_ws/install/setup.sh'
[6.310s] INFO:colcon.colcon_core.shell:Creating prefix script '/home/sunrise/jianye_dev/rplidar_ws/install/local_setup.bash'
[6.313s] INFO:colcon.colcon_core.shell:Creating prefix chain script '/home/sunrise/jianye_dev/rplidar_ws/install/setup.bash'
[6.322s] INFO:colcon.colcon_core.shell:Creating prefix script '/home/sunrise/jianye_dev/rplidar_ws/install/local_setup.zsh'
[6.325s] INFO:colcon.colcon_core.shell:Creating prefix chain script '/home/sunrise/jianye_dev/rplidar_ws/install/setup.zsh'
