[4.281s] Invoking command in '/home/sunrise/jianye_dev/motor_ws/src/servo_control': PYTHONPATH=/home/sunrise/jianye_dev/motor_ws/build/servo_control/prefix_override:/usr/lib/python3/dist-packages/colcon_core/task/python/colcon_distutils_commands:/home/sunrise/jianye_dev/motor_ws/install/servo_control/lib/python3.10/site-packages:${PYTHONPATH} /usr/bin/python3 -W ignore:setup.py install is deprecated -W ignore:easy_install command is deprecated setup.py egg_info --egg-base ../../build/servo_control build --build-base /home/sunrise/jianye_dev/motor_ws/build/servo_control/build install --record /home/sunrise/jianye_dev/motor_ws/build/servo_control/install.log --single-version-externally-managed install_data
[5.884s] running egg_info
[5.887s] creating ../../build/servo_control/servo_control.egg-info
[5.888s] writing ../../build/servo_control/servo_control.egg-info/PKG-INFO
[5.889s] writing dependency_links to ../../build/servo_control/servo_control.egg-info/dependency_links.txt
[5.890s] writing entry points to ../../build/servo_control/servo_control.egg-info/entry_points.txt
[5.890s] writing requirements to ../../build/servo_control/servo_control.egg-info/requires.txt
[5.891s] writing top-level names to ../../build/servo_control/servo_control.egg-info/top_level.txt
[5.891s] writing manifest file '../../build/servo_control/servo_control.egg-info/SOURCES.txt'
[5.901s] reading manifest file '../../build/servo_control/servo_control.egg-info/SOURCES.txt'
[5.905s] writing manifest file '../../build/servo_control/servo_control.egg-info/SOURCES.txt'
[5.906s] running build
[5.907s] running build_py
[5.907s] creating /home/sunrise/jianye_dev/motor_ws/build/servo_control/build
[5.908s] creating /home/sunrise/jianye_dev/motor_ws/build/servo_control/build/lib
[5.909s] creating /home/sunrise/jianye_dev/motor_ws/build/servo_control/build/lib/servo_control
[5.909s] copying servo_control/servo_control.py -> /home/sunrise/jianye_dev/motor_ws/build/servo_control/build/lib/servo_control
[5.910s] copying servo_control/__init__.py -> /home/sunrise/jianye_dev/motor_ws/build/servo_control/build/lib/servo_control
[5.910s] running install
[5.911s] running install_lib
[5.915s] creating /home/sunrise/jianye_dev/motor_ws/install/servo_control/lib/python3.10/site-packages/servo_control
[5.916s] copying /home/sunrise/jianye_dev/motor_ws/build/servo_control/build/lib/servo_control/servo_control.py -> /home/sunrise/jianye_dev/motor_ws/install/servo_control/lib/python3.10/site-packages/servo_control
[5.916s] copying /home/sunrise/jianye_dev/motor_ws/build/servo_control/build/lib/servo_control/__init__.py -> /home/sunrise/jianye_dev/motor_ws/install/servo_control/lib/python3.10/site-packages/servo_control
[5.919s] byte-compiling /home/sunrise/jianye_dev/motor_ws/install/servo_control/lib/python3.10/site-packages/servo_control/servo_control.py to servo_control.cpython-310.pyc
[5.923s] byte-compiling /home/sunrise/jianye_dev/motor_ws/install/servo_control/lib/python3.10/site-packages/servo_control/__init__.py to __init__.cpython-310.pyc
[5.924s] running install_data
[5.925s] creating /home/sunrise/jianye_dev/motor_ws/install/servo_control/share/ament_index
[5.925s] creating /home/sunrise/jianye_dev/motor_ws/install/servo_control/share/ament_index/resource_index
[5.926s] creating /home/sunrise/jianye_dev/motor_ws/install/servo_control/share/ament_index/resource_index/packages
[5.926s] copying resource/servo_control -> /home/sunrise/jianye_dev/motor_ws/install/servo_control/share/ament_index/resource_index/packages
[5.927s] copying package.xml -> /home/sunrise/jianye_dev/motor_ws/install/servo_control/share/servo_control
[5.927s] running install_egg_info
[5.936s] Copying ../../build/servo_control/servo_control.egg-info to /home/sunrise/jianye_dev/motor_ws/install/servo_control/lib/python3.10/site-packages/servo_control-0.0.0-py3.10.egg-info
[5.941s] running install_scripts
[6.064s] Installing servo_control script to /home/sunrise/jianye_dev/motor_ws/install/servo_control/lib/servo_control
[6.065s] writing list of installed files to '/home/sunrise/jianye_dev/motor_ws/build/servo_control/install.log'
[6.268s] Invoked command in '/home/sunrise/jianye_dev/motor_ws/src/servo_control' returned '0': PYTHONPATH=/home/sunrise/jianye_dev/motor_ws/build/servo_control/prefix_override:/usr/lib/python3/dist-packages/colcon_core/task/python/colcon_distutils_commands:/home/sunrise/jianye_dev/motor_ws/install/servo_control/lib/python3.10/site-packages:${PYTHONPATH} /usr/bin/python3 -W ignore:setup.py install is deprecated -W ignore:easy_install command is deprecated setup.py egg_info --egg-base ../../build/servo_control build --build-base /home/sunrise/jianye_dev/motor_ws/build/servo_control/build install --record /home/sunrise/jianye_dev/motor_ws/build/servo_control/install.log --single-version-externally-managed install_data
