[0.065s] Invoking command in '/home/sunrise/jianye_dev/mono2d_ws/build/body_follow': CMAKE_PREFIX_PATH=${CMAKE_PREFIX_PATH}:/userdata/dev_ws/install/vlm:/userdata/dev_ws/install/qr_code_detection:/userdata/dev_ws/install/origincar_capimage:/opt/tros/humble:/opt/ros/humble /usr/bin/cmake --build /home/sunrise/jianye_dev/mono2d_ws/build/body_follow -- -j8 -l8
[0.265s] [35m[1mConsolidate compiler generated dependencies of target body_follow[0m
[0.361s] [ 50%] [32mBuilding CXX object CMakeFiles/body_follow.dir/src/body_follow.cpp.o[0m
[15.809s] [01m[K/home/sunrise/jianye_dev/mono2d_ws/src/body_follow/src/body_follow.cpp:[m[K In member function ‘[01m[Kvoid BodyRoiSubscriber::topic_callback(ai_msgs::msg::PerceptionTargets_<std::allocator<void> >::SharedPtr)[m[K’:
[15.809s] [01m[K/home/sunrise/jianye_dev/mono2d_ws/src/body_follow/src/body_follow.cpp:63:13:[m[K [01;35m[Kwarning: [m[Kunused variable ‘[01m[Kx2[m[K’ [[01;35m[K]8;;https://gcc.gnu.org/onlinedocs/gcc/Warning-Options.html#index-Wunused-variable-Wunused-variable]8;;[m[K]
[15.810s]    63 |         int [01;35m[Kx2[m[K = x1 + largest_roi.width;
[15.810s]       |             [01;35m[K^~[m[K
[15.811s] [01m[K/home/sunrise/jianye_dev/mono2d_ws/src/body_follow/src/body_follow.cpp:64:13:[m[K [01;35m[Kwarning: [m[Kunused variable ‘[01m[Ky2[m[K’ [[01;35m[K]8;;https://gcc.gnu.org/onlinedocs/gcc/Warning-Options.html#index-Wunused-variable-Wunused-variable]8;;[m[K]
[15.811s]    64 |         int [01;35m[Ky2[m[K = y1 + largest_roi.height;
[15.812s]       |             [01;35m[K^~[m[K
[56.350s] [100%] [32m[1mLinking CXX executable body_follow[0m
[59.961s] [100%] Built target body_follow
[60.014s] Invoked command in '/home/sunrise/jianye_dev/mono2d_ws/build/body_follow' returned '0': CMAKE_PREFIX_PATH=${CMAKE_PREFIX_PATH}:/userdata/dev_ws/install/vlm:/userdata/dev_ws/install/qr_code_detection:/userdata/dev_ws/install/origincar_capimage:/opt/tros/humble:/opt/ros/humble /usr/bin/cmake --build /home/sunrise/jianye_dev/mono2d_ws/build/body_follow -- -j8 -l8
[60.061s] Invoking command in '/home/sunrise/jianye_dev/mono2d_ws/build/body_follow': CMAKE_PREFIX_PATH=${CMAKE_PREFIX_PATH}:/userdata/dev_ws/install/vlm:/userdata/dev_ws/install/qr_code_detection:/userdata/dev_ws/install/origincar_capimage:/opt/tros/humble:/opt/ros/humble /usr/bin/cmake --install /home/sunrise/jianye_dev/mono2d_ws/build/body_follow
[60.096s] -- Install configuration: ""
[60.097s] -- Installing: /home/sunrise/jianye_dev/mono2d_ws/install/body_follow/lib/body_follow/body_follow
[60.129s] -- Set runtime path of "/home/sunrise/jianye_dev/mono2d_ws/install/body_follow/lib/body_follow/body_follow" to ""
[60.130s] -- Up-to-date: /home/sunrise/jianye_dev/mono2d_ws/install/body_follow/share/ament_index/resource_index/package_run_dependencies/body_follow
[60.131s] -- Up-to-date: /home/sunrise/jianye_dev/mono2d_ws/install/body_follow/share/ament_index/resource_index/parent_prefix_path/body_follow
[60.132s] -- Up-to-date: /home/sunrise/jianye_dev/mono2d_ws/install/body_follow/share/body_follow/environment/ament_prefix_path.sh
[60.132s] -- Up-to-date: /home/sunrise/jianye_dev/mono2d_ws/install/body_follow/share/body_follow/environment/ament_prefix_path.dsv
[60.133s] -- Up-to-date: /home/sunrise/jianye_dev/mono2d_ws/install/body_follow/share/body_follow/environment/path.sh
[60.134s] -- Up-to-date: /home/sunrise/jianye_dev/mono2d_ws/install/body_follow/share/body_follow/environment/path.dsv
[60.134s] -- Up-to-date: /home/sunrise/jianye_dev/mono2d_ws/install/body_follow/share/body_follow/local_setup.bash
[60.135s] -- Up-to-date: /home/sunrise/jianye_dev/mono2d_ws/install/body_follow/share/body_follow/local_setup.sh
[60.135s] -- Up-to-date: /home/sunrise/jianye_dev/mono2d_ws/install/body_follow/share/body_follow/local_setup.zsh
[60.136s] -- Up-to-date: /home/sunrise/jianye_dev/mono2d_ws/install/body_follow/share/body_follow/local_setup.dsv
[60.136s] -- Installing: /home/sunrise/jianye_dev/mono2d_ws/install/body_follow/share/body_follow/package.dsv
[60.137s] -- Up-to-date: /home/sunrise/jianye_dev/mono2d_ws/install/body_follow/share/ament_index/resource_index/packages/body_follow
[60.137s] -- Up-to-date: /home/sunrise/jianye_dev/mono2d_ws/install/body_follow/share/body_follow/cmake/body_followConfig.cmake
[60.138s] -- Up-to-date: /home/sunrise/jianye_dev/mono2d_ws/install/body_follow/share/body_follow/cmake/body_followConfig-version.cmake
[60.139s] -- Up-to-date: /home/sunrise/jianye_dev/mono2d_ws/install/body_follow/share/body_follow/package.xml
[60.143s] Invoked command in '/home/sunrise/jianye_dev/mono2d_ws/build/body_follow' returned '0': CMAKE_PREFIX_PATH=${CMAKE_PREFIX_PATH}:/userdata/dev_ws/install/vlm:/userdata/dev_ws/install/qr_code_detection:/userdata/dev_ws/install/origincar_capimage:/opt/tros/humble:/opt/ros/humble /usr/bin/cmake --install /home/sunrise/jianye_dev/mono2d_ws/build/body_follow
