[0.645s] DEBUG:colcon:Command line arguments: ['/usr/bin/colcon', 'build']
[0.645s] DEBUG:colcon:Parsed command line arguments: Namespace(log_base=None, log_level=None, verb_name='build', build_base='build', install_base='install', merge_install=False, symlink_install=False, test_result_base=None, continue_on_error=False, executor='parallel', parallel_workers=8, event_handlers=None, ignore_user_meta=False, metas=['./colcon.meta'], base_paths=['.'], packages_ignore=None, packages_ignore_regex=None, paths=None, packages_up_to=None, packages_up_to_regex=None, packages_above=None, packages_above_and_dependencies=None, packages_above_depth=None, packages_select_by_dep=None, packages_skip_by_dep=None, packages_skip_up_to=None, packages_select_build_failed=False, packages_skip_build_finished=False, packages_select_test_failures=False, packages_skip_test_passed=False, packages_select=None, packages_skip=None, packages_select_regex=None, packages_skip_regex=None, packages_start=None, packages_end=None, allow_overriding=[], cmake_args=None, cmake_target=None, cmake_target_skip_unavailable=False, cmake_clean_cache=False, cmake_clean_first=False, cmake_force_configure=False, ament_cmake_args=None, catkin_cmake_args=None, catkin_skip_building_tests=False, verb_parser=<colcon_defaults.argument_parser.defaults.DefaultArgumentsDecorator object at 0xffffab1904f0>, verb_extension=<colcon_core.verb.build.BuildVerb object at 0xffffab336230>, main=<bound method BuildVerb.main of <colcon_core.verb.build.BuildVerb object at 0xffffab336230>>)
[1.755s] Level 1:colcon.colcon_core.package_discovery:discover_packages(colcon_meta) check parameters
[1.755s] Level 1:colcon.colcon_core.package_discovery:discover_packages(recursive) check parameters
[1.756s] Level 1:colcon.colcon_core.package_discovery:discover_packages(ignore) check parameters
[1.756s] Level 1:colcon.colcon_core.package_discovery:discover_packages(path) check parameters
[1.756s] Level 1:colcon.colcon_core.package_discovery:discover_packages(colcon_meta) discover
[1.756s] Level 1:colcon.colcon_core.package_discovery:discover_packages(recursive) discover
[1.757s] INFO:colcon.colcon_core.package_discovery:Crawling recursively for packages in '/home/sunrise/jianye_dev/falldown_ws'
[1.757s] Level 1:colcon.colcon_core.package_identification:_identify(.) by extensions ['ignore', 'ignore_ament_install']
[1.758s] Level 1:colcon.colcon_core.package_identification:_identify(.) by extension 'ignore'
[1.758s] Level 1:colcon.colcon_core.package_identification:_identify(.) by extension 'ignore_ament_install'
[1.758s] Level 1:colcon.colcon_core.package_identification:_identify(.) by extensions ['colcon_pkg']
[1.758s] Level 1:colcon.colcon_core.package_identification:_identify(.) by extension 'colcon_pkg'
[1.759s] Level 1:colcon.colcon_core.package_identification:_identify(.) by extensions ['colcon_meta']
[1.759s] Level 1:colcon.colcon_core.package_identification:_identify(.) by extension 'colcon_meta'
[1.759s] Level 1:colcon.colcon_core.package_identification:_identify(.) by extensions ['ros']
[1.759s] Level 1:colcon.colcon_core.package_identification:_identify(.) by extension 'ros'
[1.832s] Level 1:colcon.colcon_core.package_identification:_identify(.) by extensions ['cmake', 'python']
[1.832s] Level 1:colcon.colcon_core.package_identification:_identify(.) by extension 'cmake'
[1.833s] Level 1:colcon.colcon_core.package_identification:_identify(.) by extension 'python'
[1.833s] Level 1:colcon.colcon_core.package_identification:_identify(.) by extensions ['python_setup_py']
[1.833s] Level 1:colcon.colcon_core.package_identification:_identify(.) by extension 'python_setup_py'
[1.834s] Level 1:colcon.colcon_core.package_identification:_identify(build) by extensions ['ignore', 'ignore_ament_install']
[1.835s] Level 1:colcon.colcon_core.package_identification:_identify(build) by extension 'ignore'
[1.835s] Level 1:colcon.colcon_core.package_identification:_identify(build) ignored
[1.835s] Level 1:colcon.colcon_core.package_identification:_identify(config) by extensions ['ignore', 'ignore_ament_install']
[1.836s] Level 1:colcon.colcon_core.package_identification:_identify(config) by extension 'ignore'
[1.836s] Level 1:colcon.colcon_core.package_identification:_identify(config) by extension 'ignore_ament_install'
[1.837s] Level 1:colcon.colcon_core.package_identification:_identify(config) by extensions ['colcon_pkg']
[1.837s] Level 1:colcon.colcon_core.package_identification:_identify(config) by extension 'colcon_pkg'
[1.837s] Level 1:colcon.colcon_core.package_identification:_identify(config) by extensions ['colcon_meta']
[1.837s] Level 1:colcon.colcon_core.package_identification:_identify(config) by extension 'colcon_meta'
[1.838s] Level 1:colcon.colcon_core.package_identification:_identify(config) by extensions ['ros']
[1.838s] Level 1:colcon.colcon_core.package_identification:_identify(config) by extension 'ros'
[1.838s] Level 1:colcon.colcon_core.package_identification:_identify(config) by extensions ['cmake', 'python']
[1.839s] Level 1:colcon.colcon_core.package_identification:_identify(config) by extension 'cmake'
[1.839s] Level 1:colcon.colcon_core.package_identification:_identify(config) by extension 'python'
[1.839s] Level 1:colcon.colcon_core.package_identification:_identify(config) by extensions ['python_setup_py']
[1.839s] Level 1:colcon.colcon_core.package_identification:_identify(config) by extension 'python_setup_py'
[1.840s] Level 1:colcon.colcon_core.package_identification:_identify(install) by extensions ['ignore', 'ignore_ament_install']
[1.840s] Level 1:colcon.colcon_core.package_identification:_identify(install) by extension 'ignore'
[1.840s] Level 1:colcon.colcon_core.package_identification:_identify(install) ignored
[1.841s] Level 1:colcon.colcon_core.package_identification:_identify(log) by extensions ['ignore', 'ignore_ament_install']
[1.841s] Level 1:colcon.colcon_core.package_identification:_identify(log) by extension 'ignore'
[1.842s] Level 1:colcon.colcon_core.package_identification:_identify(log) ignored
[1.842s] Level 1:colcon.colcon_core.package_identification:_identify(src) by extensions ['ignore', 'ignore_ament_install']
[1.842s] Level 1:colcon.colcon_core.package_identification:_identify(src) by extension 'ignore'
[1.843s] Level 1:colcon.colcon_core.package_identification:_identify(src) by extension 'ignore_ament_install'
[1.843s] Level 1:colcon.colcon_core.package_identification:_identify(src) by extensions ['colcon_pkg']
[1.843s] Level 1:colcon.colcon_core.package_identification:_identify(src) by extension 'colcon_pkg'
[1.844s] Level 1:colcon.colcon_core.package_identification:_identify(src) by extensions ['colcon_meta']
[1.844s] Level 1:colcon.colcon_core.package_identification:_identify(src) by extension 'colcon_meta'
[1.844s] Level 1:colcon.colcon_core.package_identification:_identify(src) by extensions ['ros']
[1.844s] Level 1:colcon.colcon_core.package_identification:_identify(src) by extension 'ros'
[1.845s] Level 1:colcon.colcon_core.package_identification:_identify(src) by extensions ['cmake', 'python']
[1.845s] Level 1:colcon.colcon_core.package_identification:_identify(src) by extension 'cmake'
[1.845s] Level 1:colcon.colcon_core.package_identification:_identify(src) by extension 'python'
[1.845s] Level 1:colcon.colcon_core.package_identification:_identify(src) by extensions ['python_setup_py']
[1.846s] Level 1:colcon.colcon_core.package_identification:_identify(src) by extension 'python_setup_py'
[1.846s] Level 1:colcon.colcon_core.package_identification:_identify(src/falldown_alert) by extensions ['ignore', 'ignore_ament_install']
[1.847s] Level 1:colcon.colcon_core.package_identification:_identify(src/falldown_alert) by extension 'ignore'
[1.847s] Level 1:colcon.colcon_core.package_identification:_identify(src/falldown_alert) by extension 'ignore_ament_install'
[1.847s] Level 1:colcon.colcon_core.package_identification:_identify(src/falldown_alert) by extensions ['colcon_pkg']
[1.847s] Level 1:colcon.colcon_core.package_identification:_identify(src/falldown_alert) by extension 'colcon_pkg'
[1.848s] Level 1:colcon.colcon_core.package_identification:_identify(src/falldown_alert) by extensions ['colcon_meta']
[1.848s] Level 1:colcon.colcon_core.package_identification:_identify(src/falldown_alert) by extension 'colcon_meta'
[1.848s] Level 1:colcon.colcon_core.package_identification:_identify(src/falldown_alert) by extensions ['ros']
[1.848s] Level 1:colcon.colcon_core.package_identification:_identify(src/falldown_alert) by extension 'ros'
[1.864s] DEBUG:colcon.colcon_core.package_identification:Package 'src/falldown_alert' with type 'ros.ament_python' and name 'falldown_alert'
[1.865s] Level 1:colcon.colcon_core.package_discovery:discover_packages(recursive) using defaults
[1.865s] Level 1:colcon.colcon_core.package_discovery:discover_packages(ignore) discover
[1.865s] Level 1:colcon.colcon_core.package_discovery:discover_packages(ignore) using defaults
[1.865s] Level 1:colcon.colcon_core.package_discovery:discover_packages(path) discover
[1.866s] Level 1:colcon.colcon_core.package_discovery:discover_packages(path) using defaults
[1.983s] Level 1:colcon.colcon_core.package_discovery:discover_packages(prefix_path) check parameters
[1.983s] Level 1:colcon.colcon_core.package_discovery:discover_packages(prefix_path) discover
[1.998s] DEBUG:colcon.colcon_installed_package_information.package_discovery:Found 11 installed packages in /userdata/dev_ws/install
[2.001s] DEBUG:colcon.colcon_installed_package_information.package_discovery:Found 1 installed packages in /home/sunrise/jianye_dev/rplidar_ws/install
[2.003s] DEBUG:colcon.colcon_installed_package_information.package_discovery:Found 49 installed packages in /opt/tros/humble
[2.013s] DEBUG:colcon.colcon_installed_package_information.package_discovery:Found 219 installed packages in /opt/ros/humble
[2.031s] Level 1:colcon.colcon_core.package_discovery:discover_packages(prefix_path) using defaults
[2.353s] Level 5:colcon.colcon_core.verb:set package 'falldown_alert' build argument 'cmake_args' from command line to 'None'
[2.353s] Level 5:colcon.colcon_core.verb:set package 'falldown_alert' build argument 'cmake_target' from command line to 'None'
[2.353s] Level 5:colcon.colcon_core.verb:set package 'falldown_alert' build argument 'cmake_target_skip_unavailable' from command line to 'False'
[2.353s] Level 5:colcon.colcon_core.verb:set package 'falldown_alert' build argument 'cmake_clean_cache' from command line to 'False'
[2.354s] Level 5:colcon.colcon_core.verb:set package 'falldown_alert' build argument 'cmake_clean_first' from command line to 'False'
[2.354s] Level 5:colcon.colcon_core.verb:set package 'falldown_alert' build argument 'cmake_force_configure' from command line to 'False'
[2.354s] Level 5:colcon.colcon_core.verb:set package 'falldown_alert' build argument 'ament_cmake_args' from command line to 'None'
[2.354s] Level 5:colcon.colcon_core.verb:set package 'falldown_alert' build argument 'catkin_cmake_args' from command line to 'None'
[2.354s] Level 5:colcon.colcon_core.verb:set package 'falldown_alert' build argument 'catkin_skip_building_tests' from command line to 'False'
[2.355s] DEBUG:colcon.colcon_core.verb:Building package 'falldown_alert' with the following arguments: {'ament_cmake_args': None, 'build_base': '/home/sunrise/jianye_dev/falldown_ws/build/falldown_alert', 'catkin_cmake_args': None, 'catkin_skip_building_tests': False, 'cmake_args': None, 'cmake_clean_cache': False, 'cmake_clean_first': False, 'cmake_force_configure': False, 'cmake_target': None, 'cmake_target_skip_unavailable': False, 'install_base': '/home/sunrise/jianye_dev/falldown_ws/install/falldown_alert', 'merge_install': False, 'path': '/home/sunrise/jianye_dev/falldown_ws/src/falldown_alert', 'symlink_install': False, 'test_result_base': None}
[2.355s] INFO:colcon.colcon_core.executor:Executing jobs using 'parallel' executor
[2.360s] DEBUG:colcon.colcon_parallel_executor.executor.parallel:run_until_complete
[2.361s] INFO:colcon.colcon_ros.task.ament_python.build:Building ROS package in '/home/sunrise/jianye_dev/falldown_ws/src/falldown_alert' with build type 'ament_python'
[2.362s] Level 1:colcon.colcon_core.shell:create_environment_hook('falldown_alert', 'ament_prefix_path')
[2.373s] INFO:colcon.colcon_core.plugin_system:Skipping extension 'colcon_core.shell.bat': Not used on non-Windows systems
[2.375s] INFO:colcon.colcon_core.shell:Creating environment hook '/home/sunrise/jianye_dev/falldown_ws/install/falldown_alert/share/falldown_alert/hook/ament_prefix_path.ps1'
[2.380s] INFO:colcon.colcon_core.shell:Creating environment descriptor '/home/sunrise/jianye_dev/falldown_ws/install/falldown_alert/share/falldown_alert/hook/ament_prefix_path.dsv'
[2.383s] INFO:colcon.colcon_core.shell:Creating environment hook '/home/sunrise/jianye_dev/falldown_ws/install/falldown_alert/share/falldown_alert/hook/ament_prefix_path.sh'
[2.388s] INFO:colcon.colcon_core.shell:Skip shell extension 'powershell' for command environment: Not usable outside of PowerShell
[2.388s] DEBUG:colcon.colcon_core.shell:Skip shell extension 'dsv' for command environment
[4.146s] INFO:colcon.colcon_core.task.python.build:Building Python package in '/home/sunrise/jianye_dev/falldown_ws/src/falldown_alert'
[4.148s] INFO:colcon.colcon_core.shell:Skip shell extension 'powershell' for command environment: Not usable outside of PowerShell
[4.148s] DEBUG:colcon.colcon_core.shell:Skip shell extension 'dsv' for command environment
[6.545s] DEBUG:colcon.colcon_core.event_handler.log_command:Invoking command in '/home/sunrise/jianye_dev/falldown_ws/src/falldown_alert': PYTHONPATH=/home/sunrise/jianye_dev/falldown_ws/build/falldown_alert/prefix_override:/usr/lib/python3/dist-packages/colcon_core/task/python/colcon_distutils_commands:/home/sunrise/jianye_dev/falldown_ws/install/falldown_alert/lib/python3.10/site-packages:${PYTHONPATH} /usr/bin/python3 -W ignore:setup.py install is deprecated -W ignore:easy_install command is deprecated setup.py egg_info --egg-base ../../build/falldown_alert build --build-base /home/sunrise/jianye_dev/falldown_ws/build/falldown_alert/build install --record /home/sunrise/jianye_dev/falldown_ws/build/falldown_alert/install.log --single-version-externally-managed install_data
[8.491s] DEBUG:colcon.colcon_core.event_handler.log_command:Invoked command in '/home/sunrise/jianye_dev/falldown_ws/src/falldown_alert' returned '0': PYTHONPATH=/home/sunrise/jianye_dev/falldown_ws/build/falldown_alert/prefix_override:/usr/lib/python3/dist-packages/colcon_core/task/python/colcon_distutils_commands:/home/sunrise/jianye_dev/falldown_ws/install/falldown_alert/lib/python3.10/site-packages:${PYTHONPATH} /usr/bin/python3 -W ignore:setup.py install is deprecated -W ignore:easy_install command is deprecated setup.py egg_info --egg-base ../../build/falldown_alert build --build-base /home/sunrise/jianye_dev/falldown_ws/build/falldown_alert/build install --record /home/sunrise/jianye_dev/falldown_ws/build/falldown_alert/install.log --single-version-externally-managed install_data
[8.521s] Level 1:colcon.colcon_core.environment:checking '/home/sunrise/jianye_dev/falldown_ws/install/falldown_alert' for CMake module files
[8.524s] Level 1:colcon.colcon_core.environment:checking '/home/sunrise/jianye_dev/falldown_ws/install/falldown_alert' for CMake config files
[8.529s] Level 1:colcon.colcon_core.environment:checking '/home/sunrise/jianye_dev/falldown_ws/install/falldown_alert/lib'
[8.531s] Level 1:colcon.colcon_core.environment:checking '/home/sunrise/jianye_dev/falldown_ws/install/falldown_alert/bin'
[8.532s] Level 1:colcon.colcon_core.environment:checking '/home/sunrise/jianye_dev/falldown_ws/install/falldown_alert/lib/pkgconfig/falldown_alert.pc'
[8.536s] Level 1:colcon.colcon_core.environment:checking '/home/sunrise/jianye_dev/falldown_ws/install/falldown_alert/lib/python3.10/site-packages'
[8.536s] Level 1:colcon.colcon_core.shell:create_environment_hook('falldown_alert', 'pythonpath')
[8.540s] INFO:colcon.colcon_core.shell:Creating environment hook '/home/sunrise/jianye_dev/falldown_ws/install/falldown_alert/share/falldown_alert/hook/pythonpath.ps1'
[8.544s] INFO:colcon.colcon_core.shell:Creating environment descriptor '/home/sunrise/jianye_dev/falldown_ws/install/falldown_alert/share/falldown_alert/hook/pythonpath.dsv'
[8.548s] INFO:colcon.colcon_core.shell:Creating environment hook '/home/sunrise/jianye_dev/falldown_ws/install/falldown_alert/share/falldown_alert/hook/pythonpath.sh'
[8.552s] Level 1:colcon.colcon_core.environment:checking '/home/sunrise/jianye_dev/falldown_ws/install/falldown_alert/bin'
[8.552s] Level 1:colcon.colcon_core.environment:create_environment_scripts_only(falldown_alert)
[8.555s] INFO:colcon.colcon_core.shell:Creating package script '/home/sunrise/jianye_dev/falldown_ws/install/falldown_alert/share/falldown_alert/package.ps1'
[8.561s] INFO:colcon.colcon_core.shell:Creating package descriptor '/home/sunrise/jianye_dev/falldown_ws/install/falldown_alert/share/falldown_alert/package.dsv'
[8.565s] INFO:colcon.colcon_core.shell:Creating package script '/home/sunrise/jianye_dev/falldown_ws/install/falldown_alert/share/falldown_alert/package.sh'
[8.571s] INFO:colcon.colcon_core.shell:Creating package script '/home/sunrise/jianye_dev/falldown_ws/install/falldown_alert/share/falldown_alert/package.bash'
[8.576s] INFO:colcon.colcon_core.shell:Creating package script '/home/sunrise/jianye_dev/falldown_ws/install/falldown_alert/share/falldown_alert/package.zsh'
[8.582s] Level 1:colcon.colcon_core.environment:create_file_with_runtime_dependencies(/home/sunrise/jianye_dev/falldown_ws/install/falldown_alert/share/colcon-core/packages/falldown_alert)
[8.585s] DEBUG:colcon.colcon_parallel_executor.executor.parallel:closing loop
[8.586s] DEBUG:colcon.colcon_parallel_executor.executor.parallel:loop closed
[8.587s] DEBUG:colcon.colcon_parallel_executor.executor.parallel:run_until_complete finished with '0'
[8.587s] DEBUG:colcon.colcon_core.event_reactor:joining thread
[8.620s] INFO:colcon.colcon_core.plugin_system:Skipping extension 'colcon_notification.desktop_notification.notify_send': Could not find 'notify-send'
[8.620s] INFO:colcon.colcon_core.plugin_system:Skipping extension 'colcon_notification.desktop_notification.terminal_notifier': Not used on non-Darwin systems
[8.621s] INFO:colcon.colcon_core.plugin_system:Skipping extension 'colcon_notification.desktop_notification.win32': Not used on non-Windows systems
[8.621s] INFO:colcon.colcon_notification.desktop_notification:Sending desktop notification using 'notify2'
[8.622s] DEBUG:colcon.colcon_notification.desktop_notification.notify2:Failed to initialize notify2: org.freedesktop.DBus.Error.NotSupported: Unable to autolaunch a dbus-daemon without a $DISPLAY for X11
[8.622s] DEBUG:colcon.colcon_core.event_reactor:joined thread
[8.624s] INFO:colcon.colcon_core.shell:Creating prefix script '/home/sunrise/jianye_dev/falldown_ws/install/local_setup.ps1'
[8.631s] INFO:colcon.colcon_core.shell:Creating prefix util module '/home/sunrise/jianye_dev/falldown_ws/install/_local_setup_util_ps1.py'
[8.643s] INFO:colcon.colcon_core.shell:Creating prefix chain script '/home/sunrise/jianye_dev/falldown_ws/install/setup.ps1'
[8.657s] INFO:colcon.colcon_core.shell:Creating prefix script '/home/sunrise/jianye_dev/falldown_ws/install/local_setup.sh'
[8.661s] INFO:colcon.colcon_core.shell:Creating prefix util module '/home/sunrise/jianye_dev/falldown_ws/install/_local_setup_util_sh.py'
[8.665s] INFO:colcon.colcon_core.shell:Creating prefix chain script '/home/sunrise/jianye_dev/falldown_ws/install/setup.sh'
[8.677s] INFO:colcon.colcon_core.shell:Creating prefix script '/home/sunrise/jianye_dev/falldown_ws/install/local_setup.bash'
[8.680s] INFO:colcon.colcon_core.shell:Creating prefix chain script '/home/sunrise/jianye_dev/falldown_ws/install/setup.bash'
[8.689s] INFO:colcon.colcon_core.shell:Creating prefix script '/home/sunrise/jianye_dev/falldown_ws/install/local_setup.zsh'
[8.693s] INFO:colcon.colcon_core.shell:Creating prefix chain script '/home/sunrise/jianye_dev/falldown_ws/install/setup.zsh'
