[4.234s] Invoking command in '/home/sunrise/jianye_dev/motor_ws/src/servo_control': PYTHONPATH=/home/sunrise/jianye_dev/motor_ws/build/servo_control/prefix_override:/usr/lib/python3/dist-packages/colcon_core/task/python/colcon_distutils_commands:/home/sunrise/jianye_dev/motor_ws/install/servo_control/lib/python3.10/site-packages:${PYTHONPATH} /usr/bin/python3 -W ignore:setup.py install is deprecated -W ignore:easy_install command is deprecated setup.py egg_info --egg-base ../../build/servo_control build --build-base /home/sunrise/jianye_dev/motor_ws/build/servo_control/build install --record /home/sunrise/jianye_dev/motor_ws/build/servo_control/install.log --single-version-externally-managed install_data
[5.861s] running egg_info
[5.866s] writing ../../build/servo_control/servo_control.egg-info/PKG-INFO
[5.867s] writing dependency_links to ../../build/servo_control/servo_control.egg-info/dependency_links.txt
[5.868s] writing entry points to ../../build/servo_control/servo_control.egg-info/entry_points.txt
[5.868s] writing requirements to ../../build/servo_control/servo_control.egg-info/requires.txt
[5.869s] writing top-level names to ../../build/servo_control/servo_control.egg-info/top_level.txt
[5.881s] reading manifest file '../../build/servo_control/servo_control.egg-info/SOURCES.txt'
[5.886s] writing manifest file '../../build/servo_control/servo_control.egg-info/SOURCES.txt'
[5.887s] running build
[5.888s] running build_py
[5.888s] copying servo_control/servo_control.py -> /home/sunrise/jianye_dev/motor_ws/build/servo_control/build/lib/servo_control
[5.889s] running install
[5.891s] running install_lib
[5.895s] copying /home/sunrise/jianye_dev/motor_ws/build/servo_control/build/lib/servo_control/servo_control.py -> /home/sunrise/jianye_dev/motor_ws/install/servo_control/lib/python3.10/site-packages/servo_control
[5.899s] byte-compiling /home/sunrise/jianye_dev/motor_ws/install/servo_control/lib/python3.10/site-packages/servo_control/servo_control.py to servo_control.cpython-310.pyc
[5.903s]   File "/home/sunrise/jianye_dev/motor_ws/install/servo_control/lib/python3.10/site-packages/servo_control/servo_control.py", line 79
[5.904s]     elif cmd == 5 #水平竖直全回正
[5.904s]                   ^^^^^^^^^^^^^^^^^^^^^^
[5.905s] SyntaxError: expected ':'
[5.905s] 
[5.906s] running install_data
[5.906s] running install_egg_info
[5.915s] removing '/home/sunrise/jianye_dev/motor_ws/install/servo_control/lib/python3.10/site-packages/servo_control-0.0.0-py3.10.egg-info' (and everything under it)
[5.917s] Copying ../../build/servo_control/servo_control.egg-info to /home/sunrise/jianye_dev/motor_ws/install/servo_control/lib/python3.10/site-packages/servo_control-0.0.0-py3.10.egg-info
[5.922s] running install_scripts
[6.049s] Installing servo_control script to /home/sunrise/jianye_dev/motor_ws/install/servo_control/lib/servo_control
[6.050s] writing list of installed files to '/home/sunrise/jianye_dev/motor_ws/build/servo_control/install.log'
[6.259s] Invoked command in '/home/sunrise/jianye_dev/motor_ws/src/servo_control' returned '0': PYTHONPATH=/home/sunrise/jianye_dev/motor_ws/build/servo_control/prefix_override:/usr/lib/python3/dist-packages/colcon_core/task/python/colcon_distutils_commands:/home/sunrise/jianye_dev/motor_ws/install/servo_control/lib/python3.10/site-packages:${PYTHONPATH} /usr/bin/python3 -W ignore:setup.py install is deprecated -W ignore:easy_install command is deprecated setup.py egg_info --egg-base ../../build/servo_control build --build-base /home/sunrise/jianye_dev/motor_ws/build/servo_control/build install --record /home/sunrise/jianye_dev/motor_ws/build/servo_control/install.log --single-version-externally-managed install_data
