[0.657s] DEBUG:colcon:Command line arguments: ['/usr/bin/colcon', 'build']
[0.657s] DEBUG:colcon:Parsed command line arguments: Namespace(log_base=None, log_level=None, verb_name='build', build_base='build', install_base='install', merge_install=False, symlink_install=False, test_result_base=None, continue_on_error=False, executor='parallel', parallel_workers=8, event_handlers=None, ignore_user_meta=False, metas=['./colcon.meta'], base_paths=['.'], packages_ignore=None, packages_ignore_regex=None, paths=None, packages_up_to=None, packages_up_to_regex=None, packages_above=None, packages_above_and_dependencies=None, packages_above_depth=None, packages_select_by_dep=None, packages_skip_by_dep=None, packages_skip_up_to=None, packages_select_build_failed=False, packages_skip_build_finished=False, packages_select_test_failures=False, packages_skip_test_passed=False, packages_select=None, packages_skip=None, packages_select_regex=None, packages_skip_regex=None, packages_start=None, packages_end=None, allow_overriding=[], cmake_args=None, cmake_target=None, cmake_target_skip_unavailable=False, cmake_clean_cache=False, cmake_clean_first=False, cmake_force_configure=False, ament_cmake_args=None, catkin_cmake_args=None, catkin_skip_building_tests=False, verb_parser=<colcon_defaults.argument_parser.defaults.DefaultArgumentsDecorator object at 0xffffa53311e0>, verb_extension=<colcon_core.verb.build.BuildVerb object at 0xffffa54cef80>, main=<bound method BuildVerb.main of <colcon_core.verb.build.BuildVerb object at 0xffffa54cef80>>)
[1.785s] Level 1:colcon.colcon_core.package_discovery:discover_packages(colcon_meta) check parameters
[1.785s] Level 1:colcon.colcon_core.package_discovery:discover_packages(recursive) check parameters
[1.786s] Level 1:colcon.colcon_core.package_discovery:discover_packages(ignore) check parameters
[1.786s] Level 1:colcon.colcon_core.package_discovery:discover_packages(path) check parameters
[1.786s] Level 1:colcon.colcon_core.package_discovery:discover_packages(colcon_meta) discover
[1.787s] Level 1:colcon.colcon_core.package_discovery:discover_packages(recursive) discover
[1.787s] INFO:colcon.colcon_core.package_discovery:Crawling recursively for packages in '/home/sunrise/jianye_dev/falldown_ws'
[1.787s] Level 1:colcon.colcon_core.package_identification:_identify(.) by extensions ['ignore', 'ignore_ament_install']
[1.788s] Level 1:colcon.colcon_core.package_identification:_identify(.) by extension 'ignore'
[1.788s] Level 1:colcon.colcon_core.package_identification:_identify(.) by extension 'ignore_ament_install'
[1.789s] Level 1:colcon.colcon_core.package_identification:_identify(.) by extensions ['colcon_pkg']
[1.789s] Level 1:colcon.colcon_core.package_identification:_identify(.) by extension 'colcon_pkg'
[1.789s] Level 1:colcon.colcon_core.package_identification:_identify(.) by extensions ['colcon_meta']
[1.789s] Level 1:colcon.colcon_core.package_identification:_identify(.) by extension 'colcon_meta'
[1.789s] Level 1:colcon.colcon_core.package_identification:_identify(.) by extensions ['ros']
[1.790s] Level 1:colcon.colcon_core.package_identification:_identify(.) by extension 'ros'
[1.859s] Level 1:colcon.colcon_core.package_identification:_identify(.) by extensions ['cmake', 'python']
[1.860s] Level 1:colcon.colcon_core.package_identification:_identify(.) by extension 'cmake'
[1.860s] Level 1:colcon.colcon_core.package_identification:_identify(.) by extension 'python'
[1.861s] Level 1:colcon.colcon_core.package_identification:_identify(.) by extensions ['python_setup_py']
[1.861s] Level 1:colcon.colcon_core.package_identification:_identify(.) by extension 'python_setup_py'
[1.861s] Level 1:colcon.colcon_core.package_identification:_identify(build) by extensions ['ignore', 'ignore_ament_install']
[1.862s] Level 1:colcon.colcon_core.package_identification:_identify(build) by extension 'ignore'
[1.862s] Level 1:colcon.colcon_core.package_identification:_identify(build) ignored
[1.863s] Level 1:colcon.colcon_core.package_identification:_identify(config) by extensions ['ignore', 'ignore_ament_install']
[1.864s] Level 1:colcon.colcon_core.package_identification:_identify(config) by extension 'ignore'
[1.864s] Level 1:colcon.colcon_core.package_identification:_identify(config) by extension 'ignore_ament_install'
[1.864s] Level 1:colcon.colcon_core.package_identification:_identify(config) by extensions ['colcon_pkg']
[1.865s] Level 1:colcon.colcon_core.package_identification:_identify(config) by extension 'colcon_pkg'
[1.865s] Level 1:colcon.colcon_core.package_identification:_identify(config) by extensions ['colcon_meta']
[1.865s] Level 1:colcon.colcon_core.package_identification:_identify(config) by extension 'colcon_meta'
[1.865s] Level 1:colcon.colcon_core.package_identification:_identify(config) by extensions ['ros']
[1.866s] Level 1:colcon.colcon_core.package_identification:_identify(config) by extension 'ros'
[1.866s] Level 1:colcon.colcon_core.package_identification:_identify(config) by extensions ['cmake', 'python']
[1.866s] Level 1:colcon.colcon_core.package_identification:_identify(config) by extension 'cmake'
[1.867s] Level 1:colcon.colcon_core.package_identification:_identify(config) by extension 'python'
[1.867s] Level 1:colcon.colcon_core.package_identification:_identify(config) by extensions ['python_setup_py']
[1.867s] Level 1:colcon.colcon_core.package_identification:_identify(config) by extension 'python_setup_py'
[1.868s] Level 1:colcon.colcon_core.package_identification:_identify(install) by extensions ['ignore', 'ignore_ament_install']
[1.868s] Level 1:colcon.colcon_core.package_identification:_identify(install) by extension 'ignore'
[1.868s] Level 1:colcon.colcon_core.package_identification:_identify(install) ignored
[1.869s] Level 1:colcon.colcon_core.package_identification:_identify(log) by extensions ['ignore', 'ignore_ament_install']
[1.869s] Level 1:colcon.colcon_core.package_identification:_identify(log) by extension 'ignore'
[1.870s] Level 1:colcon.colcon_core.package_identification:_identify(log) ignored
[1.870s] Level 1:colcon.colcon_core.package_identification:_identify(src) by extensions ['ignore', 'ignore_ament_install']
[1.870s] Level 1:colcon.colcon_core.package_identification:_identify(src) by extension 'ignore'
[1.871s] Level 1:colcon.colcon_core.package_identification:_identify(src) by extension 'ignore_ament_install'
[1.871s] Level 1:colcon.colcon_core.package_identification:_identify(src) by extensions ['colcon_pkg']
[1.871s] Level 1:colcon.colcon_core.package_identification:_identify(src) by extension 'colcon_pkg'
[1.871s] Level 1:colcon.colcon_core.package_identification:_identify(src) by extensions ['colcon_meta']
[1.872s] Level 1:colcon.colcon_core.package_identification:_identify(src) by extension 'colcon_meta'
[1.872s] Level 1:colcon.colcon_core.package_identification:_identify(src) by extensions ['ros']
[1.872s] Level 1:colcon.colcon_core.package_identification:_identify(src) by extension 'ros'
[1.873s] Level 1:colcon.colcon_core.package_identification:_identify(src) by extensions ['cmake', 'python']
[1.873s] Level 1:colcon.colcon_core.package_identification:_identify(src) by extension 'cmake'
[1.873s] Level 1:colcon.colcon_core.package_identification:_identify(src) by extension 'python'
[1.873s] Level 1:colcon.colcon_core.package_identification:_identify(src) by extensions ['python_setup_py']
[1.873s] Level 1:colcon.colcon_core.package_identification:_identify(src) by extension 'python_setup_py'
[1.874s] Level 1:colcon.colcon_core.package_identification:_identify(src/falldown_alert) by extensions ['ignore', 'ignore_ament_install']
[1.875s] Level 1:colcon.colcon_core.package_identification:_identify(src/falldown_alert) by extension 'ignore'
[1.875s] Level 1:colcon.colcon_core.package_identification:_identify(src/falldown_alert) by extension 'ignore_ament_install'
[1.875s] Level 1:colcon.colcon_core.package_identification:_identify(src/falldown_alert) by extensions ['colcon_pkg']
[1.875s] Level 1:colcon.colcon_core.package_identification:_identify(src/falldown_alert) by extension 'colcon_pkg'
[1.876s] Level 1:colcon.colcon_core.package_identification:_identify(src/falldown_alert) by extensions ['colcon_meta']
[1.876s] Level 1:colcon.colcon_core.package_identification:_identify(src/falldown_alert) by extension 'colcon_meta'
[1.876s] Level 1:colcon.colcon_core.package_identification:_identify(src/falldown_alert) by extensions ['ros']
[1.876s] Level 1:colcon.colcon_core.package_identification:_identify(src/falldown_alert) by extension 'ros'
[1.892s] DEBUG:colcon.colcon_core.package_identification:Package 'src/falldown_alert' with type 'ros.ament_python' and name 'falldown_alert'
[1.892s] Level 1:colcon.colcon_core.package_discovery:discover_packages(recursive) using defaults
[1.893s] Level 1:colcon.colcon_core.package_discovery:discover_packages(ignore) discover
[1.893s] Level 1:colcon.colcon_core.package_discovery:discover_packages(ignore) using defaults
[1.893s] Level 1:colcon.colcon_core.package_discovery:discover_packages(path) discover
[1.893s] Level 1:colcon.colcon_core.package_discovery:discover_packages(path) using defaults
[2.013s] Level 1:colcon.colcon_core.package_discovery:discover_packages(prefix_path) check parameters
[2.014s] Level 1:colcon.colcon_core.package_discovery:discover_packages(prefix_path) discover
[2.026s] DEBUG:colcon.colcon_installed_package_information.package_discovery:Found 1 installed packages in /home/sunrise/jianye_dev/rplidar_ws/install
[2.031s] DEBUG:colcon.colcon_installed_package_information.package_discovery:Found 12 installed packages in /userdata/dev_ws/install
[2.034s] DEBUG:colcon.colcon_installed_package_information.package_discovery:Found 58 installed packages in /opt/tros/humble
[2.120s] DEBUG:colcon.colcon_installed_package_information.package_discovery:Found 261 installed packages in /opt/ros/humble
[2.130s] Level 1:colcon.colcon_core.package_discovery:discover_packages(prefix_path) using defaults
[2.400s] Level 5:colcon.colcon_core.verb:set package 'falldown_alert' build argument 'cmake_args' from command line to 'None'
[2.401s] Level 5:colcon.colcon_core.verb:set package 'falldown_alert' build argument 'cmake_target' from command line to 'None'
[2.401s] Level 5:colcon.colcon_core.verb:set package 'falldown_alert' build argument 'cmake_target_skip_unavailable' from command line to 'False'
[2.401s] Level 5:colcon.colcon_core.verb:set package 'falldown_alert' build argument 'cmake_clean_cache' from command line to 'False'
[2.402s] Level 5:colcon.colcon_core.verb:set package 'falldown_alert' build argument 'cmake_clean_first' from command line to 'False'
[2.402s] Level 5:colcon.colcon_core.verb:set package 'falldown_alert' build argument 'cmake_force_configure' from command line to 'False'
[2.402s] Level 5:colcon.colcon_core.verb:set package 'falldown_alert' build argument 'ament_cmake_args' from command line to 'None'
[2.402s] Level 5:colcon.colcon_core.verb:set package 'falldown_alert' build argument 'catkin_cmake_args' from command line to 'None'
[2.402s] Level 5:colcon.colcon_core.verb:set package 'falldown_alert' build argument 'catkin_skip_building_tests' from command line to 'False'
[2.403s] DEBUG:colcon.colcon_core.verb:Building package 'falldown_alert' with the following arguments: {'ament_cmake_args': None, 'build_base': '/home/sunrise/jianye_dev/falldown_ws/build/falldown_alert', 'catkin_cmake_args': None, 'catkin_skip_building_tests': False, 'cmake_args': None, 'cmake_clean_cache': False, 'cmake_clean_first': False, 'cmake_force_configure': False, 'cmake_target': None, 'cmake_target_skip_unavailable': False, 'install_base': '/home/sunrise/jianye_dev/falldown_ws/install/falldown_alert', 'merge_install': False, 'path': '/home/sunrise/jianye_dev/falldown_ws/src/falldown_alert', 'symlink_install': False, 'test_result_base': None}
[2.403s] INFO:colcon.colcon_core.executor:Executing jobs using 'parallel' executor
[2.409s] DEBUG:colcon.colcon_parallel_executor.executor.parallel:run_until_complete
[2.410s] INFO:colcon.colcon_ros.task.ament_python.build:Building ROS package in '/home/sunrise/jianye_dev/falldown_ws/src/falldown_alert' with build type 'ament_python'
[2.411s] Level 1:colcon.colcon_core.shell:create_environment_hook('falldown_alert', 'ament_prefix_path')
[2.422s] INFO:colcon.colcon_core.plugin_system:Skipping extension 'colcon_core.shell.bat': Not used on non-Windows systems
[2.424s] INFO:colcon.colcon_core.shell:Creating environment hook '/home/sunrise/jianye_dev/falldown_ws/install/falldown_alert/share/falldown_alert/hook/ament_prefix_path.ps1'
[2.428s] INFO:colcon.colcon_core.shell:Creating environment descriptor '/home/sunrise/jianye_dev/falldown_ws/install/falldown_alert/share/falldown_alert/hook/ament_prefix_path.dsv'
[2.431s] INFO:colcon.colcon_core.shell:Creating environment hook '/home/sunrise/jianye_dev/falldown_ws/install/falldown_alert/share/falldown_alert/hook/ament_prefix_path.sh'
[2.437s] INFO:colcon.colcon_core.shell:Skip shell extension 'powershell' for command environment: Not usable outside of PowerShell
[2.437s] DEBUG:colcon.colcon_core.shell:Skip shell extension 'dsv' for command environment
[4.153s] INFO:colcon.colcon_core.task.python.build:Building Python package in '/home/sunrise/jianye_dev/falldown_ws/src/falldown_alert'
[4.155s] INFO:colcon.colcon_core.shell:Skip shell extension 'powershell' for command environment: Not usable outside of PowerShell
[4.155s] DEBUG:colcon.colcon_core.shell:Skip shell extension 'dsv' for command environment
[6.502s] DEBUG:colcon.colcon_core.event_handler.log_command:Invoking command in '/home/sunrise/jianye_dev/falldown_ws/src/falldown_alert': PYTHONPATH=/home/sunrise/jianye_dev/falldown_ws/build/falldown_alert/prefix_override:/usr/lib/python3/dist-packages/colcon_core/task/python/colcon_distutils_commands:/home/sunrise/jianye_dev/falldown_ws/install/falldown_alert/lib/python3.10/site-packages:${PYTHONPATH} /usr/bin/python3 -W ignore:setup.py install is deprecated -W ignore:easy_install command is deprecated setup.py egg_info --egg-base ../../build/falldown_alert build --build-base /home/sunrise/jianye_dev/falldown_ws/build/falldown_alert/build install --record /home/sunrise/jianye_dev/falldown_ws/build/falldown_alert/install.log --single-version-externally-managed install_data
[8.478s] DEBUG:colcon.colcon_core.event_handler.log_command:Invoked command in '/home/sunrise/jianye_dev/falldown_ws/src/falldown_alert' returned '0': PYTHONPATH=/home/sunrise/jianye_dev/falldown_ws/build/falldown_alert/prefix_override:/usr/lib/python3/dist-packages/colcon_core/task/python/colcon_distutils_commands:/home/sunrise/jianye_dev/falldown_ws/install/falldown_alert/lib/python3.10/site-packages:${PYTHONPATH} /usr/bin/python3 -W ignore:setup.py install is deprecated -W ignore:easy_install command is deprecated setup.py egg_info --egg-base ../../build/falldown_alert build --build-base /home/sunrise/jianye_dev/falldown_ws/build/falldown_alert/build install --record /home/sunrise/jianye_dev/falldown_ws/build/falldown_alert/install.log --single-version-externally-managed install_data
[8.521s] Level 1:colcon.colcon_core.environment:checking '/home/sunrise/jianye_dev/falldown_ws/install/falldown_alert' for CMake module files
[8.526s] Level 1:colcon.colcon_core.environment:checking '/home/sunrise/jianye_dev/falldown_ws/install/falldown_alert' for CMake config files
[8.533s] Level 1:colcon.colcon_core.environment:checking '/home/sunrise/jianye_dev/falldown_ws/install/falldown_alert/lib'
[8.535s] Level 1:colcon.colcon_core.environment:checking '/home/sunrise/jianye_dev/falldown_ws/install/falldown_alert/bin'
[8.536s] Level 1:colcon.colcon_core.environment:checking '/home/sunrise/jianye_dev/falldown_ws/install/falldown_alert/lib/pkgconfig/falldown_alert.pc'
[8.539s] Level 1:colcon.colcon_core.environment:checking '/home/sunrise/jianye_dev/falldown_ws/install/falldown_alert/lib/python3.10/site-packages'
[8.540s] Level 1:colcon.colcon_core.shell:create_environment_hook('falldown_alert', 'pythonpath')
[8.543s] INFO:colcon.colcon_core.shell:Creating environment hook '/home/sunrise/jianye_dev/falldown_ws/install/falldown_alert/share/falldown_alert/hook/pythonpath.ps1'
[8.548s] INFO:colcon.colcon_core.shell:Creating environment descriptor '/home/sunrise/jianye_dev/falldown_ws/install/falldown_alert/share/falldown_alert/hook/pythonpath.dsv'
[8.550s] INFO:colcon.colcon_core.shell:Creating environment hook '/home/sunrise/jianye_dev/falldown_ws/install/falldown_alert/share/falldown_alert/hook/pythonpath.sh'
[8.554s] Level 1:colcon.colcon_core.environment:checking '/home/sunrise/jianye_dev/falldown_ws/install/falldown_alert/bin'
[8.555s] Level 1:colcon.colcon_core.environment:create_environment_scripts_only(falldown_alert)
[8.558s] INFO:colcon.colcon_core.shell:Creating package script '/home/sunrise/jianye_dev/falldown_ws/install/falldown_alert/share/falldown_alert/package.ps1'
[8.569s] INFO:colcon.colcon_core.shell:Creating package descriptor '/home/sunrise/jianye_dev/falldown_ws/install/falldown_alert/share/falldown_alert/package.dsv'
[8.574s] INFO:colcon.colcon_core.shell:Creating package script '/home/sunrise/jianye_dev/falldown_ws/install/falldown_alert/share/falldown_alert/package.sh'
[8.580s] INFO:colcon.colcon_core.shell:Creating package script '/home/sunrise/jianye_dev/falldown_ws/install/falldown_alert/share/falldown_alert/package.bash'
[8.585s] INFO:colcon.colcon_core.shell:Creating package script '/home/sunrise/jianye_dev/falldown_ws/install/falldown_alert/share/falldown_alert/package.zsh'
[8.591s] Level 1:colcon.colcon_core.environment:create_file_with_runtime_dependencies(/home/sunrise/jianye_dev/falldown_ws/install/falldown_alert/share/colcon-core/packages/falldown_alert)
[8.593s] DEBUG:colcon.colcon_parallel_executor.executor.parallel:closing loop
[8.594s] DEBUG:colcon.colcon_parallel_executor.executor.parallel:loop closed
[8.595s] DEBUG:colcon.colcon_parallel_executor.executor.parallel:run_until_complete finished with '0'
[8.595s] DEBUG:colcon.colcon_core.event_reactor:joining thread
[8.630s] INFO:colcon.colcon_core.plugin_system:Skipping extension 'colcon_notification.desktop_notification.notify_send': Could not find 'notify-send'
[8.631s] INFO:colcon.colcon_core.plugin_system:Skipping extension 'colcon_notification.desktop_notification.terminal_notifier': Not used on non-Darwin systems
[8.631s] INFO:colcon.colcon_core.plugin_system:Skipping extension 'colcon_notification.desktop_notification.win32': Not used on non-Windows systems
[8.631s] INFO:colcon.colcon_notification.desktop_notification:Sending desktop notification using 'notify2'
[8.653s] DEBUG:colcon.colcon_core.event_reactor:joined thread
[8.655s] INFO:colcon.colcon_core.shell:Creating prefix script '/home/sunrise/jianye_dev/falldown_ws/install/local_setup.ps1'
[8.663s] INFO:colcon.colcon_core.shell:Creating prefix util module '/home/sunrise/jianye_dev/falldown_ws/install/_local_setup_util_ps1.py'
[8.675s] INFO:colcon.colcon_core.shell:Creating prefix chain script '/home/sunrise/jianye_dev/falldown_ws/install/setup.ps1'
[8.686s] INFO:colcon.colcon_core.shell:Creating prefix script '/home/sunrise/jianye_dev/falldown_ws/install/local_setup.sh'
[8.691s] INFO:colcon.colcon_core.shell:Creating prefix util module '/home/sunrise/jianye_dev/falldown_ws/install/_local_setup_util_sh.py'
[8.695s] INFO:colcon.colcon_core.shell:Creating prefix chain script '/home/sunrise/jianye_dev/falldown_ws/install/setup.sh'
[8.706s] INFO:colcon.colcon_core.shell:Creating prefix script '/home/sunrise/jianye_dev/falldown_ws/install/local_setup.bash'
[8.710s] INFO:colcon.colcon_core.shell:Creating prefix chain script '/home/sunrise/jianye_dev/falldown_ws/install/setup.bash'
[8.719s] INFO:colcon.colcon_core.shell:Creating prefix script '/home/sunrise/jianye_dev/falldown_ws/install/local_setup.zsh'
[8.722s] INFO:colcon.colcon_core.shell:Creating prefix chain script '/home/sunrise/jianye_dev/falldown_ws/install/setup.zsh'
