[0.792s] DEBUG:colcon:Command line arguments: ['/usr/bin/colcon', 'build']
[0.792s] DEBUG:colcon:Parsed command line arguments: Namespace(log_base=None, log_level=None, verb_name='build', build_base='build', install_base='install', merge_install=False, symlink_install=False, test_result_base=None, continue_on_error=False, executor='parallel', parallel_workers=8, event_handlers=None, ignore_user_meta=False, metas=['./colcon.meta'], base_paths=['.'], packages_ignore=None, packages_ignore_regex=None, paths=None, packages_up_to=None, packages_up_to_regex=None, packages_above=None, packages_above_and_dependencies=None, packages_above_depth=None, packages_select_by_dep=None, packages_skip_by_dep=None, packages_skip_up_to=None, packages_select_build_failed=False, packages_skip_build_finished=False, packages_select_test_failures=False, packages_skip_test_passed=False, packages_select=None, packages_skip=None, packages_select_regex=None, packages_skip_regex=None, packages_start=None, packages_end=None, allow_overriding=[], cmake_args=None, cmake_target=None, cmake_target_skip_unavailable=False, cmake_clean_cache=False, cmake_clean_first=False, cmake_force_configure=False, ament_cmake_args=None, catkin_cmake_args=None, catkin_skip_building_tests=False, verb_parser=<colcon_defaults.argument_parser.defaults.DefaultArgumentsDecorator object at 0xffff85b214e0>, verb_extension=<colcon_core.verb.build.BuildVerb object at 0xffff85cbb280>, main=<bound method BuildVerb.main of <colcon_core.verb.build.BuildVerb object at 0xffff85cbb280>>)
[2.127s] Level 1:colcon.colcon_core.package_discovery:discover_packages(colcon_meta) check parameters
[2.128s] Level 1:colcon.colcon_core.package_discovery:discover_packages(recursive) check parameters
[2.128s] Level 1:colcon.colcon_core.package_discovery:discover_packages(ignore) check parameters
[2.128s] Level 1:colcon.colcon_core.package_discovery:discover_packages(path) check parameters
[2.129s] Level 1:colcon.colcon_core.package_discovery:discover_packages(colcon_meta) discover
[2.130s] Level 1:colcon.colcon_core.package_discovery:discover_packages(recursive) discover
[2.130s] INFO:colcon.colcon_core.package_discovery:Crawling recursively for packages in '/home/sunrise/jianye_dev/servo_ws'
[2.131s] Level 1:colcon.colcon_core.package_identification:_identify(.) by extensions ['ignore', 'ignore_ament_install']
[2.131s] Level 1:colcon.colcon_core.package_identification:_identify(.) by extension 'ignore'
[2.132s] Level 1:colcon.colcon_core.package_identification:_identify(.) by extension 'ignore_ament_install'
[2.132s] Level 1:colcon.colcon_core.package_identification:_identify(.) by extensions ['colcon_pkg']
[2.132s] Level 1:colcon.colcon_core.package_identification:_identify(.) by extension 'colcon_pkg'
[2.133s] Level 1:colcon.colcon_core.package_identification:_identify(.) by extensions ['colcon_meta']
[2.133s] Level 1:colcon.colcon_core.package_identification:_identify(.) by extension 'colcon_meta'
[2.133s] Level 1:colcon.colcon_core.package_identification:_identify(.) by extensions ['ros']
[2.133s] Level 1:colcon.colcon_core.package_identification:_identify(.) by extension 'ros'
[2.222s] Level 1:colcon.colcon_core.package_identification:_identify(.) by extensions ['cmake', 'python']
[2.223s] Level 1:colcon.colcon_core.package_identification:_identify(.) by extension 'cmake'
[2.223s] Level 1:colcon.colcon_core.package_identification:_identify(.) by extension 'python'
[2.224s] Level 1:colcon.colcon_core.package_identification:_identify(.) by extensions ['python_setup_py']
[2.224s] Level 1:colcon.colcon_core.package_identification:_identify(.) by extension 'python_setup_py'
[2.225s] Level 1:colcon.colcon_core.package_identification:_identify(build) by extensions ['ignore', 'ignore_ament_install']
[2.226s] Level 1:colcon.colcon_core.package_identification:_identify(build) by extension 'ignore'
[2.226s] Level 1:colcon.colcon_core.package_identification:_identify(build) ignored
[2.227s] Level 1:colcon.colcon_core.package_identification:_identify(install) by extensions ['ignore', 'ignore_ament_install']
[2.227s] Level 1:colcon.colcon_core.package_identification:_identify(install) by extension 'ignore'
[2.228s] Level 1:colcon.colcon_core.package_identification:_identify(install) ignored
[2.229s] Level 1:colcon.colcon_core.package_identification:_identify(log) by extensions ['ignore', 'ignore_ament_install']
[2.229s] Level 1:colcon.colcon_core.package_identification:_identify(log) by extension 'ignore'
[2.229s] Level 1:colcon.colcon_core.package_identification:_identify(log) ignored
[2.230s] Level 1:colcon.colcon_core.package_identification:_identify(src) by extensions ['ignore', 'ignore_ament_install']
[2.230s] Level 1:colcon.colcon_core.package_identification:_identify(src) by extension 'ignore'
[2.231s] Level 1:colcon.colcon_core.package_identification:_identify(src) by extension 'ignore_ament_install'
[2.231s] Level 1:colcon.colcon_core.package_identification:_identify(src) by extensions ['colcon_pkg']
[2.231s] Level 1:colcon.colcon_core.package_identification:_identify(src) by extension 'colcon_pkg'
[2.231s] Level 1:colcon.colcon_core.package_identification:_identify(src) by extensions ['colcon_meta']
[2.232s] Level 1:colcon.colcon_core.package_identification:_identify(src) by extension 'colcon_meta'
[2.232s] Level 1:colcon.colcon_core.package_identification:_identify(src) by extensions ['ros']
[2.232s] Level 1:colcon.colcon_core.package_identification:_identify(src) by extension 'ros'
[2.233s] Level 1:colcon.colcon_core.package_identification:_identify(src) by extensions ['cmake', 'python']
[2.233s] Level 1:colcon.colcon_core.package_identification:_identify(src) by extension 'cmake'
[2.233s] Level 1:colcon.colcon_core.package_identification:_identify(src) by extension 'python'
[2.234s] Level 1:colcon.colcon_core.package_identification:_identify(src) by extensions ['python_setup_py']
[2.234s] Level 1:colcon.colcon_core.package_identification:_identify(src) by extension 'python_setup_py'
[2.234s] Level 1:colcon.colcon_core.package_identification:_identify(src/servo_control) by extensions ['ignore', 'ignore_ament_install']
[2.235s] Level 1:colcon.colcon_core.package_identification:_identify(src/servo_control) by extension 'ignore'
[2.235s] Level 1:colcon.colcon_core.package_identification:_identify(src/servo_control) by extension 'ignore_ament_install'
[2.236s] Level 1:colcon.colcon_core.package_identification:_identify(src/servo_control) by extensions ['colcon_pkg']
[2.236s] Level 1:colcon.colcon_core.package_identification:_identify(src/servo_control) by extension 'colcon_pkg'
[2.236s] Level 1:colcon.colcon_core.package_identification:_identify(src/servo_control) by extensions ['colcon_meta']
[2.237s] Level 1:colcon.colcon_core.package_identification:_identify(src/servo_control) by extension 'colcon_meta'
[2.237s] Level 1:colcon.colcon_core.package_identification:_identify(src/servo_control) by extensions ['ros']
[2.237s] Level 1:colcon.colcon_core.package_identification:_identify(src/servo_control) by extension 'ros'
[2.254s] DEBUG:colcon.colcon_core.package_identification:Package 'src/servo_control' with type 'ros.ament_python' and name 'servo_control'
[2.255s] Level 1:colcon.colcon_core.package_discovery:discover_packages(recursive) using defaults
[2.256s] Level 1:colcon.colcon_core.package_discovery:discover_packages(ignore) discover
[2.256s] Level 1:colcon.colcon_core.package_discovery:discover_packages(ignore) using defaults
[2.256s] Level 1:colcon.colcon_core.package_discovery:discover_packages(path) discover
[2.256s] Level 1:colcon.colcon_core.package_discovery:discover_packages(path) using defaults
[2.424s] Level 1:colcon.colcon_core.package_discovery:discover_packages(prefix_path) check parameters
[2.425s] Level 1:colcon.colcon_core.package_discovery:discover_packages(prefix_path) discover
[2.441s] DEBUG:colcon.colcon_installed_package_information.package_discovery:Found 1 installed packages in /home/sunrise/jianye_dev/servo_ws/install
[2.445s] DEBUG:colcon.colcon_installed_package_information.package_discovery:Found 1 installed packages in /home/sunrise/jianye_dev/rplidar_ws/install
[2.450s] DEBUG:colcon.colcon_installed_package_information.package_discovery:Found 12 installed packages in /userdata/dev_ws/install
[2.453s] DEBUG:colcon.colcon_installed_package_information.package_discovery:Found 58 installed packages in /opt/tros/humble
[2.544s] DEBUG:colcon.colcon_installed_package_information.package_discovery:Found 261 installed packages in /opt/ros/humble
[2.556s] Level 1:colcon.colcon_core.package_discovery:discover_packages(prefix_path) using defaults
[2.866s] Level 5:colcon.colcon_core.verb:set package 'servo_control' build argument 'cmake_args' from command line to 'None'
[2.867s] Level 5:colcon.colcon_core.verb:set package 'servo_control' build argument 'cmake_target' from command line to 'None'
[2.867s] Level 5:colcon.colcon_core.verb:set package 'servo_control' build argument 'cmake_target_skip_unavailable' from command line to 'False'
[2.867s] Level 5:colcon.colcon_core.verb:set package 'servo_control' build argument 'cmake_clean_cache' from command line to 'False'
[2.868s] Level 5:colcon.colcon_core.verb:set package 'servo_control' build argument 'cmake_clean_first' from command line to 'False'
[2.868s] Level 5:colcon.colcon_core.verb:set package 'servo_control' build argument 'cmake_force_configure' from command line to 'False'
[2.868s] Level 5:colcon.colcon_core.verb:set package 'servo_control' build argument 'ament_cmake_args' from command line to 'None'
[2.868s] Level 5:colcon.colcon_core.verb:set package 'servo_control' build argument 'catkin_cmake_args' from command line to 'None'
[2.868s] Level 5:colcon.colcon_core.verb:set package 'servo_control' build argument 'catkin_skip_building_tests' from command line to 'False'
[2.869s] DEBUG:colcon.colcon_core.verb:Building package 'servo_control' with the following arguments: {'ament_cmake_args': None, 'build_base': '/home/sunrise/jianye_dev/servo_ws/build/servo_control', 'catkin_cmake_args': None, 'catkin_skip_building_tests': False, 'cmake_args': None, 'cmake_clean_cache': False, 'cmake_clean_first': False, 'cmake_force_configure': False, 'cmake_target': None, 'cmake_target_skip_unavailable': False, 'install_base': '/home/sunrise/jianye_dev/servo_ws/install/servo_control', 'merge_install': False, 'path': '/home/sunrise/jianye_dev/servo_ws/src/servo_control', 'symlink_install': False, 'test_result_base': None}
[2.870s] INFO:colcon.colcon_core.executor:Executing jobs using 'parallel' executor
[2.876s] DEBUG:colcon.colcon_parallel_executor.executor.parallel:run_until_complete
[2.877s] INFO:colcon.colcon_ros.task.ament_python.build:Building ROS package in '/home/sunrise/jianye_dev/servo_ws/src/servo_control' with build type 'ament_python'
[2.878s] Level 1:colcon.colcon_core.shell:create_environment_hook('servo_control', 'ament_prefix_path')
[2.889s] INFO:colcon.colcon_core.plugin_system:Skipping extension 'colcon_core.shell.bat': Not used on non-Windows systems
[2.891s] INFO:colcon.colcon_core.shell:Creating environment hook '/home/sunrise/jianye_dev/servo_ws/install/servo_control/share/servo_control/hook/ament_prefix_path.ps1'
[2.895s] INFO:colcon.colcon_core.shell:Creating environment descriptor '/home/sunrise/jianye_dev/servo_ws/install/servo_control/share/servo_control/hook/ament_prefix_path.dsv'
[2.898s] INFO:colcon.colcon_core.shell:Creating environment hook '/home/sunrise/jianye_dev/servo_ws/install/servo_control/share/servo_control/hook/ament_prefix_path.sh'
[2.903s] INFO:colcon.colcon_core.shell:Skip shell extension 'powershell' for command environment: Not usable outside of PowerShell
[2.904s] DEBUG:colcon.colcon_core.shell:Skip shell extension 'dsv' for command environment
[4.677s] INFO:colcon.colcon_core.task.python.build:Building Python package in '/home/sunrise/jianye_dev/servo_ws/src/servo_control'
[4.679s] INFO:colcon.colcon_core.shell:Skip shell extension 'powershell' for command environment: Not usable outside of PowerShell
[4.679s] DEBUG:colcon.colcon_core.shell:Skip shell extension 'dsv' for command environment
[7.130s] DEBUG:colcon.colcon_core.event_handler.log_command:Invoking command in '/home/sunrise/jianye_dev/servo_ws/src/servo_control': PYTHONPATH=/home/sunrise/jianye_dev/servo_ws/build/servo_control/prefix_override:/usr/lib/python3/dist-packages/colcon_core/task/python/colcon_distutils_commands:/home/sunrise/jianye_dev/servo_ws/install/servo_control/lib/python3.10/site-packages:${PYTHONPATH} /usr/bin/python3 -W ignore:setup.py install is deprecated -W ignore:easy_install command is deprecated setup.py egg_info --egg-base ../../build/servo_control build --build-base /home/sunrise/jianye_dev/servo_ws/build/servo_control/build install --record /home/sunrise/jianye_dev/servo_ws/build/servo_control/install.log --single-version-externally-managed install_data
[9.205s] DEBUG:colcon.colcon_core.event_handler.log_command:Invoked command in '/home/sunrise/jianye_dev/servo_ws/src/servo_control' returned '0': PYTHONPATH=/home/sunrise/jianye_dev/servo_ws/build/servo_control/prefix_override:/usr/lib/python3/dist-packages/colcon_core/task/python/colcon_distutils_commands:/home/sunrise/jianye_dev/servo_ws/install/servo_control/lib/python3.10/site-packages:${PYTHONPATH} /usr/bin/python3 -W ignore:setup.py install is deprecated -W ignore:easy_install command is deprecated setup.py egg_info --egg-base ../../build/servo_control build --build-base /home/sunrise/jianye_dev/servo_ws/build/servo_control/build install --record /home/sunrise/jianye_dev/servo_ws/build/servo_control/install.log --single-version-externally-managed install_data
[9.221s] Level 1:colcon.colcon_core.environment:checking '/home/sunrise/jianye_dev/servo_ws/install/servo_control' for CMake module files
[9.225s] Level 1:colcon.colcon_core.environment:checking '/home/sunrise/jianye_dev/servo_ws/install/servo_control' for CMake config files
[9.230s] Level 1:colcon.colcon_core.environment:checking '/home/sunrise/jianye_dev/servo_ws/install/servo_control/lib'
[9.231s] Level 1:colcon.colcon_core.environment:checking '/home/sunrise/jianye_dev/servo_ws/install/servo_control/bin'
[9.232s] Level 1:colcon.colcon_core.environment:checking '/home/sunrise/jianye_dev/servo_ws/install/servo_control/lib/pkgconfig/servo_control.pc'
[9.233s] Level 1:colcon.colcon_core.environment:checking '/home/sunrise/jianye_dev/servo_ws/install/servo_control/lib/python3.10/site-packages'
[9.234s] Level 1:colcon.colcon_core.shell:create_environment_hook('servo_control', 'pythonpath')
[9.236s] INFO:colcon.colcon_core.shell:Creating environment hook '/home/sunrise/jianye_dev/servo_ws/install/servo_control/share/servo_control/hook/pythonpath.ps1'
[9.239s] INFO:colcon.colcon_core.shell:Creating environment descriptor '/home/sunrise/jianye_dev/servo_ws/install/servo_control/share/servo_control/hook/pythonpath.dsv'
[9.242s] INFO:colcon.colcon_core.shell:Creating environment hook '/home/sunrise/jianye_dev/servo_ws/install/servo_control/share/servo_control/hook/pythonpath.sh'
[9.246s] Level 1:colcon.colcon_core.environment:checking '/home/sunrise/jianye_dev/servo_ws/install/servo_control/bin'
[9.246s] Level 1:colcon.colcon_core.environment:create_environment_scripts_only(servo_control)
[9.249s] INFO:colcon.colcon_core.shell:Creating package script '/home/sunrise/jianye_dev/servo_ws/install/servo_control/share/servo_control/package.ps1'
[9.255s] INFO:colcon.colcon_core.shell:Creating package descriptor '/home/sunrise/jianye_dev/servo_ws/install/servo_control/share/servo_control/package.dsv'
[9.260s] INFO:colcon.colcon_core.shell:Creating package script '/home/sunrise/jianye_dev/servo_ws/install/servo_control/share/servo_control/package.sh'
[9.266s] INFO:colcon.colcon_core.shell:Creating package script '/home/sunrise/jianye_dev/servo_ws/install/servo_control/share/servo_control/package.bash'
[9.272s] INFO:colcon.colcon_core.shell:Creating package script '/home/sunrise/jianye_dev/servo_ws/install/servo_control/share/servo_control/package.zsh'
[9.278s] Level 1:colcon.colcon_core.environment:create_file_with_runtime_dependencies(/home/sunrise/jianye_dev/servo_ws/install/servo_control/share/colcon-core/packages/servo_control)
[9.280s] DEBUG:colcon.colcon_parallel_executor.executor.parallel:closing loop
[9.281s] DEBUG:colcon.colcon_parallel_executor.executor.parallel:loop closed
[9.281s] DEBUG:colcon.colcon_parallel_executor.executor.parallel:run_until_complete finished with '0'
[9.282s] DEBUG:colcon.colcon_core.event_reactor:joining thread
[9.314s] INFO:colcon.colcon_core.plugin_system:Skipping extension 'colcon_notification.desktop_notification.notify_send': Could not find 'notify-send'
[9.315s] INFO:colcon.colcon_core.plugin_system:Skipping extension 'colcon_notification.desktop_notification.terminal_notifier': Not used on non-Darwin systems
[9.316s] INFO:colcon.colcon_core.plugin_system:Skipping extension 'colcon_notification.desktop_notification.win32': Not used on non-Windows systems
[9.316s] INFO:colcon.colcon_notification.desktop_notification:Sending desktop notification using 'notify2'
[9.337s] DEBUG:colcon.colcon_core.event_reactor:joined thread
[9.339s] INFO:colcon.colcon_core.shell:Creating prefix script '/home/sunrise/jianye_dev/servo_ws/install/local_setup.ps1'
[9.345s] INFO:colcon.colcon_core.shell:Creating prefix util module '/home/sunrise/jianye_dev/servo_ws/install/_local_setup_util_ps1.py'
[9.355s] INFO:colcon.colcon_core.shell:Creating prefix chain script '/home/sunrise/jianye_dev/servo_ws/install/setup.ps1'
[9.366s] INFO:colcon.colcon_core.shell:Creating prefix script '/home/sunrise/jianye_dev/servo_ws/install/local_setup.sh'
[9.370s] INFO:colcon.colcon_core.shell:Creating prefix util module '/home/sunrise/jianye_dev/servo_ws/install/_local_setup_util_sh.py'
[9.374s] INFO:colcon.colcon_core.shell:Creating prefix chain script '/home/sunrise/jianye_dev/servo_ws/install/setup.sh'
[9.384s] INFO:colcon.colcon_core.shell:Creating prefix script '/home/sunrise/jianye_dev/servo_ws/install/local_setup.bash'
[9.387s] INFO:colcon.colcon_core.shell:Creating prefix chain script '/home/sunrise/jianye_dev/servo_ws/install/setup.bash'
[9.397s] INFO:colcon.colcon_core.shell:Creating prefix script '/home/sunrise/jianye_dev/servo_ws/install/local_setup.zsh'
[9.400s] INFO:colcon.colcon_core.shell:Creating prefix chain script '/home/sunrise/jianye_dev/servo_ws/install/setup.zsh'
