[0.713s] DEBUG:colcon:Command line arguments: ['/usr/bin/colcon', 'build']
[0.713s] DEBUG:colcon:Parsed command line arguments: Namespace(log_base=None, log_level=None, verb_name='build', build_base='build', install_base='install', merge_install=False, symlink_install=False, test_result_base=None, continue_on_error=False, executor='parallel', parallel_workers=8, event_handlers=None, ignore_user_meta=False, metas=['./colcon.meta'], base_paths=['.'], packages_ignore=None, packages_ignore_regex=None, paths=None, packages_up_to=None, packages_up_to_regex=None, packages_above=None, packages_above_and_dependencies=None, packages_above_depth=None, packages_select_by_dep=None, packages_skip_by_dep=None, packages_skip_up_to=None, packages_select_build_failed=False, packages_skip_build_finished=False, packages_select_test_failures=False, packages_skip_test_passed=False, packages_select=None, packages_skip=None, packages_select_regex=None, packages_skip_regex=None, packages_start=None, packages_end=None, allow_overriding=[], cmake_args=None, cmake_target=None, cmake_target_skip_unavailable=False, cmake_clean_cache=False, cmake_clean_first=False, cmake_force_configure=False, ament_cmake_args=None, catkin_cmake_args=None, catkin_skip_building_tests=False, verb_parser=<colcon_defaults.argument_parser.defaults.DefaultArgumentsDecorator object at 0xffffa416cd30>, verb_extension=<colcon_core.verb.build.BuildVerb object at 0xffffa430ead0>, main=<bound method BuildVerb.main of <colcon_core.verb.build.BuildVerb object at 0xffffa430ead0>>)
[1.869s] Level 1:colcon.colcon_core.package_discovery:discover_packages(colcon_meta) check parameters
[1.869s] Level 1:colcon.colcon_core.package_discovery:discover_packages(recursive) check parameters
[1.870s] Level 1:colcon.colcon_core.package_discovery:discover_packages(ignore) check parameters
[1.870s] Level 1:colcon.colcon_core.package_discovery:discover_packages(path) check parameters
[1.870s] Level 1:colcon.colcon_core.package_discovery:discover_packages(colcon_meta) discover
[1.871s] Level 1:colcon.colcon_core.package_discovery:discover_packages(recursive) discover
[1.871s] INFO:colcon.colcon_core.package_discovery:Crawling recursively for packages in '/home/sunrise/jianye_dev/mono2d_ws'
[1.871s] Level 1:colcon.colcon_core.package_identification:_identify(.) by extensions ['ignore', 'ignore_ament_install']
[1.872s] Level 1:colcon.colcon_core.package_identification:_identify(.) by extension 'ignore'
[1.872s] Level 1:colcon.colcon_core.package_identification:_identify(.) by extension 'ignore_ament_install'
[1.873s] Level 1:colcon.colcon_core.package_identification:_identify(.) by extensions ['colcon_pkg']
[1.873s] Level 1:colcon.colcon_core.package_identification:_identify(.) by extension 'colcon_pkg'
[1.873s] Level 1:colcon.colcon_core.package_identification:_identify(.) by extensions ['colcon_meta']
[1.873s] Level 1:colcon.colcon_core.package_identification:_identify(.) by extension 'colcon_meta'
[1.874s] Level 1:colcon.colcon_core.package_identification:_identify(.) by extensions ['ros']
[1.874s] Level 1:colcon.colcon_core.package_identification:_identify(.) by extension 'ros'
[1.948s] Level 1:colcon.colcon_core.package_identification:_identify(.) by extensions ['cmake', 'python']
[1.949s] Level 1:colcon.colcon_core.package_identification:_identify(.) by extension 'cmake'
[1.949s] Level 1:colcon.colcon_core.package_identification:_identify(.) by extension 'python'
[1.949s] Level 1:colcon.colcon_core.package_identification:_identify(.) by extensions ['python_setup_py']
[1.950s] Level 1:colcon.colcon_core.package_identification:_identify(.) by extension 'python_setup_py'
[1.950s] Level 1:colcon.colcon_core.package_identification:_identify(build) by extensions ['ignore', 'ignore_ament_install']
[1.951s] Level 1:colcon.colcon_core.package_identification:_identify(build) by extension 'ignore'
[1.951s] Level 1:colcon.colcon_core.package_identification:_identify(build) ignored
[1.952s] Level 1:colcon.colcon_core.package_identification:_identify(config) by extensions ['ignore', 'ignore_ament_install']
[1.952s] Level 1:colcon.colcon_core.package_identification:_identify(config) by extension 'ignore'
[1.953s] Level 1:colcon.colcon_core.package_identification:_identify(config) by extension 'ignore_ament_install'
[1.953s] Level 1:colcon.colcon_core.package_identification:_identify(config) by extensions ['colcon_pkg']
[1.953s] Level 1:colcon.colcon_core.package_identification:_identify(config) by extension 'colcon_pkg'
[1.953s] Level 1:colcon.colcon_core.package_identification:_identify(config) by extensions ['colcon_meta']
[1.954s] Level 1:colcon.colcon_core.package_identification:_identify(config) by extension 'colcon_meta'
[1.954s] Level 1:colcon.colcon_core.package_identification:_identify(config) by extensions ['ros']
[1.954s] Level 1:colcon.colcon_core.package_identification:_identify(config) by extension 'ros'
[1.955s] Level 1:colcon.colcon_core.package_identification:_identify(config) by extensions ['cmake', 'python']
[1.955s] Level 1:colcon.colcon_core.package_identification:_identify(config) by extension 'cmake'
[1.955s] Level 1:colcon.colcon_core.package_identification:_identify(config) by extension 'python'
[1.955s] Level 1:colcon.colcon_core.package_identification:_identify(config) by extensions ['python_setup_py']
[1.955s] Level 1:colcon.colcon_core.package_identification:_identify(config) by extension 'python_setup_py'
[1.956s] Level 1:colcon.colcon_core.package_identification:_identify(install) by extensions ['ignore', 'ignore_ament_install']
[1.957s] Level 1:colcon.colcon_core.package_identification:_identify(install) by extension 'ignore'
[1.957s] Level 1:colcon.colcon_core.package_identification:_identify(install) ignored
[1.957s] Level 1:colcon.colcon_core.package_identification:_identify(log) by extensions ['ignore', 'ignore_ament_install']
[1.958s] Level 1:colcon.colcon_core.package_identification:_identify(log) by extension 'ignore'
[1.958s] Level 1:colcon.colcon_core.package_identification:_identify(log) ignored
[1.959s] Level 1:colcon.colcon_core.package_identification:_identify(src) by extensions ['ignore', 'ignore_ament_install']
[1.959s] Level 1:colcon.colcon_core.package_identification:_identify(src) by extension 'ignore'
[1.959s] Level 1:colcon.colcon_core.package_identification:_identify(src) by extension 'ignore_ament_install'
[1.960s] Level 1:colcon.colcon_core.package_identification:_identify(src) by extensions ['colcon_pkg']
[1.960s] Level 1:colcon.colcon_core.package_identification:_identify(src) by extension 'colcon_pkg'
[1.960s] Level 1:colcon.colcon_core.package_identification:_identify(src) by extensions ['colcon_meta']
[1.960s] Level 1:colcon.colcon_core.package_identification:_identify(src) by extension 'colcon_meta'
[1.961s] Level 1:colcon.colcon_core.package_identification:_identify(src) by extensions ['ros']
[1.961s] Level 1:colcon.colcon_core.package_identification:_identify(src) by extension 'ros'
[1.961s] Level 1:colcon.colcon_core.package_identification:_identify(src) by extensions ['cmake', 'python']
[1.962s] Level 1:colcon.colcon_core.package_identification:_identify(src) by extension 'cmake'
[1.962s] Level 1:colcon.colcon_core.package_identification:_identify(src) by extension 'python'
[1.962s] Level 1:colcon.colcon_core.package_identification:_identify(src) by extensions ['python_setup_py']
[1.962s] Level 1:colcon.colcon_core.package_identification:_identify(src) by extension 'python_setup_py'
[1.963s] Level 1:colcon.colcon_core.package_identification:_identify(src/body_follow) by extensions ['ignore', 'ignore_ament_install']
[1.963s] Level 1:colcon.colcon_core.package_identification:_identify(src/body_follow) by extension 'ignore'
[1.964s] Level 1:colcon.colcon_core.package_identification:_identify(src/body_follow) by extension 'ignore_ament_install'
[1.964s] Level 1:colcon.colcon_core.package_identification:_identify(src/body_follow) by extensions ['colcon_pkg']
[1.964s] Level 1:colcon.colcon_core.package_identification:_identify(src/body_follow) by extension 'colcon_pkg'
[1.965s] Level 1:colcon.colcon_core.package_identification:_identify(src/body_follow) by extensions ['colcon_meta']
[1.965s] Level 1:colcon.colcon_core.package_identification:_identify(src/body_follow) by extension 'colcon_meta'
[1.965s] Level 1:colcon.colcon_core.package_identification:_identify(src/body_follow) by extensions ['ros']
[1.965s] Level 1:colcon.colcon_core.package_identification:_identify(src/body_follow) by extension 'ros'
[1.980s] DEBUG:colcon.colcon_core.package_identification:Package 'src/body_follow' with type 'ros.ament_cmake' and name 'body_follow'
[1.981s] Level 1:colcon.colcon_core.package_discovery:discover_packages(recursive) using defaults
[1.981s] Level 1:colcon.colcon_core.package_discovery:discover_packages(ignore) discover
[1.982s] Level 1:colcon.colcon_core.package_discovery:discover_packages(ignore) using defaults
[1.982s] Level 1:colcon.colcon_core.package_discovery:discover_packages(path) discover
[1.982s] Level 1:colcon.colcon_core.package_discovery:discover_packages(path) using defaults
[2.101s] Level 1:colcon.colcon_core.package_discovery:discover_packages(prefix_path) check parameters
[2.101s] Level 1:colcon.colcon_core.package_discovery:discover_packages(prefix_path) discover
[2.114s] DEBUG:colcon.colcon_installed_package_information.package_discovery:Found 1 installed packages in /home/sunrise/jianye_dev/mono2d_ws/install
[2.119s] DEBUG:colcon.colcon_installed_package_information.package_discovery:Found 12 installed packages in /userdata/dev_ws/install
[2.122s] DEBUG:colcon.colcon_installed_package_information.package_discovery:Found 1 installed packages in /home/sunrise/jianye_dev/rplidar_ws/install
[2.125s] DEBUG:colcon.colcon_installed_package_information.package_discovery:Found 51 installed packages in /opt/tros/humble
[2.135s] DEBUG:colcon.colcon_installed_package_information.package_discovery:Found 261 installed packages in /opt/ros/humble
[2.233s] Level 1:colcon.colcon_core.package_discovery:discover_packages(prefix_path) using defaults
[2.529s] Level 5:colcon.colcon_core.verb:set package 'body_follow' build argument 'cmake_args' from command line to 'None'
[2.529s] Level 5:colcon.colcon_core.verb:set package 'body_follow' build argument 'cmake_target' from command line to 'None'
[2.530s] Level 5:colcon.colcon_core.verb:set package 'body_follow' build argument 'cmake_target_skip_unavailable' from command line to 'False'
[2.530s] Level 5:colcon.colcon_core.verb:set package 'body_follow' build argument 'cmake_clean_cache' from command line to 'False'
[2.530s] Level 5:colcon.colcon_core.verb:set package 'body_follow' build argument 'cmake_clean_first' from command line to 'False'
[2.530s] Level 5:colcon.colcon_core.verb:set package 'body_follow' build argument 'cmake_force_configure' from command line to 'False'
[2.531s] Level 5:colcon.colcon_core.verb:set package 'body_follow' build argument 'ament_cmake_args' from command line to 'None'
[2.531s] Level 5:colcon.colcon_core.verb:set package 'body_follow' build argument 'catkin_cmake_args' from command line to 'None'
[2.531s] Level 5:colcon.colcon_core.verb:set package 'body_follow' build argument 'catkin_skip_building_tests' from command line to 'False'
[2.531s] DEBUG:colcon.colcon_core.verb:Building package 'body_follow' with the following arguments: {'ament_cmake_args': None, 'build_base': '/home/sunrise/jianye_dev/mono2d_ws/build/body_follow', 'catkin_cmake_args': None, 'catkin_skip_building_tests': False, 'cmake_args': None, 'cmake_clean_cache': False, 'cmake_clean_first': False, 'cmake_force_configure': False, 'cmake_target': None, 'cmake_target_skip_unavailable': False, 'install_base': '/home/sunrise/jianye_dev/mono2d_ws/install/body_follow', 'merge_install': False, 'path': '/home/sunrise/jianye_dev/mono2d_ws/src/body_follow', 'symlink_install': False, 'test_result_base': None}
[2.532s] INFO:colcon.colcon_core.executor:Executing jobs using 'parallel' executor
[2.537s] DEBUG:colcon.colcon_parallel_executor.executor.parallel:run_until_complete
[2.538s] INFO:colcon.colcon_ros.task.ament_cmake.build:Building ROS package in '/home/sunrise/jianye_dev/mono2d_ws/src/body_follow' with build type 'ament_cmake'
[2.539s] INFO:colcon.colcon_cmake.task.cmake.build:Building CMake package in '/home/sunrise/jianye_dev/mono2d_ws/src/body_follow'
[2.551s] INFO:colcon.colcon_core.plugin_system:Skipping extension 'colcon_core.shell.bat': Not used on non-Windows systems
[2.553s] INFO:colcon.colcon_core.shell:Skip shell extension 'powershell' for command environment: Not usable outside of PowerShell
[2.553s] DEBUG:colcon.colcon_core.shell:Skip shell extension 'dsv' for command environment
[2.604s] DEBUG:colcon.colcon_core.event_handler.log_command:Invoking command in '/home/sunrise/jianye_dev/mono2d_ws/build/body_follow': CMAKE_PREFIX_PATH=${CMAKE_PREFIX_PATH}:/userdata/dev_ws/install/vlm:/userdata/dev_ws/install/qr_code_detection:/userdata/dev_ws/install/origincar_capimage:/opt/tros/humble:/opt/ros/humble /usr/bin/cmake --build /home/sunrise/jianye_dev/mono2d_ws/build/body_follow -- -j8 -l8
[32.382s] DEBUG:colcon.colcon_core.event_handler.log_command:Invoked command in '/home/sunrise/jianye_dev/mono2d_ws/build/body_follow' returned '2': CMAKE_PREFIX_PATH=${CMAKE_PREFIX_PATH}:/userdata/dev_ws/install/vlm:/userdata/dev_ws/install/qr_code_detection:/userdata/dev_ws/install/origincar_capimage:/opt/tros/humble:/opt/ros/humble /usr/bin/cmake --build /home/sunrise/jianye_dev/mono2d_ws/build/body_follow -- -j8 -l8
[32.384s] Level 1:colcon.colcon_core.environment:create_environment_scripts_only(body_follow)
[32.418s] Level 1:colcon.colcon_core.environment:checking '/home/sunrise/jianye_dev/mono2d_ws/install/body_follow' for CMake module files
[32.425s] Level 1:colcon.colcon_core.environment:checking '/home/sunrise/jianye_dev/mono2d_ws/install/body_follow' for CMake config files
[32.428s] Level 1:colcon.colcon_core.shell:create_environment_hook('body_follow', 'cmake_prefix_path')
[32.431s] INFO:colcon.colcon_core.shell:Creating environment hook '/home/sunrise/jianye_dev/mono2d_ws/install/body_follow/share/body_follow/hook/cmake_prefix_path.ps1'
[32.438s] INFO:colcon.colcon_core.shell:Creating environment descriptor '/home/sunrise/jianye_dev/mono2d_ws/install/body_follow/share/body_follow/hook/cmake_prefix_path.dsv'
[32.444s] INFO:colcon.colcon_core.shell:Creating environment hook '/home/sunrise/jianye_dev/mono2d_ws/install/body_follow/share/body_follow/hook/cmake_prefix_path.sh'
[32.453s] Level 1:colcon.colcon_core.environment:checking '/home/sunrise/jianye_dev/mono2d_ws/install/body_follow/lib'
[32.455s] Level 1:colcon.colcon_core.environment:checking '/home/sunrise/jianye_dev/mono2d_ws/install/body_follow/bin'
[32.455s] Level 1:colcon.colcon_core.environment:checking '/home/sunrise/jianye_dev/mono2d_ws/install/body_follow/lib/pkgconfig/body_follow.pc'
[32.457s] Level 1:colcon.colcon_core.environment:checking '/home/sunrise/jianye_dev/mono2d_ws/install/body_follow/lib/python3.10/site-packages'
[32.459s] Level 1:colcon.colcon_core.environment:checking '/home/sunrise/jianye_dev/mono2d_ws/install/body_follow/bin'
[32.462s] INFO:colcon.colcon_core.shell:Creating package script '/home/sunrise/jianye_dev/mono2d_ws/install/body_follow/share/body_follow/package.ps1'
[32.469s] INFO:colcon.colcon_core.shell:Creating package descriptor '/home/sunrise/jianye_dev/mono2d_ws/install/body_follow/share/body_follow/package.dsv'
[32.473s] INFO:colcon.colcon_core.shell:Creating package script '/home/sunrise/jianye_dev/mono2d_ws/install/body_follow/share/body_follow/package.sh'
[32.479s] INFO:colcon.colcon_core.shell:Creating package script '/home/sunrise/jianye_dev/mono2d_ws/install/body_follow/share/body_follow/package.bash'
[32.485s] INFO:colcon.colcon_core.shell:Creating package script '/home/sunrise/jianye_dev/mono2d_ws/install/body_follow/share/body_follow/package.zsh'
[32.492s] Level 1:colcon.colcon_core.environment:create_file_with_runtime_dependencies(/home/sunrise/jianye_dev/mono2d_ws/install/body_follow/share/colcon-core/packages/body_follow)
[32.504s] DEBUG:colcon.colcon_parallel_executor.executor.parallel:closing loop
[32.505s] DEBUG:colcon.colcon_parallel_executor.executor.parallel:loop closed
[32.505s] DEBUG:colcon.colcon_parallel_executor.executor.parallel:run_until_complete finished with '2'
[32.506s] DEBUG:colcon.colcon_core.event_reactor:joining thread
[32.535s] INFO:colcon.colcon_core.plugin_system:Skipping extension 'colcon_notification.desktop_notification.notify_send': Could not find 'notify-send'
[32.535s] INFO:colcon.colcon_core.plugin_system:Skipping extension 'colcon_notification.desktop_notification.terminal_notifier': Not used on non-Darwin systems
[32.536s] INFO:colcon.colcon_core.plugin_system:Skipping extension 'colcon_notification.desktop_notification.win32': Not used on non-Windows systems
[32.536s] INFO:colcon.colcon_notification.desktop_notification:Sending desktop notification using 'notify2'
[32.559s] DEBUG:colcon.colcon_core.event_reactor:joined thread
[32.562s] INFO:colcon.colcon_core.shell:Creating prefix script '/home/sunrise/jianye_dev/mono2d_ws/install/local_setup.ps1'
[32.569s] INFO:colcon.colcon_core.shell:Creating prefix util module '/home/sunrise/jianye_dev/mono2d_ws/install/_local_setup_util_ps1.py'
[32.581s] INFO:colcon.colcon_core.shell:Creating prefix chain script '/home/sunrise/jianye_dev/mono2d_ws/install/setup.ps1'
[32.592s] INFO:colcon.colcon_core.shell:Creating prefix script '/home/sunrise/jianye_dev/mono2d_ws/install/local_setup.sh'
[32.596s] INFO:colcon.colcon_core.shell:Creating prefix util module '/home/sunrise/jianye_dev/mono2d_ws/install/_local_setup_util_sh.py'
[32.601s] INFO:colcon.colcon_core.shell:Creating prefix chain script '/home/sunrise/jianye_dev/mono2d_ws/install/setup.sh'
[32.613s] INFO:colcon.colcon_core.shell:Creating prefix script '/home/sunrise/jianye_dev/mono2d_ws/install/local_setup.bash'
[32.617s] INFO:colcon.colcon_core.shell:Creating prefix chain script '/home/sunrise/jianye_dev/mono2d_ws/install/setup.bash'
[32.628s] INFO:colcon.colcon_core.shell:Creating prefix script '/home/sunrise/jianye_dev/mono2d_ws/install/local_setup.zsh'
[32.632s] INFO:colcon.colcon_core.shell:Creating prefix chain script '/home/sunrise/jianye_dev/mono2d_ws/install/setup.zsh'
