[0.652s] DEBUG:colcon:Command line arguments: ['/usr/bin/colcon', 'build']
[0.652s] DEBUG:colcon:Parsed command line arguments: Namespace(log_base=None, log_level=None, verb_name='build', build_base='build', install_base='install', merge_install=False, symlink_install=False, test_result_base=None, continue_on_error=False, executor='parallel', parallel_workers=8, event_handlers=None, ignore_user_meta=False, metas=['./colcon.meta'], base_paths=['.'], packages_ignore=None, packages_ignore_regex=None, paths=None, packages_up_to=None, packages_up_to_regex=None, packages_above=None, packages_above_and_dependencies=None, packages_above_depth=None, packages_select_by_dep=None, packages_skip_by_dep=None, packages_skip_up_to=None, packages_select_build_failed=False, packages_skip_build_finished=False, packages_select_test_failures=False, packages_skip_test_passed=False, packages_select=None, packages_skip=None, packages_select_regex=None, packages_skip_regex=None, packages_start=None, packages_end=None, allow_overriding=[], cmake_args=None, cmake_target=None, cmake_target_skip_unavailable=False, cmake_clean_cache=False, cmake_clean_first=False, cmake_force_configure=False, ament_cmake_args=None, catkin_cmake_args=None, catkin_skip_building_tests=False, verb_parser=<colcon_defaults.argument_parser.defaults.DefaultArgumentsDecorator object at 0xffffa78b8d30>, verb_extension=<colcon_core.verb.build.BuildVerb object at 0xffffa7a5ead0>, main=<bound method BuildVerb.main of <colcon_core.verb.build.BuildVerb object at 0xffffa7a5ead0>>)
[1.785s] Level 1:colcon.colcon_core.package_discovery:discover_packages(colcon_meta) check parameters
[1.785s] Level 1:colcon.colcon_core.package_discovery:discover_packages(recursive) check parameters
[1.786s] Level 1:colcon.colcon_core.package_discovery:discover_packages(ignore) check parameters
[1.786s] Level 1:colcon.colcon_core.package_discovery:discover_packages(path) check parameters
[1.786s] Level 1:colcon.colcon_core.package_discovery:discover_packages(colcon_meta) discover
[1.786s] Level 1:colcon.colcon_core.package_discovery:discover_packages(recursive) discover
[1.787s] INFO:colcon.colcon_core.package_discovery:Crawling recursively for packages in '/home/sunrise/jianye_dev/mono2d_ws'
[1.787s] Level 1:colcon.colcon_core.package_identification:_identify(.) by extensions ['ignore', 'ignore_ament_install']
[1.788s] Level 1:colcon.colcon_core.package_identification:_identify(.) by extension 'ignore'
[1.788s] Level 1:colcon.colcon_core.package_identification:_identify(.) by extension 'ignore_ament_install'
[1.788s] Level 1:colcon.colcon_core.package_identification:_identify(.) by extensions ['colcon_pkg']
[1.789s] Level 1:colcon.colcon_core.package_identification:_identify(.) by extension 'colcon_pkg'
[1.789s] Level 1:colcon.colcon_core.package_identification:_identify(.) by extensions ['colcon_meta']
[1.789s] Level 1:colcon.colcon_core.package_identification:_identify(.) by extension 'colcon_meta'
[1.789s] Level 1:colcon.colcon_core.package_identification:_identify(.) by extensions ['ros']
[1.789s] Level 1:colcon.colcon_core.package_identification:_identify(.) by extension 'ros'
[1.867s] Level 1:colcon.colcon_core.package_identification:_identify(.) by extensions ['cmake', 'python']
[1.867s] Level 1:colcon.colcon_core.package_identification:_identify(.) by extension 'cmake'
[1.868s] Level 1:colcon.colcon_core.package_identification:_identify(.) by extension 'python'
[1.868s] Level 1:colcon.colcon_core.package_identification:_identify(.) by extensions ['python_setup_py']
[1.868s] Level 1:colcon.colcon_core.package_identification:_identify(.) by extension 'python_setup_py'
[1.869s] Level 1:colcon.colcon_core.package_identification:_identify(build) by extensions ['ignore', 'ignore_ament_install']
[1.869s] Level 1:colcon.colcon_core.package_identification:_identify(build) by extension 'ignore'
[1.869s] Level 1:colcon.colcon_core.package_identification:_identify(build) ignored
[1.870s] Level 1:colcon.colcon_core.package_identification:_identify(config) by extensions ['ignore', 'ignore_ament_install']
[1.871s] Level 1:colcon.colcon_core.package_identification:_identify(config) by extension 'ignore'
[1.871s] Level 1:colcon.colcon_core.package_identification:_identify(config) by extension 'ignore_ament_install'
[1.871s] Level 1:colcon.colcon_core.package_identification:_identify(config) by extensions ['colcon_pkg']
[1.871s] Level 1:colcon.colcon_core.package_identification:_identify(config) by extension 'colcon_pkg'
[1.872s] Level 1:colcon.colcon_core.package_identification:_identify(config) by extensions ['colcon_meta']
[1.872s] Level 1:colcon.colcon_core.package_identification:_identify(config) by extension 'colcon_meta'
[1.872s] Level 1:colcon.colcon_core.package_identification:_identify(config) by extensions ['ros']
[1.872s] Level 1:colcon.colcon_core.package_identification:_identify(config) by extension 'ros'
[1.873s] Level 1:colcon.colcon_core.package_identification:_identify(config) by extensions ['cmake', 'python']
[1.873s] Level 1:colcon.colcon_core.package_identification:_identify(config) by extension 'cmake'
[1.873s] Level 1:colcon.colcon_core.package_identification:_identify(config) by extension 'python'
[1.874s] Level 1:colcon.colcon_core.package_identification:_identify(config) by extensions ['python_setup_py']
[1.874s] Level 1:colcon.colcon_core.package_identification:_identify(config) by extension 'python_setup_py'
[1.874s] Level 1:colcon.colcon_core.package_identification:_identify(install) by extensions ['ignore', 'ignore_ament_install']
[1.875s] Level 1:colcon.colcon_core.package_identification:_identify(install) by extension 'ignore'
[1.875s] Level 1:colcon.colcon_core.package_identification:_identify(install) ignored
[1.876s] Level 1:colcon.colcon_core.package_identification:_identify(log) by extensions ['ignore', 'ignore_ament_install']
[1.876s] Level 1:colcon.colcon_core.package_identification:_identify(log) by extension 'ignore'
[1.876s] Level 1:colcon.colcon_core.package_identification:_identify(log) ignored
[1.877s] Level 1:colcon.colcon_core.package_identification:_identify(src) by extensions ['ignore', 'ignore_ament_install']
[1.877s] Level 1:colcon.colcon_core.package_identification:_identify(src) by extension 'ignore'
[1.878s] Level 1:colcon.colcon_core.package_identification:_identify(src) by extension 'ignore_ament_install'
[1.878s] Level 1:colcon.colcon_core.package_identification:_identify(src) by extensions ['colcon_pkg']
[1.878s] Level 1:colcon.colcon_core.package_identification:_identify(src) by extension 'colcon_pkg'
[1.878s] Level 1:colcon.colcon_core.package_identification:_identify(src) by extensions ['colcon_meta']
[1.879s] Level 1:colcon.colcon_core.package_identification:_identify(src) by extension 'colcon_meta'
[1.879s] Level 1:colcon.colcon_core.package_identification:_identify(src) by extensions ['ros']
[1.879s] Level 1:colcon.colcon_core.package_identification:_identify(src) by extension 'ros'
[1.879s] Level 1:colcon.colcon_core.package_identification:_identify(src) by extensions ['cmake', 'python']
[1.880s] Level 1:colcon.colcon_core.package_identification:_identify(src) by extension 'cmake'
[1.880s] Level 1:colcon.colcon_core.package_identification:_identify(src) by extension 'python'
[1.880s] Level 1:colcon.colcon_core.package_identification:_identify(src) by extensions ['python_setup_py']
[1.880s] Level 1:colcon.colcon_core.package_identification:_identify(src) by extension 'python_setup_py'
[1.881s] Level 1:colcon.colcon_core.package_identification:_identify(src/body_follow) by extensions ['ignore', 'ignore_ament_install']
[1.881s] Level 1:colcon.colcon_core.package_identification:_identify(src/body_follow) by extension 'ignore'
[1.882s] Level 1:colcon.colcon_core.package_identification:_identify(src/body_follow) by extension 'ignore_ament_install'
[1.882s] Level 1:colcon.colcon_core.package_identification:_identify(src/body_follow) by extensions ['colcon_pkg']
[1.882s] Level 1:colcon.colcon_core.package_identification:_identify(src/body_follow) by extension 'colcon_pkg'
[1.883s] Level 1:colcon.colcon_core.package_identification:_identify(src/body_follow) by extensions ['colcon_meta']
[1.883s] Level 1:colcon.colcon_core.package_identification:_identify(src/body_follow) by extension 'colcon_meta'
[1.883s] Level 1:colcon.colcon_core.package_identification:_identify(src/body_follow) by extensions ['ros']
[1.883s] Level 1:colcon.colcon_core.package_identification:_identify(src/body_follow) by extension 'ros'
[1.898s] DEBUG:colcon.colcon_core.package_identification:Package 'src/body_follow' with type 'ros.ament_cmake' and name 'body_follow'
[1.898s] Level 1:colcon.colcon_core.package_discovery:discover_packages(recursive) using defaults
[1.898s] Level 1:colcon.colcon_core.package_discovery:discover_packages(ignore) discover
[1.899s] Level 1:colcon.colcon_core.package_discovery:discover_packages(ignore) using defaults
[1.899s] Level 1:colcon.colcon_core.package_discovery:discover_packages(path) discover
[1.899s] Level 1:colcon.colcon_core.package_discovery:discover_packages(path) using defaults
[2.013s] Level 1:colcon.colcon_core.package_discovery:discover_packages(prefix_path) check parameters
[2.013s] Level 1:colcon.colcon_core.package_discovery:discover_packages(prefix_path) discover
[2.025s] DEBUG:colcon.colcon_installed_package_information.package_discovery:Found 1 installed packages in /home/sunrise/jianye_dev/mono2d_ws/install
[2.030s] DEBUG:colcon.colcon_installed_package_information.package_discovery:Found 12 installed packages in /userdata/dev_ws/install
[2.034s] DEBUG:colcon.colcon_installed_package_information.package_discovery:Found 1 installed packages in /home/sunrise/jianye_dev/rplidar_ws/install
[2.036s] DEBUG:colcon.colcon_installed_package_information.package_discovery:Found 51 installed packages in /opt/tros/humble
[2.046s] DEBUG:colcon.colcon_installed_package_information.package_discovery:Found 261 installed packages in /opt/ros/humble
[2.143s] Level 1:colcon.colcon_core.package_discovery:discover_packages(prefix_path) using defaults
[2.412s] Level 5:colcon.colcon_core.verb:set package 'body_follow' build argument 'cmake_args' from command line to 'None'
[2.412s] Level 5:colcon.colcon_core.verb:set package 'body_follow' build argument 'cmake_target' from command line to 'None'
[2.413s] Level 5:colcon.colcon_core.verb:set package 'body_follow' build argument 'cmake_target_skip_unavailable' from command line to 'False'
[2.413s] Level 5:colcon.colcon_core.verb:set package 'body_follow' build argument 'cmake_clean_cache' from command line to 'False'
[2.413s] Level 5:colcon.colcon_core.verb:set package 'body_follow' build argument 'cmake_clean_first' from command line to 'False'
[2.413s] Level 5:colcon.colcon_core.verb:set package 'body_follow' build argument 'cmake_force_configure' from command line to 'False'
[2.413s] Level 5:colcon.colcon_core.verb:set package 'body_follow' build argument 'ament_cmake_args' from command line to 'None'
[2.414s] Level 5:colcon.colcon_core.verb:set package 'body_follow' build argument 'catkin_cmake_args' from command line to 'None'
[2.414s] Level 5:colcon.colcon_core.verb:set package 'body_follow' build argument 'catkin_skip_building_tests' from command line to 'False'
[2.414s] DEBUG:colcon.colcon_core.verb:Building package 'body_follow' with the following arguments: {'ament_cmake_args': None, 'build_base': '/home/sunrise/jianye_dev/mono2d_ws/build/body_follow', 'catkin_cmake_args': None, 'catkin_skip_building_tests': False, 'cmake_args': None, 'cmake_clean_cache': False, 'cmake_clean_first': False, 'cmake_force_configure': False, 'cmake_target': None, 'cmake_target_skip_unavailable': False, 'install_base': '/home/sunrise/jianye_dev/mono2d_ws/install/body_follow', 'merge_install': False, 'path': '/home/sunrise/jianye_dev/mono2d_ws/src/body_follow', 'symlink_install': False, 'test_result_base': None}
[2.415s] INFO:colcon.colcon_core.executor:Executing jobs using 'parallel' executor
[2.420s] DEBUG:colcon.colcon_parallel_executor.executor.parallel:run_until_complete
[2.421s] INFO:colcon.colcon_ros.task.ament_cmake.build:Building ROS package in '/home/sunrise/jianye_dev/mono2d_ws/src/body_follow' with build type 'ament_cmake'
[2.422s] INFO:colcon.colcon_cmake.task.cmake.build:Building CMake package in '/home/sunrise/jianye_dev/mono2d_ws/src/body_follow'
[2.433s] INFO:colcon.colcon_core.plugin_system:Skipping extension 'colcon_core.shell.bat': Not used on non-Windows systems
[2.434s] INFO:colcon.colcon_core.shell:Skip shell extension 'powershell' for command environment: Not usable outside of PowerShell
[2.435s] DEBUG:colcon.colcon_core.shell:Skip shell extension 'dsv' for command environment
[2.484s] DEBUG:colcon.colcon_core.event_handler.log_command:Invoking command in '/home/sunrise/jianye_dev/mono2d_ws/build/body_follow': CMAKE_PREFIX_PATH=${CMAKE_PREFIX_PATH}:/userdata/dev_ws/install/vlm:/userdata/dev_ws/install/qr_code_detection:/userdata/dev_ws/install/origincar_capimage:/opt/tros/humble:/opt/ros/humble /usr/bin/cmake --build /home/sunrise/jianye_dev/mono2d_ws/build/body_follow -- -j8 -l8
[60.012s] DEBUG:colcon.colcon_core.event_handler.log_command:Invoked command in '/home/sunrise/jianye_dev/mono2d_ws/build/body_follow' returned '0': CMAKE_PREFIX_PATH=${CMAKE_PREFIX_PATH}:/userdata/dev_ws/install/vlm:/userdata/dev_ws/install/qr_code_detection:/userdata/dev_ws/install/origincar_capimage:/opt/tros/humble:/opt/ros/humble /usr/bin/cmake --build /home/sunrise/jianye_dev/mono2d_ws/build/body_follow -- -j8 -l8
[60.069s] DEBUG:colcon.colcon_core.event_handler.log_command:Invoking command in '/home/sunrise/jianye_dev/mono2d_ws/build/body_follow': CMAKE_PREFIX_PATH=${CMAKE_PREFIX_PATH}:/userdata/dev_ws/install/vlm:/userdata/dev_ws/install/qr_code_detection:/userdata/dev_ws/install/origincar_capimage:/opt/tros/humble:/opt/ros/humble /usr/bin/cmake --install /home/sunrise/jianye_dev/mono2d_ws/build/body_follow
[60.155s] Level 1:colcon.colcon_core.environment:create_environment_scripts_only(body_follow)
[60.158s] DEBUG:colcon.colcon_core.event_handler.log_command:Invoked command in '/home/sunrise/jianye_dev/mono2d_ws/build/body_follow' returned '0': CMAKE_PREFIX_PATH=${CMAKE_PREFIX_PATH}:/userdata/dev_ws/install/vlm:/userdata/dev_ws/install/qr_code_detection:/userdata/dev_ws/install/origincar_capimage:/opt/tros/humble:/opt/ros/humble /usr/bin/cmake --install /home/sunrise/jianye_dev/mono2d_ws/build/body_follow
[60.172s] Level 1:colcon.colcon_core.environment:checking '/home/sunrise/jianye_dev/mono2d_ws/install/body_follow' for CMake module files
[60.175s] Level 1:colcon.colcon_core.environment:checking '/home/sunrise/jianye_dev/mono2d_ws/install/body_follow' for CMake config files
[60.177s] Level 1:colcon.colcon_core.shell:create_environment_hook('body_follow', 'cmake_prefix_path')
[60.178s] INFO:colcon.colcon_core.shell:Creating environment hook '/home/sunrise/jianye_dev/mono2d_ws/install/body_follow/share/body_follow/hook/cmake_prefix_path.ps1'
[60.183s] INFO:colcon.colcon_core.shell:Creating environment descriptor '/home/sunrise/jianye_dev/mono2d_ws/install/body_follow/share/body_follow/hook/cmake_prefix_path.dsv'
[60.186s] INFO:colcon.colcon_core.shell:Creating environment hook '/home/sunrise/jianye_dev/mono2d_ws/install/body_follow/share/body_follow/hook/cmake_prefix_path.sh'
[60.192s] Level 1:colcon.colcon_core.environment:checking '/home/sunrise/jianye_dev/mono2d_ws/install/body_follow/lib'
[60.193s] Level 1:colcon.colcon_core.environment:checking '/home/sunrise/jianye_dev/mono2d_ws/install/body_follow/bin'
[60.194s] Level 1:colcon.colcon_core.environment:checking '/home/sunrise/jianye_dev/mono2d_ws/install/body_follow/lib/pkgconfig/body_follow.pc'
[60.196s] Level 1:colcon.colcon_core.environment:checking '/home/sunrise/jianye_dev/mono2d_ws/install/body_follow/lib/python3.10/site-packages'
[60.197s] Level 1:colcon.colcon_core.environment:checking '/home/sunrise/jianye_dev/mono2d_ws/install/body_follow/bin'
[60.199s] INFO:colcon.colcon_core.shell:Creating package script '/home/sunrise/jianye_dev/mono2d_ws/install/body_follow/share/body_follow/package.ps1'
[60.205s] INFO:colcon.colcon_core.shell:Creating package descriptor '/home/sunrise/jianye_dev/mono2d_ws/install/body_follow/share/body_follow/package.dsv'
[60.209s] INFO:colcon.colcon_core.shell:Creating package script '/home/sunrise/jianye_dev/mono2d_ws/install/body_follow/share/body_follow/package.sh'
[60.214s] INFO:colcon.colcon_core.shell:Creating package script '/home/sunrise/jianye_dev/mono2d_ws/install/body_follow/share/body_follow/package.bash'
[60.220s] INFO:colcon.colcon_core.shell:Creating package script '/home/sunrise/jianye_dev/mono2d_ws/install/body_follow/share/body_follow/package.zsh'
[60.225s] Level 1:colcon.colcon_core.environment:create_file_with_runtime_dependencies(/home/sunrise/jianye_dev/mono2d_ws/install/body_follow/share/colcon-core/packages/body_follow)
[60.228s] Level 1:colcon.colcon_core.environment:create_environment_scripts_only(body_follow)
[60.230s] Level 1:colcon.colcon_core.environment:checking '/home/sunrise/jianye_dev/mono2d_ws/install/body_follow' for CMake module files
[60.233s] Level 1:colcon.colcon_core.environment:checking '/home/sunrise/jianye_dev/mono2d_ws/install/body_follow' for CMake config files
[60.234s] Level 1:colcon.colcon_core.shell:create_environment_hook('body_follow', 'cmake_prefix_path')
[60.236s] INFO:colcon.colcon_core.shell:Creating environment hook '/home/sunrise/jianye_dev/mono2d_ws/install/body_follow/share/body_follow/hook/cmake_prefix_path.ps1'
[60.238s] INFO:colcon.colcon_core.shell:Creating environment descriptor '/home/sunrise/jianye_dev/mono2d_ws/install/body_follow/share/body_follow/hook/cmake_prefix_path.dsv'
[60.241s] INFO:colcon.colcon_core.shell:Creating environment hook '/home/sunrise/jianye_dev/mono2d_ws/install/body_follow/share/body_follow/hook/cmake_prefix_path.sh'
[60.245s] Level 1:colcon.colcon_core.environment:checking '/home/sunrise/jianye_dev/mono2d_ws/install/body_follow/lib'
[60.245s] Level 1:colcon.colcon_core.environment:checking '/home/sunrise/jianye_dev/mono2d_ws/install/body_follow/bin'
[60.246s] Level 1:colcon.colcon_core.environment:checking '/home/sunrise/jianye_dev/mono2d_ws/install/body_follow/lib/pkgconfig/body_follow.pc'
[60.247s] Level 1:colcon.colcon_core.environment:checking '/home/sunrise/jianye_dev/mono2d_ws/install/body_follow/lib/python3.10/site-packages'
[60.249s] Level 1:colcon.colcon_core.environment:checking '/home/sunrise/jianye_dev/mono2d_ws/install/body_follow/bin'
[60.251s] INFO:colcon.colcon_core.shell:Creating package script '/home/sunrise/jianye_dev/mono2d_ws/install/body_follow/share/body_follow/package.ps1'
[60.254s] INFO:colcon.colcon_core.shell:Creating package descriptor '/home/sunrise/jianye_dev/mono2d_ws/install/body_follow/share/body_follow/package.dsv'
[60.257s] INFO:colcon.colcon_core.shell:Creating package script '/home/sunrise/jianye_dev/mono2d_ws/install/body_follow/share/body_follow/package.sh'
[60.260s] INFO:colcon.colcon_core.shell:Creating package script '/home/sunrise/jianye_dev/mono2d_ws/install/body_follow/share/body_follow/package.bash'
[60.262s] INFO:colcon.colcon_core.shell:Creating package script '/home/sunrise/jianye_dev/mono2d_ws/install/body_follow/share/body_follow/package.zsh'
[60.265s] Level 1:colcon.colcon_core.environment:create_file_with_runtime_dependencies(/home/sunrise/jianye_dev/mono2d_ws/install/body_follow/share/colcon-core/packages/body_follow)
[60.267s] DEBUG:colcon.colcon_parallel_executor.executor.parallel:closing loop
[60.268s] DEBUG:colcon.colcon_parallel_executor.executor.parallel:loop closed
[60.268s] DEBUG:colcon.colcon_parallel_executor.executor.parallel:run_until_complete finished with '0'
[60.269s] DEBUG:colcon.colcon_core.event_reactor:joining thread
[60.299s] INFO:colcon.colcon_core.plugin_system:Skipping extension 'colcon_notification.desktop_notification.notify_send': Could not find 'notify-send'
[60.300s] INFO:colcon.colcon_core.plugin_system:Skipping extension 'colcon_notification.desktop_notification.terminal_notifier': Not used on non-Darwin systems
[60.300s] INFO:colcon.colcon_core.plugin_system:Skipping extension 'colcon_notification.desktop_notification.win32': Not used on non-Windows systems
[60.301s] INFO:colcon.colcon_notification.desktop_notification:Sending desktop notification using 'notify2'
[60.321s] DEBUG:colcon.colcon_core.event_reactor:joined thread
[60.323s] INFO:colcon.colcon_core.shell:Creating prefix script '/home/sunrise/jianye_dev/mono2d_ws/install/local_setup.ps1'
[60.329s] INFO:colcon.colcon_core.shell:Creating prefix util module '/home/sunrise/jianye_dev/mono2d_ws/install/_local_setup_util_ps1.py'
[60.340s] INFO:colcon.colcon_core.shell:Creating prefix chain script '/home/sunrise/jianye_dev/mono2d_ws/install/setup.ps1'
[60.350s] INFO:colcon.colcon_core.shell:Creating prefix script '/home/sunrise/jianye_dev/mono2d_ws/install/local_setup.sh'
[60.353s] INFO:colcon.colcon_core.shell:Creating prefix util module '/home/sunrise/jianye_dev/mono2d_ws/install/_local_setup_util_sh.py'
[60.357s] INFO:colcon.colcon_core.shell:Creating prefix chain script '/home/sunrise/jianye_dev/mono2d_ws/install/setup.sh'
[60.367s] INFO:colcon.colcon_core.shell:Creating prefix script '/home/sunrise/jianye_dev/mono2d_ws/install/local_setup.bash'
[60.370s] INFO:colcon.colcon_core.shell:Creating prefix chain script '/home/sunrise/jianye_dev/mono2d_ws/install/setup.bash'
[60.380s] INFO:colcon.colcon_core.shell:Creating prefix script '/home/sunrise/jianye_dev/mono2d_ws/install/local_setup.zsh'
[60.384s] INFO:colcon.colcon_core.shell:Creating prefix chain script '/home/sunrise/jianye_dev/mono2d_ws/install/setup.zsh'
