[4.089s] Invoking command in '/home/sunrise/jianye_dev/falldown_ws/src/falldown_alert': PYTHONPATH=/home/sunrise/jianye_dev/falldown_ws/build/falldown_alert/prefix_override:/usr/lib/python3/dist-packages/colcon_core/task/python/colcon_distutils_commands:/home/sunrise/jianye_dev/falldown_ws/install/falldown_alert/lib/python3.10/site-packages:${PYTHONPATH} /usr/bin/python3 -W ignore:setup.py install is deprecated -W ignore:easy_install command is deprecated setup.py egg_info --egg-base ../../build/falldown_alert build --build-base /home/sunrise/jianye_dev/falldown_ws/build/falldown_alert/build install --record /home/sunrise/jianye_dev/falldown_ws/build/falldown_alert/install.log --single-version-externally-managed install_data
[5.683s] running egg_info
[5.687s] writing ../../build/falldown_alert/falldown_alert.egg-info/PKG-INFO
[5.688s] writing dependency_links to ../../build/falldown_alert/falldown_alert.egg-info/dependency_links.txt
[5.689s] writing entry points to ../../build/falldown_alert/falldown_alert.egg-info/entry_points.txt
[5.690s] writing requirements to ../../build/falldown_alert/falldown_alert.egg-info/requires.txt
[5.690s] writing top-level names to ../../build/falldown_alert/falldown_alert.egg-info/top_level.txt
[5.702s] reading manifest file '../../build/falldown_alert/falldown_alert.egg-info/SOURCES.txt'
[5.706s] writing manifest file '../../build/falldown_alert/falldown_alert.egg-info/SOURCES.txt'
[5.707s] running build
[5.708s] running build_py
[5.709s] running install
[5.710s] running install_lib
[5.717s] running install_data
[5.718s] running install_egg_info
[5.728s] removing '/home/sunrise/jianye_dev/falldown_ws/install/falldown_alert/lib/python3.10/site-packages/falldown_alert-0.0.0-py3.10.egg-info' (and everything under it)
[5.730s] Copying ../../build/falldown_alert/falldown_alert.egg-info to /home/sunrise/jianye_dev/falldown_ws/install/falldown_alert/lib/python3.10/site-packages/falldown_alert-0.0.0-py3.10.egg-info
[5.734s] running install_scripts
[5.855s] Installing falldown_alert script to /home/sunrise/jianye_dev/falldown_ws/install/falldown_alert/lib/falldown_alert
[5.857s] writing list of installed files to '/home/sunrise/jianye_dev/falldown_ws/build/falldown_alert/install.log'
[6.065s] Invoked command in '/home/sunrise/jianye_dev/falldown_ws/src/falldown_alert' returned '0': PYTHONPATH=/home/sunrise/jianye_dev/falldown_ws/build/falldown_alert/prefix_override:/usr/lib/python3/dist-packages/colcon_core/task/python/colcon_distutils_commands:/home/sunrise/jianye_dev/falldown_ws/install/falldown_alert/lib/python3.10/site-packages:${PYTHONPATH} /usr/bin/python3 -W ignore:setup.py install is deprecated -W ignore:easy_install command is deprecated setup.py egg_info --egg-base ../../build/falldown_alert build --build-base /home/sunrise/jianye_dev/falldown_ws/build/falldown_alert/build install --record /home/sunrise/jianye_dev/falldown_ws/build/falldown_alert/install.log --single-version-externally-managed install_data
