[0.650s] DEBUG:colcon:Command line arguments: ['/usr/bin/colcon', 'build']
[0.650s] DEBUG:colcon:Parsed command line arguments: Namespace(log_base=None, log_level=None, verb_name='build', build_base='build', install_base='install', merge_install=False, symlink_install=False, test_result_base=None, continue_on_error=False, executor='parallel', parallel_workers=8, event_handlers=None, ignore_user_meta=False, metas=['./colcon.meta'], base_paths=['.'], packages_ignore=None, packages_ignore_regex=None, paths=None, packages_up_to=None, packages_up_to_regex=None, packages_above=None, packages_above_and_dependencies=None, packages_above_depth=None, packages_select_by_dep=None, packages_skip_by_dep=None, packages_skip_up_to=None, packages_select_build_failed=False, packages_skip_build_finished=False, packages_select_test_failures=False, packages_skip_test_passed=False, packages_select=None, packages_skip=None, packages_select_regex=None, packages_skip_regex=None, packages_start=None, packages_end=None, allow_overriding=[], cmake_args=None, cmake_target=None, cmake_target_skip_unavailable=False, cmake_clean_cache=False, cmake_clean_first=False, cmake_force_configure=False, ament_cmake_args=None, catkin_cmake_args=None, catkin_skip_building_tests=False, verb_parser=<colcon_defaults.argument_parser.defaults.DefaultArgumentsDecorator object at 0xffffb18a8d30>, verb_extension=<colcon_core.verb.build.BuildVerb object at 0xffffb1a4ead0>, main=<bound method BuildVerb.main of <colcon_core.verb.build.BuildVerb object at 0xffffb1a4ead0>>)
[1.781s] Level 1:colcon.colcon_core.package_discovery:discover_packages(colcon_meta) check parameters
[1.781s] Level 1:colcon.colcon_core.package_discovery:discover_packages(recursive) check parameters
[1.782s] Level 1:colcon.colcon_core.package_discovery:discover_packages(ignore) check parameters
[1.782s] Level 1:colcon.colcon_core.package_discovery:discover_packages(path) check parameters
[1.782s] Level 1:colcon.colcon_core.package_discovery:discover_packages(colcon_meta) discover
[1.782s] Level 1:colcon.colcon_core.package_discovery:discover_packages(recursive) discover
[1.783s] INFO:colcon.colcon_core.package_discovery:Crawling recursively for packages in '/home/sunrise/jianye_dev/mono2d_ws'
[1.783s] Level 1:colcon.colcon_core.package_identification:_identify(.) by extensions ['ignore', 'ignore_ament_install']
[1.784s] Level 1:colcon.colcon_core.package_identification:_identify(.) by extension 'ignore'
[1.784s] Level 1:colcon.colcon_core.package_identification:_identify(.) by extension 'ignore_ament_install'
[1.784s] Level 1:colcon.colcon_core.package_identification:_identify(.) by extensions ['colcon_pkg']
[1.784s] Level 1:colcon.colcon_core.package_identification:_identify(.) by extension 'colcon_pkg'
[1.785s] Level 1:colcon.colcon_core.package_identification:_identify(.) by extensions ['colcon_meta']
[1.785s] Level 1:colcon.colcon_core.package_identification:_identify(.) by extension 'colcon_meta'
[1.785s] Level 1:colcon.colcon_core.package_identification:_identify(.) by extensions ['ros']
[1.785s] Level 1:colcon.colcon_core.package_identification:_identify(.) by extension 'ros'
[1.856s] Level 1:colcon.colcon_core.package_identification:_identify(.) by extensions ['cmake', 'python']
[1.857s] Level 1:colcon.colcon_core.package_identification:_identify(.) by extension 'cmake'
[1.857s] Level 1:colcon.colcon_core.package_identification:_identify(.) by extension 'python'
[1.857s] Level 1:colcon.colcon_core.package_identification:_identify(.) by extensions ['python_setup_py']
[1.858s] Level 1:colcon.colcon_core.package_identification:_identify(.) by extension 'python_setup_py'
[1.858s] Level 1:colcon.colcon_core.package_identification:_identify(build) by extensions ['ignore', 'ignore_ament_install']
[1.859s] Level 1:colcon.colcon_core.package_identification:_identify(build) by extension 'ignore'
[1.859s] Level 1:colcon.colcon_core.package_identification:_identify(build) ignored
[1.860s] Level 1:colcon.colcon_core.package_identification:_identify(config) by extensions ['ignore', 'ignore_ament_install']
[1.860s] Level 1:colcon.colcon_core.package_identification:_identify(config) by extension 'ignore'
[1.860s] Level 1:colcon.colcon_core.package_identification:_identify(config) by extension 'ignore_ament_install'
[1.861s] Level 1:colcon.colcon_core.package_identification:_identify(config) by extensions ['colcon_pkg']
[1.861s] Level 1:colcon.colcon_core.package_identification:_identify(config) by extension 'colcon_pkg'
[1.861s] Level 1:colcon.colcon_core.package_identification:_identify(config) by extensions ['colcon_meta']
[1.861s] Level 1:colcon.colcon_core.package_identification:_identify(config) by extension 'colcon_meta'
[1.862s] Level 1:colcon.colcon_core.package_identification:_identify(config) by extensions ['ros']
[1.862s] Level 1:colcon.colcon_core.package_identification:_identify(config) by extension 'ros'
[1.862s] Level 1:colcon.colcon_core.package_identification:_identify(config) by extensions ['cmake', 'python']
[1.863s] Level 1:colcon.colcon_core.package_identification:_identify(config) by extension 'cmake'
[1.863s] Level 1:colcon.colcon_core.package_identification:_identify(config) by extension 'python'
[1.863s] Level 1:colcon.colcon_core.package_identification:_identify(config) by extensions ['python_setup_py']
[1.863s] Level 1:colcon.colcon_core.package_identification:_identify(config) by extension 'python_setup_py'
[1.864s] Level 1:colcon.colcon_core.package_identification:_identify(install) by extensions ['ignore', 'ignore_ament_install']
[1.864s] Level 1:colcon.colcon_core.package_identification:_identify(install) by extension 'ignore'
[1.865s] Level 1:colcon.colcon_core.package_identification:_identify(install) ignored
[1.865s] Level 1:colcon.colcon_core.package_identification:_identify(log) by extensions ['ignore', 'ignore_ament_install']
[1.866s] Level 1:colcon.colcon_core.package_identification:_identify(log) by extension 'ignore'
[1.866s] Level 1:colcon.colcon_core.package_identification:_identify(log) ignored
[1.866s] Level 1:colcon.colcon_core.package_identification:_identify(src) by extensions ['ignore', 'ignore_ament_install']
[1.867s] Level 1:colcon.colcon_core.package_identification:_identify(src) by extension 'ignore'
[1.867s] Level 1:colcon.colcon_core.package_identification:_identify(src) by extension 'ignore_ament_install'
[1.867s] Level 1:colcon.colcon_core.package_identification:_identify(src) by extensions ['colcon_pkg']
[1.867s] Level 1:colcon.colcon_core.package_identification:_identify(src) by extension 'colcon_pkg'
[1.868s] Level 1:colcon.colcon_core.package_identification:_identify(src) by extensions ['colcon_meta']
[1.868s] Level 1:colcon.colcon_core.package_identification:_identify(src) by extension 'colcon_meta'
[1.868s] Level 1:colcon.colcon_core.package_identification:_identify(src) by extensions ['ros']
[1.868s] Level 1:colcon.colcon_core.package_identification:_identify(src) by extension 'ros'
[1.869s] Level 1:colcon.colcon_core.package_identification:_identify(src) by extensions ['cmake', 'python']
[1.869s] Level 1:colcon.colcon_core.package_identification:_identify(src) by extension 'cmake'
[1.869s] Level 1:colcon.colcon_core.package_identification:_identify(src) by extension 'python'
[1.870s] Level 1:colcon.colcon_core.package_identification:_identify(src) by extensions ['python_setup_py']
[1.870s] Level 1:colcon.colcon_core.package_identification:_identify(src) by extension 'python_setup_py'
[1.870s] Level 1:colcon.colcon_core.package_identification:_identify(src/body_follow) by extensions ['ignore', 'ignore_ament_install']
[1.871s] Level 1:colcon.colcon_core.package_identification:_identify(src/body_follow) by extension 'ignore'
[1.871s] Level 1:colcon.colcon_core.package_identification:_identify(src/body_follow) by extension 'ignore_ament_install'
[1.871s] Level 1:colcon.colcon_core.package_identification:_identify(src/body_follow) by extensions ['colcon_pkg']
[1.872s] Level 1:colcon.colcon_core.package_identification:_identify(src/body_follow) by extension 'colcon_pkg'
[1.872s] Level 1:colcon.colcon_core.package_identification:_identify(src/body_follow) by extensions ['colcon_meta']
[1.872s] Level 1:colcon.colcon_core.package_identification:_identify(src/body_follow) by extension 'colcon_meta'
[1.872s] Level 1:colcon.colcon_core.package_identification:_identify(src/body_follow) by extensions ['ros']
[1.873s] Level 1:colcon.colcon_core.package_identification:_identify(src/body_follow) by extension 'ros'
[1.887s] DEBUG:colcon.colcon_core.package_identification:Package 'src/body_follow' with type 'ros.ament_cmake' and name 'body_follow'
[1.887s] Level 1:colcon.colcon_core.package_discovery:discover_packages(recursive) using defaults
[1.888s] Level 1:colcon.colcon_core.package_discovery:discover_packages(ignore) discover
[1.888s] Level 1:colcon.colcon_core.package_discovery:discover_packages(ignore) using defaults
[1.888s] Level 1:colcon.colcon_core.package_discovery:discover_packages(path) discover
[1.888s] Level 1:colcon.colcon_core.package_discovery:discover_packages(path) using defaults
[2.003s] Level 1:colcon.colcon_core.package_discovery:discover_packages(prefix_path) check parameters
[2.004s] Level 1:colcon.colcon_core.package_discovery:discover_packages(prefix_path) discover
[2.016s] DEBUG:colcon.colcon_installed_package_information.package_discovery:Found 1 installed packages in /home/sunrise/jianye_dev/mono2d_ws/install
[2.020s] DEBUG:colcon.colcon_installed_package_information.package_discovery:Found 12 installed packages in /userdata/dev_ws/install
[2.024s] DEBUG:colcon.colcon_installed_package_information.package_discovery:Found 1 installed packages in /home/sunrise/jianye_dev/rplidar_ws/install
[2.026s] DEBUG:colcon.colcon_installed_package_information.package_discovery:Found 51 installed packages in /opt/tros/humble
[2.036s] DEBUG:colcon.colcon_installed_package_information.package_discovery:Found 261 installed packages in /opt/ros/humble
[2.131s] Level 1:colcon.colcon_core.package_discovery:discover_packages(prefix_path) using defaults
[2.402s] Level 5:colcon.colcon_core.verb:set package 'body_follow' build argument 'cmake_args' from command line to 'None'
[2.402s] Level 5:colcon.colcon_core.verb:set package 'body_follow' build argument 'cmake_target' from command line to 'None'
[2.402s] Level 5:colcon.colcon_core.verb:set package 'body_follow' build argument 'cmake_target_skip_unavailable' from command line to 'False'
[2.403s] Level 5:colcon.colcon_core.verb:set package 'body_follow' build argument 'cmake_clean_cache' from command line to 'False'
[2.403s] Level 5:colcon.colcon_core.verb:set package 'body_follow' build argument 'cmake_clean_first' from command line to 'False'
[2.403s] Level 5:colcon.colcon_core.verb:set package 'body_follow' build argument 'cmake_force_configure' from command line to 'False'
[2.403s] Level 5:colcon.colcon_core.verb:set package 'body_follow' build argument 'ament_cmake_args' from command line to 'None'
[2.403s] Level 5:colcon.colcon_core.verb:set package 'body_follow' build argument 'catkin_cmake_args' from command line to 'None'
[2.403s] Level 5:colcon.colcon_core.verb:set package 'body_follow' build argument 'catkin_skip_building_tests' from command line to 'False'
[2.404s] DEBUG:colcon.colcon_core.verb:Building package 'body_follow' with the following arguments: {'ament_cmake_args': None, 'build_base': '/home/sunrise/jianye_dev/mono2d_ws/build/body_follow', 'catkin_cmake_args': None, 'catkin_skip_building_tests': False, 'cmake_args': None, 'cmake_clean_cache': False, 'cmake_clean_first': False, 'cmake_force_configure': False, 'cmake_target': None, 'cmake_target_skip_unavailable': False, 'install_base': '/home/sunrise/jianye_dev/mono2d_ws/install/body_follow', 'merge_install': False, 'path': '/home/sunrise/jianye_dev/mono2d_ws/src/body_follow', 'symlink_install': False, 'test_result_base': None}
[2.405s] INFO:colcon.colcon_core.executor:Executing jobs using 'parallel' executor
[2.410s] DEBUG:colcon.colcon_parallel_executor.executor.parallel:run_until_complete
[2.411s] INFO:colcon.colcon_ros.task.ament_cmake.build:Building ROS package in '/home/sunrise/jianye_dev/mono2d_ws/src/body_follow' with build type 'ament_cmake'
[2.412s] INFO:colcon.colcon_cmake.task.cmake.build:Building CMake package in '/home/sunrise/jianye_dev/mono2d_ws/src/body_follow'
[2.422s] INFO:colcon.colcon_core.plugin_system:Skipping extension 'colcon_core.shell.bat': Not used on non-Windows systems
[2.424s] INFO:colcon.colcon_core.shell:Skip shell extension 'powershell' for command environment: Not usable outside of PowerShell
[2.424s] DEBUG:colcon.colcon_core.shell:Skip shell extension 'dsv' for command environment
[2.474s] DEBUG:colcon.colcon_core.event_handler.log_command:Invoking command in '/home/sunrise/jianye_dev/mono2d_ws/build/body_follow': CMAKE_PREFIX_PATH=${CMAKE_PREFIX_PATH}:/userdata/dev_ws/install/vlm:/userdata/dev_ws/install/qr_code_detection:/userdata/dev_ws/install/origincar_capimage:/opt/tros/humble:/opt/ros/humble /usr/bin/cmake --build /home/sunrise/jianye_dev/mono2d_ws/build/body_follow -- -j8 -l8
[59.412s] DEBUG:colcon.colcon_core.event_handler.log_command:Invoked command in '/home/sunrise/jianye_dev/mono2d_ws/build/body_follow' returned '0': CMAKE_PREFIX_PATH=${CMAKE_PREFIX_PATH}:/userdata/dev_ws/install/vlm:/userdata/dev_ws/install/qr_code_detection:/userdata/dev_ws/install/origincar_capimage:/opt/tros/humble:/opt/ros/humble /usr/bin/cmake --build /home/sunrise/jianye_dev/mono2d_ws/build/body_follow -- -j8 -l8
[59.470s] DEBUG:colcon.colcon_core.event_handler.log_command:Invoking command in '/home/sunrise/jianye_dev/mono2d_ws/build/body_follow': CMAKE_PREFIX_PATH=${CMAKE_PREFIX_PATH}:/userdata/dev_ws/install/vlm:/userdata/dev_ws/install/qr_code_detection:/userdata/dev_ws/install/origincar_capimage:/opt/tros/humble:/opt/ros/humble /usr/bin/cmake --install /home/sunrise/jianye_dev/mono2d_ws/build/body_follow
[59.555s] Level 1:colcon.colcon_core.environment:create_environment_scripts_only(body_follow)
[59.558s] DEBUG:colcon.colcon_core.event_handler.log_command:Invoked command in '/home/sunrise/jianye_dev/mono2d_ws/build/body_follow' returned '0': CMAKE_PREFIX_PATH=${CMAKE_PREFIX_PATH}:/userdata/dev_ws/install/vlm:/userdata/dev_ws/install/qr_code_detection:/userdata/dev_ws/install/origincar_capimage:/opt/tros/humble:/opt/ros/humble /usr/bin/cmake --install /home/sunrise/jianye_dev/mono2d_ws/build/body_follow
[59.572s] Level 1:colcon.colcon_core.environment:checking '/home/sunrise/jianye_dev/mono2d_ws/install/body_follow' for CMake module files
[59.575s] Level 1:colcon.colcon_core.environment:checking '/home/sunrise/jianye_dev/mono2d_ws/install/body_follow' for CMake config files
[59.576s] Level 1:colcon.colcon_core.shell:create_environment_hook('body_follow', 'cmake_prefix_path')
[59.578s] INFO:colcon.colcon_core.shell:Creating environment hook '/home/sunrise/jianye_dev/mono2d_ws/install/body_follow/share/body_follow/hook/cmake_prefix_path.ps1'
[59.582s] INFO:colcon.colcon_core.shell:Creating environment descriptor '/home/sunrise/jianye_dev/mono2d_ws/install/body_follow/share/body_follow/hook/cmake_prefix_path.dsv'
[59.585s] INFO:colcon.colcon_core.shell:Creating environment hook '/home/sunrise/jianye_dev/mono2d_ws/install/body_follow/share/body_follow/hook/cmake_prefix_path.sh'
[59.591s] Level 1:colcon.colcon_core.environment:checking '/home/sunrise/jianye_dev/mono2d_ws/install/body_follow/lib'
[59.592s] Level 1:colcon.colcon_core.environment:checking '/home/sunrise/jianye_dev/mono2d_ws/install/body_follow/bin'
[59.592s] Level 1:colcon.colcon_core.environment:checking '/home/sunrise/jianye_dev/mono2d_ws/install/body_follow/lib/pkgconfig/body_follow.pc'
[59.594s] Level 1:colcon.colcon_core.environment:checking '/home/sunrise/jianye_dev/mono2d_ws/install/body_follow/lib/python3.10/site-packages'
[59.596s] Level 1:colcon.colcon_core.environment:checking '/home/sunrise/jianye_dev/mono2d_ws/install/body_follow/bin'
[59.598s] INFO:colcon.colcon_core.shell:Creating package script '/home/sunrise/jianye_dev/mono2d_ws/install/body_follow/share/body_follow/package.ps1'
[59.604s] INFO:colcon.colcon_core.shell:Creating package descriptor '/home/sunrise/jianye_dev/mono2d_ws/install/body_follow/share/body_follow/package.dsv'
[59.607s] INFO:colcon.colcon_core.shell:Creating package script '/home/sunrise/jianye_dev/mono2d_ws/install/body_follow/share/body_follow/package.sh'
[59.613s] INFO:colcon.colcon_core.shell:Creating package script '/home/sunrise/jianye_dev/mono2d_ws/install/body_follow/share/body_follow/package.bash'
[59.619s] INFO:colcon.colcon_core.shell:Creating package script '/home/sunrise/jianye_dev/mono2d_ws/install/body_follow/share/body_follow/package.zsh'
[59.623s] Level 1:colcon.colcon_core.environment:create_file_with_runtime_dependencies(/home/sunrise/jianye_dev/mono2d_ws/install/body_follow/share/colcon-core/packages/body_follow)
[59.626s] Level 1:colcon.colcon_core.environment:create_environment_scripts_only(body_follow)
[59.628s] Level 1:colcon.colcon_core.environment:checking '/home/sunrise/jianye_dev/mono2d_ws/install/body_follow' for CMake module files
[59.631s] Level 1:colcon.colcon_core.environment:checking '/home/sunrise/jianye_dev/mono2d_ws/install/body_follow' for CMake config files
[59.632s] Level 1:colcon.colcon_core.shell:create_environment_hook('body_follow', 'cmake_prefix_path')
[59.633s] INFO:colcon.colcon_core.shell:Creating environment hook '/home/sunrise/jianye_dev/mono2d_ws/install/body_follow/share/body_follow/hook/cmake_prefix_path.ps1'
[59.636s] INFO:colcon.colcon_core.shell:Creating environment descriptor '/home/sunrise/jianye_dev/mono2d_ws/install/body_follow/share/body_follow/hook/cmake_prefix_path.dsv'
[59.638s] INFO:colcon.colcon_core.shell:Creating environment hook '/home/sunrise/jianye_dev/mono2d_ws/install/body_follow/share/body_follow/hook/cmake_prefix_path.sh'
[59.641s] Level 1:colcon.colcon_core.environment:checking '/home/sunrise/jianye_dev/mono2d_ws/install/body_follow/lib'
[59.642s] Level 1:colcon.colcon_core.environment:checking '/home/sunrise/jianye_dev/mono2d_ws/install/body_follow/bin'
[59.642s] Level 1:colcon.colcon_core.environment:checking '/home/sunrise/jianye_dev/mono2d_ws/install/body_follow/lib/pkgconfig/body_follow.pc'
[59.643s] Level 1:colcon.colcon_core.environment:checking '/home/sunrise/jianye_dev/mono2d_ws/install/body_follow/lib/python3.10/site-packages'
[59.645s] Level 1:colcon.colcon_core.environment:checking '/home/sunrise/jianye_dev/mono2d_ws/install/body_follow/bin'
[59.646s] INFO:colcon.colcon_core.shell:Creating package script '/home/sunrise/jianye_dev/mono2d_ws/install/body_follow/share/body_follow/package.ps1'
[59.650s] INFO:colcon.colcon_core.shell:Creating package descriptor '/home/sunrise/jianye_dev/mono2d_ws/install/body_follow/share/body_follow/package.dsv'
[59.653s] INFO:colcon.colcon_core.shell:Creating package script '/home/sunrise/jianye_dev/mono2d_ws/install/body_follow/share/body_follow/package.sh'
[59.656s] INFO:colcon.colcon_core.shell:Creating package script '/home/sunrise/jianye_dev/mono2d_ws/install/body_follow/share/body_follow/package.bash'
[59.658s] INFO:colcon.colcon_core.shell:Creating package script '/home/sunrise/jianye_dev/mono2d_ws/install/body_follow/share/body_follow/package.zsh'
[59.661s] Level 1:colcon.colcon_core.environment:create_file_with_runtime_dependencies(/home/sunrise/jianye_dev/mono2d_ws/install/body_follow/share/colcon-core/packages/body_follow)
[59.662s] DEBUG:colcon.colcon_parallel_executor.executor.parallel:closing loop
[59.664s] DEBUG:colcon.colcon_parallel_executor.executor.parallel:loop closed
[59.664s] DEBUG:colcon.colcon_parallel_executor.executor.parallel:run_until_complete finished with '0'
[59.664s] DEBUG:colcon.colcon_core.event_reactor:joining thread
[59.697s] INFO:colcon.colcon_core.plugin_system:Skipping extension 'colcon_notification.desktop_notification.notify_send': Could not find 'notify-send'
[59.697s] INFO:colcon.colcon_core.plugin_system:Skipping extension 'colcon_notification.desktop_notification.terminal_notifier': Not used on non-Darwin systems
[59.698s] INFO:colcon.colcon_core.plugin_system:Skipping extension 'colcon_notification.desktop_notification.win32': Not used on non-Windows systems
[59.698s] INFO:colcon.colcon_notification.desktop_notification:Sending desktop notification using 'notify2'
[59.722s] DEBUG:colcon.colcon_core.event_reactor:joined thread
[59.724s] INFO:colcon.colcon_core.shell:Creating prefix script '/home/sunrise/jianye_dev/mono2d_ws/install/local_setup.ps1'
[59.730s] INFO:colcon.colcon_core.shell:Creating prefix util module '/home/sunrise/jianye_dev/mono2d_ws/install/_local_setup_util_ps1.py'
[59.740s] INFO:colcon.colcon_core.shell:Creating prefix chain script '/home/sunrise/jianye_dev/mono2d_ws/install/setup.ps1'
[59.750s] INFO:colcon.colcon_core.shell:Creating prefix script '/home/sunrise/jianye_dev/mono2d_ws/install/local_setup.sh'
[59.754s] INFO:colcon.colcon_core.shell:Creating prefix util module '/home/sunrise/jianye_dev/mono2d_ws/install/_local_setup_util_sh.py'
[59.758s] INFO:colcon.colcon_core.shell:Creating prefix chain script '/home/sunrise/jianye_dev/mono2d_ws/install/setup.sh'
[59.768s] INFO:colcon.colcon_core.shell:Creating prefix script '/home/sunrise/jianye_dev/mono2d_ws/install/local_setup.bash'
[59.771s] INFO:colcon.colcon_core.shell:Creating prefix chain script '/home/sunrise/jianye_dev/mono2d_ws/install/setup.bash'
[59.781s] INFO:colcon.colcon_core.shell:Creating prefix script '/home/sunrise/jianye_dev/mono2d_ws/install/local_setup.zsh'
[59.784s] INFO:colcon.colcon_core.shell:Creating prefix chain script '/home/sunrise/jianye_dev/mono2d_ws/install/setup.zsh'
